2 path.c:128 0xaf5b2a9 24
4 path.c:254 0xaf5b2a9 24
2 path.c:128 0xaf5d4c9 24
1 dynarray.c:84 0xaf5b2a9 24
2 dynarray.c:95 0xaf5d4f9 16
2 path.c:90 0xaf5d529 6
1 path.c:143 0xaf5d549 6
4 path.c:246 0xaf5d549 6
4 path.c:31 0xaf5d529 6
4 dynarray.c:112 0xaf5d4f9 16
4 dynarray.c:113 0xaf5b2a9 24
4 path.c:254 0xaf5d4c9 24
1 dynarray.c:84 0xaf5d4c9 24
2 dynarray.c:95 0xaf5d569 16
1 bdtBad4.c:663 0xaf5d529 1
4 dynarray.c:112 0xaf5d569 16
4 dynarray.c:113 0xaf5d4c9 24
4 bdt_client.c:39 0xaf5d529 1
2 path.c:128 0xaf5d599 24
4 path.c:254 0xaf5d599 24
2 path.c:128 0xaf5d5c9 24
1 dynarray.c:84 0xaf5d599 24
2 dynarray.c:95 0xaf5d5f9 16
4 dynarray.c:112 0xaf5d5f9 16
4 dynarray.c:113 0xaf5d599 24
4 path.c:254 0xaf5d5c9 24
2 path.c:128 0xaf5d629 24
1 dynarray.c:84 0xaf5d5c9 24
2 dynarray.c:95 0xaf5d659 16
2 path.c:90 0xaf5d689 6
2 path.c:90 0xaf5d6a9 7
4 path.c:31 0xaf5d689 6
4 path.c:31 0xaf5d6a9 7
4 dynarray.c:112 0xaf5d659 16
4 dynarray.c:113 0xaf5d5c9 24
4 path.c:254 0xaf5d629 24
2 path.c:128 0xaf5d629 24
1 dynarray.c:84 0xaf5d659 24
2 dynarray.c:95 0xaf5d5c9 16
2 path.c:90 0xaf5d6c9 6
4 path.c:31 0xaf5d6c9 6
4 dynarray.c:112 0xaf5d5c9 16
4 dynarray.c:113 0xaf5d659 24
4 path.c:254 0xaf5d629 24
2 path.c:128 0xaf5d629 24
1 dynarray.c:84 0xaf5d5c9 24
2 dynarray.c:95 0xaf5d659 16
2 path.c:90 0xaf5d6e9 6
1 path.c:143 0xaf5d6c9 6
2 path.c:178 0xaf5d709 24
1 dynarray.c:84 0xaf5d599 24
2 dynarray.c:95 0xaf5d739 16
2 path.c:191 0xaf5d769 6
2 path.c:205 0xaf5d789 6
3 path.c:223 0xaf5d769 0xaf5d769 6 6
1 bdtBad4.c:143 0xaf5d7a9 32
2 path.c:178 0xaf5d7e9 24
1 dynarray.c:84 0xaf5d5f9 24
2 dynarray.c:95 0xaf5d819 16
2 path.c:191 0xaf5d849 6
2 path.c:205 0xaf5d869 6
3 path.c:223 0xaf5d849 0xaf5d849 6 6
4 path.c:246 0xaf5d769 6
4 path.c:31 0xaf5d789 6
4 dynarray.c:112 0xaf5d739 16
4 dynarray.c:113 0xaf5d599 24
4 path.c:254 0xaf5d709 24
4 path.c:246 0xaf5d6c9 6
4 path.c:31 0xaf5d6e9 6
4 dynarray.c:112 0xaf5d659 16
4 dynarray.c:113 0xaf5d5c9 24
4 path.c:254 0xaf5d629 24
2 path.c:128 0xaf5d629 24
1 dynarray.c:84 0xaf5d709 24
2 dynarray.c:95 0xaf5d5c9 16
2 path.c:90 0xaf5d6e9 6
2 path.c:90 0xaf5d889 7
2 path.c:90 0xaf5d8a9 12
3 dynarray.c:69 0xaf5d8c9 0xaf5d5c9 16 32
1 path.c:143 0xaf5d659 25
2 path.c:178 0xaf5d5c9 24
1 dynarray.c:84 0xaf5d599 24
2 dynarray.c:95 0xaf5d909 16
2 path.c:191 0xaf5d939 25
2 path.c:205 0xaf5d969 6
3 path.c:223 0xaf5d939 0xaf5d939 25 6
4 path.c:246 0xaf5d939 6
4 path.c:31 0xaf5d969 6
4 dynarray.c:112 0xaf5d909 16
4 dynarray.c:113 0xaf5d599 24
4 path.c:254 0xaf5d5c9 24
2 path.c:178 0xaf5d5c9 24
1 dynarray.c:84 0xaf5d909 24
2 dynarray.c:95 0xaf5d599 16
2 path.c:191 0xaf5d989 25
2 path.c:205 0xaf5d969 6
2 path.c:205 0xaf5d9b9 7
3 path.c:223 0xaf5d989 0xaf5d989 25 13
4 path.c:246 0xaf5d989 13
4 path.c:31 0xaf5d969 6
4 path.c:31 0xaf5d9b9 7
4 dynarray.c:112 0xaf5d599 16
4 dynarray.c:113 0xaf5d909 24
4 path.c:254 0xaf5d5c9 24
2 path.c:178 0xaf5d5c9 24
1 dynarray.c:84 0xaf5d989 24
2 dynarray.c:95 0xaf5d909 16
2 path.c:191 0xaf5d9d9 25
2 path.c:205 0xaf5d9b9 6
2 path.c:205 0xaf5d969 7
3 path.c:223 0xaf5d9d9 0xaf5d9d9 25 13
1 bdtBad4.c:143 0xaf5da09 32
2 path.c:178 0xaf5da49 24
1 dynarray.c:84 0xaf5d599 24
2 dynarray.c:95 0xaf5da79 16
2 path.c:191 0xaf5daa9 13
2 path.c:205 0xaf5dac9 6
2 path.c:205 0xaf5dae9 7
3 path.c:223 0xaf5daa9 0xaf5daa9 13 13
4 path.c:246 0xaf5d9d9 13
4 path.c:31 0xaf5d9b9 6
4 path.c:31 0xaf5d969 7
4 dynarray.c:112 0xaf5d909 16
4 dynarray.c:113 0xaf5d989 24
4 path.c:254 0xaf5d5c9 24
2 path.c:178 0xaf5d5c9 24
1 dynarray.c:84 0xaf5d9d9 24
2 dynarray.c:95 0xaf5d989 24
2 path.c:191 0xaf5db09 25
2 path.c:205 0xaf5d969 6
2 path.c:205 0xaf5d9b9 7
2 path.c:205 0xaf5db39 12
3 path.c:223 0xaf5db09 0xaf5db09 25 25
1 bdtBad4.c:143 0xaf5db59 32
2 path.c:178 0xaf5db99 24
1 dynarray.c:84 0xaf5d909 24
2 dynarray.c:95 0xaf5dbc9 24
2 path.c:191 0xaf5dbf9 25
2 path.c:205 0xaf5dc29 6
2 path.c:205 0xaf5dc49 7
2 path.c:205 0xaf5dc69 12
3 path.c:223 0xaf5dbf9 0xaf5dbf9 25 25
4 path.c:246 0xaf5db09 25
4 path.c:31 0xaf5d969 6
4 path.c:31 0xaf5d9b9 7
4 path.c:31 0xaf5db39 12
4 dynarray.c:112 0xaf5d989 24
4 dynarray.c:113 0xaf5d9d9 24
4 path.c:254 0xaf5d5c9 24
4 path.c:246 0xaf5d659 25
4 path.c:31 0xaf5d6e9 6
4 path.c:31 0xaf5d889 7
4 path.c:31 0xaf5d8a9 12
4 dynarray.c:112 0xaf5d8c9 32
4 dynarray.c:113 0xaf5d709 24
4 path.c:254 0xaf5d629 24
2 path.c:128 0xaf5d629 24
1 dynarray.c:84 0xaf5db09 24
2 dynarray.c:95 0xaf5d709 16
2 path.c:90 0xaf5d8a9 6
1 path.c:143 0xaf5d6c9 6
2 path.c:178 0xaf5d5c9 24
1 dynarray.c:84 0xaf5d659 24
2 dynarray.c:95 0xaf5d9d9 16
2 path.c:191 0xaf5d889 6
2 path.c:205 0xaf5db39 6
3 path.c:223 0xaf5d889 0xaf5d889 6 6
4 path.c:246 0xaf5d889 6
4 path.c:31 0xaf5db39 6
4 dynarray.c:112 0xaf5d9d9 16
4 dynarray.c:113 0xaf5d659 24
4 path.c:254 0xaf5d5c9 24
4 path.c:246 0xaf5d6c9 6
4 path.c:31 0xaf5d8a9 6
4 dynarray.c:112 0xaf5d709 16
4 dynarray.c:113 0xaf5db09 24
4 path.c:254 0xaf5d629 24
2 path.c:128 0xaf5d629 24
1 dynarray.c:84 0xaf5d989 24
2 dynarray.c:95 0xaf5db09 16
2 path.c:90 0xaf5d8a9 6
2 path.c:90 0xaf5d6c9 7
1 path.c:143 0xaf5d6e9 13
2 path.c:178 0xaf5d5c9 24
1 dynarray.c:84 0xaf5d709 24
2 dynarray.c:95 0xaf5d659 16
2 path.c:191 0xaf5db39 13
2 path.c:205 0xaf5d9b9 6
3 path.c:223 0xaf5db39 0xaf5db39 13 6
4 path.c:246 0xaf5db39 6
4 path.c:31 0xaf5d9b9 6
4 dynarray.c:112 0xaf5d659 16
4 dynarray.c:113 0xaf5d709 24
4 path.c:254 0xaf5d5c9 24
2 path.c:178 0xaf5d5c9 24
1 dynarray.c:84 0xaf5d9d9 24
2 dynarray.c:95 0xaf5d709 16
2 path.c:191 0xaf5d9b9 13
2 path.c:205 0xaf5db39 6
2 path.c:205 0xaf5d969 7
3 path.c:223 0xaf5d9b9 0xaf5d9b9 13 13
4 path.c:246 0xaf5d9b9 13
4 path.c:31 0xaf5db39 6
4 path.c:31 0xaf5d969 7
4 dynarray.c:112 0xaf5d709 16
4 dynarray.c:113 0xaf5d9d9 24
4 path.c:254 0xaf5d5c9 24
4 path.c:246 0xaf5d6e9 13
4 path.c:31 0xaf5d8a9 6
4 path.c:31 0xaf5d6c9 7
4 dynarray.c:112 0xaf5db09 16
4 dynarray.c:113 0xaf5d989 24
4 path.c:254 0xaf5d629 24
2 path.c:128 0xaf5d629 24
1 dynarray.c:84 0xaf5d659 24
2 dynarray.c:95 0xaf5d989 16
2 path.c:90 0xaf5d6c9 6
2 path.c:90 0xaf5d8a9 7
2 path.c:90 0xaf5d6e9 12
3 dynarray.c:69 0xaf5dc89 0xaf5d989 16 32
1 path.c:143 0xaf5db09 25
2 path.c:178 0xaf5d989 24
1 dynarray.c:84 0xaf5d5c9 24
2 dynarray.c:95 0xaf5d9d9 16
2 path.c:191 0xaf5dcc9 25
2 path.c:205 0xaf5d969 6
3 path.c:223 0xaf5dcc9 0xaf5dcc9 25 6
4 path.c:246 0xaf5dcc9 6
4 path.c:31 0xaf5d969 6
4 dynarray.c:112 0xaf5d9d9 16
4 dynarray.c:113 0xaf5d5c9 24
4 path.c:254 0xaf5d989 24
2 path.c:178 0xaf5d989 24
1 dynarray.c:84 0xaf5d709 24
2 dynarray.c:95 0xaf5d5c9 16
2 path.c:191 0xaf5dcc9 25
2 path.c:205 0xaf5d969 6
2 path.c:205 0xaf5db39 7
3 path.c:223 0xaf5dcc9 0xaf5dcc9 25 13
4 path.c:246 0xaf5dcc9 13
4 path.c:31 0xaf5d969 6
4 path.c:31 0xaf5db39 7
4 dynarray.c:112 0xaf5d5c9 16
4 dynarray.c:113 0xaf5d709 24
4 path.c:254 0xaf5d989 24
2 path.c:178 0xaf5d989 24
1 dynarray.c:84 0xaf5d9d9 24
2 dynarray.c:95 0xaf5d709 24
2 path.c:191 0xaf5dcc9 25
2 path.c:205 0xaf5db39 6
2 path.c:205 0xaf5d969 7
2 path.c:205 0xaf5d9b9 12
3 path.c:223 0xaf5dcc9 0xaf5dcc9 25 25
4 path.c:246 0xaf5dcc9 25
4 path.c:31 0xaf5db39 6
4 path.c:31 0xaf5d969 7
4 path.c:31 0xaf5d9b9 12
4 dynarray.c:112 0xaf5d709 24
4 dynarray.c:113 0xaf5d9d9 24
4 path.c:254 0xaf5d989 24
4 path.c:246 0xaf5db09 25
4 path.c:31 0xaf5d6c9 6
4 path.c:31 0xaf5d8a9 7
4 path.c:31 0xaf5d6e9 12
4 dynarray.c:112 0xaf5dc89 32
4 dynarray.c:113 0xaf5d659 24
4 path.c:254 0xaf5d629 24
2 path.c:128 0xaf5d629 24
1 dynarray.c:84 0xaf5d5c9 24
2 dynarray.c:95 0xaf5d659 16
2 path.c:90 0xaf5d6e9 12
1 path.c:143 0xaf5d889 12
2 path.c:178 0xaf5d989 24
1 dynarray.c:84 0xaf5db09 24
2 dynarray.c:95 0xaf5d9d9 16
2 path.c:191 0xaf5d8a9 12
2 path.c:205 0xaf5d9b9 12
3 path.c:223 0xaf5d8a9 0xaf5d8a9 12 12
4 path.c:246 0xaf5d8a9 12
4 path.c:31 0xaf5d9b9 12
4 dynarray.c:112 0xaf5d9d9 16
4 dynarray.c:113 0xaf5db09 24
4 path.c:254 0xaf5d989 24
4 path.c:246 0xaf5d889 12
4 path.c:31 0xaf5d6e9 12
4 dynarray.c:112 0xaf5d659 16
4 dynarray.c:113 0xaf5d5c9 24
4 path.c:254 0xaf5d629 24
2 path.c:128 0xaf5d629 24
1 dynarray.c:84 0xaf5d709 24
2 dynarray.c:95 0xaf5d5c9 16
2 path.c:90 0xaf5d6e9 12
1 path.c:143 0xaf5d6c9 12
2 path.c:178 0xaf5d989 24
1 dynarray.c:84 0xaf5d659 24
2 dynarray.c:95 0xaf5db09 16
2 path.c:191 0xaf5d889 12
2 path.c:205 0xaf5d8a9 12
3 path.c:223 0xaf5d889 0xaf5d889 12 12
4 path.c:246 0xaf5d889 12
4 path.c:31 0xaf5d8a9 12
4 dynarray.c:112 0xaf5db09 16
4 dynarray.c:113 0xaf5d659 24
4 path.c:254 0xaf5d989 24
4 path.c:246 0xaf5d6c9 12
4 path.c:31 0xaf5d6e9 12
4 dynarray.c:112 0xaf5d5c9 16
4 dynarray.c:113 0xaf5d709 24
4 path.c:254 0xaf5d629 24
2 path.c:128 0xaf5d629 24
1 dynarray.c:84 0xaf5d9d9 24
2 dynarray.c:95 0xaf5d709 16
2 path.c:90 0xaf5d6e9 12
1 path.c:143 0xaf5d9b9 12
2 path.c:178 0xaf5d989 24
1 dynarray.c:84 0xaf5d5c9 24
2 dynarray.c:95 0xaf5d659 16
2 path.c:191 0xaf5d6c9 12
2 path.c:205 0xaf5d889 12
3 path.c:223 0xaf5d6c9 0xaf5d6c9 12 12
4 path.c:246 0xaf5d6c9 12
4 path.c:31 0xaf5d889 12
4 dynarray.c:112 0xaf5d659 16
4 dynarray.c:113 0xaf5d5c9 24
4 path.c:254 0xaf5d989 24
4 path.c:246 0xaf5d9b9 12
4 path.c:31 0xaf5d6e9 12
4 dynarray.c:112 0xaf5d709 16
4 dynarray.c:113 0xaf5d9d9 24
4 path.c:254 0xaf5d629 24
2 path.c:128 0xaf5d629 24
1 dynarray.c:84 0xaf5db09 24
2 dynarray.c:95 0xaf5d9d9 16
2 path.c:90 0xaf5d6e9 6
2 path.c:90 0xaf5d9b9 8
1 path.c:143 0xaf5d8a9 14
2 path.c:178 0xaf5d989 24
1 dynarray.c:84 0xaf5d709 24
2 dynarray.c:95 0xaf5d5c9 16
2 path.c:191 0xaf5d889 14
2 path.c:205 0xaf5d969 6
3 path.c:223 0xaf5d889 0xaf5d889 14 6
4 path.c:246 0xaf5d889 6
4 path.c:31 0xaf5d969 6
4 dynarray.c:112 0xaf5d5c9 16
4 dynarray.c:113 0xaf5d709 24
4 path.c:254 0xaf5d989 24
2 path.c:178 0xaf5d989 24
1 dynarray.c:84 0xaf5d659 24
2 dynarray.c:95 0xaf5d709 16
2 path.c:191 0xaf5d969 14
2 path.c:205 0xaf5d889 6
2 path.c:205 0xaf5db39 8
3 path.c:223 0xaf5d969 0xaf5d969 14 14
4 path.c:246 0xaf5d969 14
4 path.c:31 0xaf5d889 6
4 path.c:31 0xaf5db39 8
4 dynarray.c:112 0xaf5d709 16
4 dynarray.c:113 0xaf5d659 24
4 path.c:254 0xaf5d989 24
4 path.c:246 0xaf5d8a9 14
4 path.c:31 0xaf5d6e9 6
4 path.c:31 0xaf5d9b9 8
4 dynarray.c:112 0xaf5d9d9 16
4 dynarray.c:113 0xaf5db09 24
4 path.c:254 0xaf5d629 24
2 path.c:128 0xaf5d629 24
1 dynarray.c:84 0xaf5d5c9 24
2 dynarray.c:95 0xaf5db09 16
2 path.c:90 0xaf5d9b9 6
2 path.c:90 0xaf5d6e9 7
2 path.c:90 0xaf5d8a9 12
3 dynarray.c:69 0xaf5dcf9 0xaf5db09 16 32
1 path.c:143 0xaf5d9d9 25
2 path.c:178 0xaf5db09 24
1 dynarray.c:84 0xaf5d989 24
2 dynarray.c:95 0xaf5d659 16
2 path.c:191 0xaf5dcc9 25
2 path.c:205 0xaf5db39 6
3 path.c:223 0xaf5dcc9 0xaf5dcc9 25 6
4 path.c:246 0xaf5dcc9 6
4 path.c:31 0xaf5db39 6
4 dynarray.c:112 0xaf5d659 16
4 dynarray.c:113 0xaf5d989 24
4 path.c:254 0xaf5db09 24
2 path.c:178 0xaf5db09 24
1 dynarray.c:84 0xaf5d709 24
2 dynarray.c:95 0xaf5d989 16
2 path.c:191 0xaf5dcc9 25
2 path.c:205 0xaf5db39 6
2 path.c:205 0xaf5d889 7
3 path.c:223 0xaf5dcc9 0xaf5dcc9 25 13
4 path.c:246 0xaf5dcc9 13
4 path.c:31 0xaf5db39 6
4 path.c:31 0xaf5d889 7
4 dynarray.c:112 0xaf5d989 16
4 dynarray.c:113 0xaf5d709 24
4 path.c:254 0xaf5db09 24
2 path.c:178 0xaf5db09 24
1 dynarray.c:84 0xaf5d659 24
2 dynarray.c:95 0xaf5d709 24
2 path.c:191 0xaf5dcc9 25
2 path.c:205 0xaf5d889 6
2 path.c:205 0xaf5db39 7
2 path.c:205 0xaf5d969 12
3 path.c:223 0xaf5dcc9 0xaf5dcc9 25 25
4 path.c:246 0xaf5dcc9 25
4 path.c:31 0xaf5d889 6
4 path.c:31 0xaf5db39 7
4 path.c:31 0xaf5d969 12
4 dynarray.c:112 0xaf5d709 24
4 dynarray.c:113 0xaf5d659 24
4 path.c:254 0xaf5db09 24
4 path.c:246 0xaf5d9d9 25
4 path.c:31 0xaf5d9b9 6
4 path.c:31 0xaf5d6e9 7
4 path.c:31 0xaf5d8a9 12
4 dynarray.c:112 0xaf5dcf9 32
4 dynarray.c:113 0xaf5d5c9 24
4 path.c:254 0xaf5d629 24
2 path.c:128 0xaf5d629 24
1 dynarray.c:84 0xaf5d989 24
2 dynarray.c:95 0xaf5d5c9 16
2 path.c:90 0xaf5d8a9 12
2 path.c:90 0xaf5d6e9 6
2 path.c:90 0xaf5d9b9 9
3 dynarray.c:69 0xaf5dd39 0xaf5d5c9 16 32
1 path.c:143 0xaf5d9d9 27
2 path.c:178 0xaf5d5c9 24
1 dynarray.c:84 0xaf5db09 24
2 dynarray.c:95 0xaf5d659 16
2 path.c:191 0xaf5dcc9 27
2 path.c:205 0xaf5d969 12
3 path.c:223 0xaf5dcc9 0xaf5dcc9 27 12
4 path.c:246 0xaf5dcc9 12
4 path.c:31 0xaf5d969 12
4 dynarray.c:112 0xaf5d659 16
4 dynarray.c:113 0xaf5db09 24
4 path.c:254 0xaf5d5c9 24
4 path.c:246 0xaf5d9d9 27
4 path.c:31 0xaf5d8a9 12
4 path.c:31 0xaf5d6e9 6
4 path.c:31 0xaf5d9b9 9
4 dynarray.c:112 0xaf5dd39 32
4 dynarray.c:113 0xaf5d989 24
4 path.c:254 0xaf5d629 24
2 path.c:128 0xaf5d629 24
1 dynarray.c:84 0xaf5d709 24
2 dynarray.c:95 0xaf5d989 16
2 path.c:90 0xaf5d9b9 6
2 path.c:90 0xaf5d6e9 8
1 path.c:143 0xaf5d6c9 14
2 path.c:178 0xaf5d5c9 24
1 dynarray.c:84 0xaf5d9d9 24
2 dynarray.c:95 0xaf5db09 16
2 path.c:191 0xaf5d8a9 14
2 path.c:205 0xaf5db39 6
3 path.c:223 0xaf5d8a9 0xaf5d8a9 14 6
4 path.c:246 0xaf5d8a9 6
4 path.c:31 0xaf5db39 6
4 dynarray.c:112 0xaf5db09 16
4 dynarray.c:113 0xaf5d9d9 24
4 path.c:254 0xaf5d5c9 24
2 path.c:178 0xaf5d5c9 24
1 dynarray.c:84 0xaf5d659 24
2 dynarray.c:95 0xaf5d9d9 16
2 path.c:191 0xaf5db39 14
2 path.c:205 0xaf5d8a9 6
2 path.c:205 0xaf5d889 8
3 path.c:223 0xaf5db39 0xaf5db39 14 14
4 path.c:246 0xaf5db39 14
4 path.c:31 0xaf5d8a9 6
4 path.c:31 0xaf5d889 8
4 dynarray.c:112 0xaf5d9d9 16
4 dynarray.c:113 0xaf5d659 24
4 path.c:254 0xaf5d5c9 24
2 path.c:178 0xaf5d5c9 24
1 dynarray.c:84 0xaf5db09 24
2 dynarray.c:95 0xaf5d659 16
2 path.c:191 0xaf5d889 14
2 path.c:205 0xaf5d8a9 6
2 path.c:205 0xaf5db39 8
3 path.c:223 0xaf5d889 0xaf5d889 14 14
1 bdtBad4.c:143 0xaf5dd39 32
2 path.c:178 0xaf5dcc9 24
1 dynarray.c:84 0xaf5d9d9 24
2 dynarray.c:95 0xaf5dd79 16
2 path.c:191 0xaf5dda9 14
2 path.c:205 0xaf5ddc9 6
2 path.c:205 0xaf5dde9 8
3 path.c:223 0xaf5dda9 0xaf5dda9 14 14
4 path.c:246 0xaf5d889 14
4 path.c:31 0xaf5d8a9 6
4 path.c:31 0xaf5db39 8
4 dynarray.c:112 0xaf5d659 16
4 dynarray.c:113 0xaf5db09 24
4 path.c:254 0xaf5d5c9 24
4 path.c:246 0xaf5d6c9 14
4 path.c:31 0xaf5d9b9 6
4 path.c:31 0xaf5d6e9 8
4 dynarray.c:112 0xaf5d989 16
4 dynarray.c:113 0xaf5d709 24
4 path.c:254 0xaf5d629 24
2 path.c:128 0xaf5d629 24
1 dynarray.c:84 0xaf5d659 24
2 dynarray.c:95 0xaf5d709 16
2 path.c:90 0xaf5d6e9 6
2 path.c:90 0xaf5d9b9 7
1 path.c:143 0xaf5d969 13
2 path.c:178 0xaf5d5c9 24
1 dynarray.c:84 0xaf5d989 24
2 dynarray.c:95 0xaf5db09 16
2 path.c:191 0xaf5d6c9 13
2 path.c:205 0xaf5d8a9 6
3 path.c:223 0xaf5d6c9 0xaf5d6c9 13 6
4 path.c:246 0xaf5d6c9 6
4 path.c:31 0xaf5d8a9 6
4 dynarray.c:112 0xaf5db09 16
4 dynarray.c:113 0xaf5d989 24
4 path.c:254 0xaf5d5c9 24
2 path.c:178 0xaf5d5c9 24
1 dynarray.c:84 0xaf5db09 24
2 dynarray.c:95 0xaf5d989 16
2 path.c:191 0xaf5d8a9 13
2 path.c:205 0xaf5d6c9 6
2 path.c:205 0xaf5d889 7
3 path.c:223 0xaf5d8a9 0xaf5d8a9 13 13
4 path.c:246 0xaf5d8a9 13
4 path.c:31 0xaf5d6c9 6
4 path.c:31 0xaf5d889 7
4 dynarray.c:112 0xaf5d989 16
4 dynarray.c:113 0xaf5db09 24
4 path.c:254 0xaf5d5c9 24
2 path.c:178 0xaf5d5c9 24
1 dynarray.c:84 0xaf5d989 24
2 dynarray.c:95 0xaf5db09 16
2 path.c:191 0xaf5d889 13
2 path.c:205 0xaf5d6c9 6
2 path.c:205 0xaf5d8a9 7
3 path.c:223 0xaf5d889 0xaf5d889 13 13
1 bdtBad4.c:143 0xaf5dcf9 32
2 path.c:178 0xaf5de09 24
1 dynarray.c:84 0xaf5d939 24
2 dynarray.c:95 0xaf5de39 16
2 path.c:191 0xaf5de69 13
2 path.c:205 0xaf5de89 6
2 path.c:205 0xaf5dea9 7
3 path.c:223 0xaf5de69 0xaf5de69 13 13
4 path.c:246 0xaf5de69 13
4 path.c:31 0xaf5de89 6
4 path.c:31 0xaf5dea9 7
4 dynarray.c:112 0xaf5de39 16
4 dynarray.c:113 0xaf5d939 24
4 path.c:254 0xaf5de09 24
4 bdtBad4.c:193 0xaf5dcf9 32
4 path.c:246 0xaf5d969 13
4 path.c:31 0xaf5d6e9 6
4 path.c:31 0xaf5d9b9 7
4 dynarray.c:112 0xaf5d709 16
4 dynarray.c:113 0xaf5d659 24
4 path.c:254 0xaf5d629 24
4 path.c:246 0xaf5d889 13
4 path.c:31 0xaf5d6c9 6
4 path.c:31 0xaf5d8a9 7
4 dynarray.c:112 0xaf5db09 16
4 dynarray.c:113 0xaf5d989 24
4 path.c:254 0xaf5d5c9 24
2 path.c:128 0xaf5d5c9 24
1 dynarray.c:84 0xaf5d939 24
2 dynarray.c:95 0xaf5d989 16
2 path.c:90 0xaf5d8a9 6
2 path.c:90 0xaf5d6c9 4
2 path.c:90 0xaf5d889 5
3 dynarray.c:69 0xaf5dec9 0xaf5d989 16 32
2 path.c:90 0xaf5d9b9 7
1 path.c:143 0xaf5db09 22
2 path.c:178 0xaf5d989 24
1 dynarray.c:84 0xaf5d629 24
2 dynarray.c:95 0xaf5d659 16
2 path.c:191 0xaf5de09 22
2 path.c:205 0xaf5d6e9 6
3 path.c:223 0xaf5de09 0xaf5de09 22 6
4 path.c:246 0xaf5de09 6
4 path.c:31 0xaf5d6e9 6
4 dynarray.c:112 0xaf5d659 16
4 dynarray.c:113 0xaf5d629 24
4 path.c:254 0xaf5d989 24
2 path.c:178 0xaf5d989 24
1 dynarray.c:84 0xaf5d709 24
2 dynarray.c:95 0xaf5d629 16
2 path.c:191 0xaf5de09 22
2 path.c:205 0xaf5d6e9 6
2 path.c:205 0xaf5d969 4
3 path.c:223 0xaf5de09 0xaf5de09 22 10
4 path.c:246 0xaf5de09 10
4 path.c:31 0xaf5d6e9 6
4 path.c:31 0xaf5d969 4
4 dynarray.c:112 0xaf5d629 16
4 dynarray.c:113 0xaf5d709 24
4 path.c:254 0xaf5d989 24
2 path.c:178 0xaf5d989 24
1 dynarray.c:84 0xaf5d659 24
2 dynarray.c:95 0xaf5d709 16
2 path.c:191 0xaf5de09 22
2 path.c:205 0xaf5d969 6
2 path.c:205 0xaf5d6e9 4
3 path.c:223 0xaf5de09 0xaf5de09 22 10
1 bdtBad4.c:143 0xaf5dcf9 32
2 path.c:178 0xaf5df09 24
1 dynarray.c:84 0xaf5d629 24
2 dynarray.c:95 0xaf5df39 16
2 path.c:191 0xaf5dea9 10
2 path.c:205 0xaf5de89 6
2 path.c:205 0xaf5de69 4
3 path.c:223 0xaf5dea9 0xaf5dea9 10 10
4 path.c:246 0xaf5dea9 10
4 path.c:31 0xaf5de89 6
4 path.c:31 0xaf5de69 4
4 dynarray.c:112 0xaf5df39 16
4 dynarray.c:113 0xaf5d629 24
4 path.c:254 0xaf5df09 24
4 bdtBad4.c:193 0xaf5dcf9 32
4 path.c:246 0xaf5db09 22
4 path.c:31 0xaf5d8a9 6
4 path.c:31 0xaf5d6c9 4
4 path.c:31 0xaf5d889 5
4 path.c:31 0xaf5d9b9 7
4 dynarray.c:112 0xaf5dec9 32
4 dynarray.c:113 0xaf5d939 24
4 path.c:254 0xaf5d5c9 24
4 path.c:246 0xaf5de09 10
4 path.c:31 0xaf5d969 6
4 path.c:31 0xaf5d6e9 4
4 dynarray.c:112 0xaf5d709 16
4 dynarray.c:113 0xaf5d659 24
4 path.c:254 0xaf5d989 24
2 path.c:128 0xaf5d989 24
1 dynarray.c:84 0xaf5df39 24
2 dynarray.c:95 0xaf5d659 16
2 path.c:90 0xaf5d6e9 6
1 path.c:143 0xaf5db39 6
2 path.c:178 0xaf5de09 24
1 dynarray.c:84 0xaf5d709 24
2 dynarray.c:95 0xaf5d5c9 16
2 path.c:191 0xaf5d969 6
2 path.c:205 0xaf5d889 6
3 path.c:223 0xaf5d969 0xaf5d969 6 6
4 path.c:246 0xaf5d969 6
4 path.c:31 0xaf5d889 6
4 dynarray.c:112 0xaf5d5c9 16
4 dynarray.c:113 0xaf5d709 24
4 path.c:254 0xaf5de09 24
4 path.c:246 0xaf5db39 6
4 path.c:31 0xaf5d6e9 6
4 dynarray.c:112 0xaf5d659 16
4 dynarray.c:113 0xaf5df39 24
4 path.c:254 0xaf5d989 24
2 path.c:128 0xaf5d989 24
1 dynarray.c:84 0xaf5d939 24
2 dynarray.c:95 0xaf5df39 16
2 path.c:90 0xaf5d6e9 6
2 path.c:90 0xaf5db39 7
1 path.c:143 0xaf5d9b9 13
2 path.c:178 0xaf5de09 24
1 dynarray.c:84 0xaf5d659 24
2 dynarray.c:95 0xaf5d709 16
2 path.c:191 0xaf5d889 13
2 path.c:205 0xaf5d6c9 6
3 path.c:223 0xaf5d889 0xaf5d889 13 6
4 path.c:246 0xaf5d889 6
4 path.c:31 0xaf5d6c9 6
4 dynarray.c:112 0xaf5d709 16
4 dynarray.c:113 0xaf5d659 24
4 path.c:254 0xaf5de09 24
2 path.c:178 0xaf5de09 24
1 dynarray.c:84 0xaf5d5c9 24
2 dynarray.c:95 0xaf5d659 16
2 path.c:191 0xaf5d6c9 13
2 path.c:205 0xaf5d889 6
2 path.c:205 0xaf5d8a9 7
3 path.c:223 0xaf5d6c9 0xaf5d6c9 13 13
4 path.c:246 0xaf5d6c9 13
4 path.c:31 0xaf5d889 6
4 path.c:31 0xaf5d8a9 7
4 dynarray.c:112 0xaf5d659 16
4 dynarray.c:113 0xaf5d5c9 24
4 path.c:254 0xaf5de09 24
4 path.c:246 0xaf5d9b9 13
4 path.c:31 0xaf5d6e9 6
4 path.c:31 0xaf5db39 7
4 dynarray.c:112 0xaf5df39 16
4 dynarray.c:113 0xaf5d939 24
4 path.c:254 0xaf5d989 24
2 path.c:128 0xaf5d989 24
1 dynarray.c:84 0xaf5d709 24
2 dynarray.c:95 0xaf5d939 16
2 path.c:90 0xaf5db39 6
2 path.c:90 0xaf5d6e9 8
1 path.c:143 0xaf5d969 14
2 path.c:178 0xaf5de09 24
1 dynarray.c:84 0xaf5df39 24
2 dynarray.c:95 0xaf5d5c9 16
2 path.c:191 0xaf5d9b9 14
2 path.c:205 0xaf5d889 6
3 path.c:223 0xaf5d9b9 0xaf5d9b9 14 6
4 path.c:246 0xaf5d9b9 6
4 path.c:31 0xaf5d889 6
4 dynarray.c:112 0xaf5d5c9 16
4 dynarray.c:113 0xaf5df39 24
4 path.c:254 0xaf5de09 24
2 path.c:178 0xaf5de09 24
1 dynarray.c:84 0xaf5d659 24
2 dynarray.c:95 0xaf5df39 16
2 path.c:191 0xaf5d889 14
2 path.c:205 0xaf5d9b9 6
2 path.c:205 0xaf5d6c9 8
3 path.c:223 0xaf5d889 0xaf5d889 14 14
4 path.c:246 0xaf5d889 14
4 path.c:31 0xaf5d9b9 6
4 path.c:31 0xaf5d6c9 8
4 dynarray.c:112 0xaf5df39 16
4 dynarray.c:113 0xaf5d659 24
4 path.c:254 0xaf5de09 24
4 path.c:246 0xaf5d969 14
4 path.c:31 0xaf5db39 6
4 path.c:31 0xaf5d6e9 8
4 dynarray.c:112 0xaf5d939 16
4 dynarray.c:113 0xaf5d709 24
4 path.c:254 0xaf5d989 24
2 path.c:128 0xaf5d989 24
1 dynarray.c:84 0xaf5d5c9 24
2 dynarray.c:95 0xaf5d709 16
2 path.c:90 0xaf5d6e9 6
2 path.c:90 0xaf5db39 7
1 path.c:143 0xaf5d8a9 13
2 path.c:178 0xaf5de09 24
1 dynarray.c:84 0xaf5d939 24
2 dynarray.c:95 0xaf5d659 16
2 path.c:191 0xaf5d969 13
2 path.c:205 0xaf5d9b9 6
3 path.c:223 0xaf5d969 0xaf5d969 13 6
4 path.c:246 0xaf5d969 6
4 path.c:31 0xaf5d9b9 6
4 dynarray.c:112 0xaf5d659 16
4 dynarray.c:113 0xaf5d939 24
4 path.c:254 0xaf5de09 24
2 path.c:178 0xaf5de09 24
1 dynarray.c:84 0xaf5df39 24
2 dynarray.c:95 0xaf5d939 16
2 path.c:191 0xaf5d9b9 13
2 path.c:205 0xaf5d969 6
2 path.c:205 0xaf5d889 7
3 path.c:223 0xaf5d9b9 0xaf5d9b9 13 13
4 path.c:246 0xaf5d9b9 13
4 path.c:31 0xaf5d969 6
4 path.c:31 0xaf5d889 7
4 dynarray.c:112 0xaf5d939 16
4 dynarray.c:113 0xaf5df39 24
4 path.c:254 0xaf5de09 24
4 path.c:246 0xaf5d8a9 13
4 path.c:31 0xaf5d6e9 6
4 path.c:31 0xaf5db39 7
4 dynarray.c:112 0xaf5d709 16
4 dynarray.c:113 0xaf5d5c9 24
4 path.c:254 0xaf5d989 24
2 path.c:128 0xaf5d989 24
1 dynarray.c:84 0xaf5d659 24
2 dynarray.c:95 0xaf5d5c9 16
2 path.c:90 0xaf5db39 6
2 path.c:90 0xaf5d6e9 4
1 path.c:143 0xaf5d6c9 10
2 path.c:178 0xaf5de09 24
1 dynarray.c:84 0xaf5d709 24
2 dynarray.c:95 0xaf5df39 16
2 path.c:191 0xaf5d8a9 10
2 path.c:205 0xaf5d969 6
3 path.c:223 0xaf5d8a9 0xaf5d8a9 10 6
4 path.c:246 0xaf5d8a9 6
4 path.c:31 0xaf5d969 6
4 dynarray.c:112 0xaf5df39 16
4 dynarray.c:113 0xaf5d709 24
4 path.c:254 0xaf5de09 24
2 path.c:178 0xaf5de09 24
1 dynarray.c:84 0xaf5d939 24
2 dynarray.c:95 0xaf5d709 16
2 path.c:191 0xaf5d969 10
2 path.c:205 0xaf5d8a9 6
2 path.c:205 0xaf5d9b9 4
3 path.c:223 0xaf5d969 0xaf5d969 10 10
4 path.c:246 0xaf5d969 10
4 path.c:31 0xaf5d8a9 6
4 path.c:31 0xaf5d9b9 4
4 dynarray.c:112 0xaf5d709 16
4 dynarray.c:113 0xaf5d939 24
4 path.c:254 0xaf5de09 24
4 path.c:246 0xaf5d6c9 10
4 path.c:31 0xaf5db39 6
4 path.c:31 0xaf5d6e9 4
4 dynarray.c:112 0xaf5d5c9 16
4 dynarray.c:113 0xaf5d659 24
4 path.c:254 0xaf5d989 24
2 path.c:128 0xaf5d989 24
1 dynarray.c:84 0xaf5df39 24
2 dynarray.c:95 0xaf5d659 16
2 path.c:90 0xaf5d6e9 6
2 path.c:90 0xaf5db39 4
2 path.c:90 0xaf5d6c9 5
3 dynarray.c:69 0xaf5df69 0xaf5d659 16 32
1 path.c:143 0xaf5d5c9 15
2 path.c:178 0xaf5d659 24
1 dynarray.c:84 0xaf5de09 24
2 dynarray.c:95 0xaf5d939 16
2 path.c:191 0xaf5db09 15
2 path.c:205 0xaf5d9b9 6
3 path.c:223 0xaf5db09 0xaf5db09 15 6
4 path.c:246 0xaf5db09 6
4 path.c:31 0xaf5d9b9 6
4 dynarray.c:112 0xaf5d939 16
4 dynarray.c:113 0xaf5de09 24
4 path.c:254 0xaf5d659 24
2 path.c:178 0xaf5d659 24
1 dynarray.c:84 0xaf5d709 24
2 dynarray.c:95 0xaf5de09 16
2 path.c:191 0xaf5db09 15
2 path.c:205 0xaf5d9b9 6
2 path.c:205 0xaf5d8a9 4
3 path.c:223 0xaf5db09 0xaf5db09 15 10
4 path.c:246 0xaf5db09 10
4 path.c:31 0xaf5d9b9 6
4 path.c:31 0xaf5d8a9 4
4 dynarray.c:112 0xaf5de09 16
4 dynarray.c:113 0xaf5d709 24
4 path.c:254 0xaf5d659 24
4 path.c:246 0xaf5d5c9 15
4 path.c:31 0xaf5d6e9 6
4 path.c:31 0xaf5db39 4
4 path.c:31 0xaf5d6c9 5
4 dynarray.c:112 0xaf5df69 32
4 dynarray.c:113 0xaf5df39 24
4 path.c:254 0xaf5d989 24
2 path.c:128 0xaf5d989 24
1 dynarray.c:84 0xaf5d939 24
2 dynarray.c:95 0xaf5df39 16
2 path.c:90 0xaf5d6c9 6
2 path.c:90 0xaf5db39 4
2 path.c:90 0xaf5d6e9 5
3 dynarray.c:69 0xaf5dfa9 0xaf5df39 16 32
2 path.c:90 0xaf5d8a9 7
1 path.c:143 0xaf5d5c9 22
2 path.c:178 0xaf5df39 24
1 dynarray.c:84 0xaf5d659 24
2 dynarray.c:95 0xaf5d709 16
2 path.c:191 0xaf5db09 22
2 path.c:205 0xaf5d9b9 6
3 path.c:223 0xaf5db09 0xaf5db09 22 6
4 path.c:246 0xaf5db09 6
4 path.c:31 0xaf5d9b9 6
4 dynarray.c:112 0xaf5d709 16
4 dynarray.c:113 0xaf5d659 24
4 path.c:254 0xaf5df39 24
2 path.c:178 0xaf5df39 24
1 dynarray.c:84 0xaf5de09 24
2 dynarray.c:95 0xaf5d659 16
2 path.c:191 0xaf5db09 22
2 path.c:205 0xaf5d9b9 6
2 path.c:205 0xaf5d969 4
3 path.c:223 0xaf5db09 0xaf5db09 22 10
4 path.c:246 0xaf5db09 10
4 path.c:31 0xaf5d9b9 6
4 path.c:31 0xaf5d969 4
4 dynarray.c:112 0xaf5d659 16
4 dynarray.c:113 0xaf5de09 24
4 path.c:254 0xaf5df39 24
4 path.c:246 0xaf5d5c9 22
4 path.c:31 0xaf5d6c9 6
4 path.c:31 0xaf5db39 4
4 path.c:31 0xaf5d6e9 5
4 path.c:31 0xaf5d8a9 7
4 dynarray.c:112 0xaf5dfa9 32
4 dynarray.c:113 0xaf5d939 24
4 path.c:254 0xaf5d989 24
1 dynarray.c:84 0xaf5d709 24
2 dynarray.c:95 0xaf5dfe9 32
1 bdtBad4.c:663 0xaf5e029 55
4 dynarray.c:112 0xaf5dfe9 32
4 dynarray.c:113 0xaf5d709 24
6 bdt_client.c:82 0xaf5e029
4 bdt_client.c:82 0xaf5e029 55
2 path.c:128 0xaf5d989 24
1 dynarray.c:84 0xaf5d709 24
2 dynarray.c:95 0xaf5d939 16
2 path.c:90 0xaf5d8a9 6
2 path.c:90 0xaf5d6e9 7
2 path.c:90 0xaf5db39 12
3 dynarray.c:69 0xaf5e079 0xaf5d939 16 32
1 path.c:143 0xaf5d5c9 25
2 path.c:178 0xaf5d939 24
1 dynarray.c:84 0xaf5df39 24
2 dynarray.c:95 0xaf5de09 16
2 path.c:191 0xaf5db09 25
2 path.c:205 0xaf5d6c9 6
3 path.c:223 0xaf5db09 0xaf5db09 25 6
4 path.c:246 0xaf5db09 6
4 path.c:31 0xaf5d6c9 6
4 dynarray.c:112 0xaf5de09 16
4 dynarray.c:113 0xaf5df39 24
4 path.c:254 0xaf5d939 24
2 path.c:178 0xaf5d939 24
1 dynarray.c:84 0xaf5d659 24
2 dynarray.c:95 0xaf5df39 16
2 path.c:191 0xaf5db09 25
2 path.c:205 0xaf5d6c9 6
2 path.c:205 0xaf5d969 7
3 path.c:223 0xaf5db09 0xaf5db09 25 13
4 path.c:246 0xaf5db09 13
4 path.c:31 0xaf5d6c9 6
4 path.c:31 0xaf5d969 7
4 dynarray.c:112 0xaf5df39 16
4 dynarray.c:113 0xaf5d659 24
4 path.c:254 0xaf5d939 24
2 path.c:178 0xaf5d939 24
1 dynarray.c:84 0xaf5de09 24
2 dynarray.c:95 0xaf5d659 24
2 path.c:191 0xaf5db09 25
2 path.c:205 0xaf5d969 6
2 path.c:205 0xaf5d6c9 7
2 path.c:205 0xaf5d9b9 12
3 path.c:223 0xaf5db09 0xaf5db09 25 25
4 path.c:246 0xaf5db09 25
4 path.c:31 0xaf5d969 6
4 path.c:31 0xaf5d6c9 7
4 path.c:31 0xaf5d9b9 12
4 dynarray.c:112 0xaf5d659 24
4 dynarray.c:113 0xaf5de09 24
4 path.c:254 0xaf5d939 24
4 path.c:246 0xaf5d5c9 25
4 path.c:31 0xaf5d8a9 6
4 path.c:31 0xaf5d6e9 7
4 path.c:31 0xaf5db39 12
4 dynarray.c:112 0xaf5e079 32
4 dynarray.c:113 0xaf5d709 24
4 path.c:254 0xaf5d989 24
2 path.c:128 0xaf5d989 24
1 dynarray.c:84 0xaf5df39 24
2 dynarray.c:95 0xaf5d709 16
2 path.c:90 0xaf5db39 6
2 path.c:90 0xaf5d6e9 8
2 path.c:90 0xaf5d8a9 12
3 dynarray.c:69 0xaf5e079 0xaf5d709 16 32
1 path.c:143 0xaf5d5c9 26
2 path.c:178 0xaf5d709 24
1 dynarray.c:84 0xaf5d939 24
2 dynarray.c:95 0xaf5de09 16
2 path.c:191 0xaf5db09 26
2 path.c:205 0xaf5d9b9 6
3 path.c:223 0xaf5db09 0xaf5db09 26 6
4 path.c:246 0xaf5db09 6
4 path.c:31 0xaf5d9b9 6
4 dynarray.c:112 0xaf5de09 16
4 dynarray.c:113 0xaf5d939 24
4 path.c:254 0xaf5d709 24
2 path.c:178 0xaf5d709 24
1 dynarray.c:84 0xaf5d659 24
2 dynarray.c:95 0xaf5d939 16
2 path.c:191 0xaf5db09 26
2 path.c:205 0xaf5d9b9 6
2 path.c:205 0xaf5d6c9 8
3 path.c:223 0xaf5db09 0xaf5db09 26 14
4 path.c:246 0xaf5db09 14
4 path.c:31 0xaf5d9b9 6
4 path.c:31 0xaf5d6c9 8
4 dynarray.c:112 0xaf5d939 16
4 dynarray.c:113 0xaf5d659 24
4 path.c:254 0xaf5d709 24
2 path.c:178 0xaf5d709 24
1 dynarray.c:84 0xaf5de09 24
2 dynarray.c:95 0xaf5d659 24
2 path.c:191 0xaf5db09 26
2 path.c:205 0xaf5d6c9 6
2 path.c:205 0xaf5d9b9 8
2 path.c:205 0xaf5d969 12
3 path.c:223 0xaf5db09 0xaf5db09 26 26
4 path.c:246 0xaf5db09 26
4 path.c:31 0xaf5d6c9 6
4 path.c:31 0xaf5d9b9 8
4 path.c:31 0xaf5d969 12
4 dynarray.c:112 0xaf5d659 24
4 dynarray.c:113 0xaf5de09 24
4 path.c:254 0xaf5d709 24
4 path.c:246 0xaf5d5c9 26
4 path.c:31 0xaf5db39 6
4 path.c:31 0xaf5d6e9 8
4 path.c:31 0xaf5d8a9 12
4 dynarray.c:112 0xaf5e079 32
4 dynarray.c:113 0xaf5df39 24
4 path.c:254 0xaf5d989 24
2 path.c:128 0xaf5d989 24
1 dynarray.c:84 0xaf5d939 24
2 dynarray.c:95 0xaf5df39 16
2 path.c:90 0xaf5d8a9 6
2 path.c:90 0xaf5d6e9 8
2 path.c:90 0xaf5db39 12
3 dynarray.c:69 0xaf5e079 0xaf5df39 16 32
1 path.c:143 0xaf5d5c9 26
2 path.c:178 0xaf5df39 24
1 dynarray.c:84 0xaf5d709 24
2 dynarray.c:95 0xaf5de09 16
2 path.c:191 0xaf5db09 26
2 path.c:205 0xaf5d969 6
3 path.c:223 0xaf5db09 0xaf5db09 26 6
4 path.c:246 0xaf5db09 6
4 path.c:31 0xaf5d969 6
4 dynarray.c:112 0xaf5de09 16
4 dynarray.c:113 0xaf5d709 24
4 path.c:254 0xaf5df39 24
2 path.c:178 0xaf5df39 24
1 dynarray.c:84 0xaf5d659 24
2 dynarray.c:95 0xaf5d709 16
2 path.c:191 0xaf5db09 26
2 path.c:205 0xaf5d969 6
2 path.c:205 0xaf5d9b9 8
3 path.c:223 0xaf5db09 0xaf5db09 26 14
4 path.c:246 0xaf5db09 14
4 path.c:31 0xaf5d969 6
4 path.c:31 0xaf5d9b9 8
4 dynarray.c:112 0xaf5d709 16
4 dynarray.c:113 0xaf5d659 24
4 path.c:254 0xaf5df39 24
2 path.c:178 0xaf5df39 24
1 dynarray.c:84 0xaf5de09 24
2 dynarray.c:95 0xaf5d659 24
2 path.c:191 0xaf5db09 26
2 path.c:205 0xaf5d9b9 6
2 path.c:205 0xaf5d969 8
2 path.c:205 0xaf5d6c9 12
3 path.c:223 0xaf5db09 0xaf5db09 26 26
4 path.c:246 0xaf5db09 26
4 path.c:31 0xaf5d9b9 6
4 path.c:31 0xaf5d969 8
4 path.c:31 0xaf5d6c9 12
4 dynarray.c:112 0xaf5d659 24
4 dynarray.c:113 0xaf5de09 24
4 path.c:254 0xaf5df39 24
2 path.c:178 0xaf5df39 24
1 dynarray.c:84 0xaf5d709 24
2 dynarray.c:95 0xaf5de09 24
2 path.c:191 0xaf5db09 26
2 path.c:205 0xaf5d6c9 6
2 path.c:205 0xaf5d969 8
2 path.c:205 0xaf5d9b9 12
3 path.c:223 0xaf5db09 0xaf5db09 26 26
1 bdtBad4.c:143 0xaf5dfe9 32
2 path.c:178 0xaf5df09 24
1 dynarray.c:84 0xaf5d659 24
2 dynarray.c:95 0xaf5d629 24
2 path.c:191 0xaf5e0b9 26
2 path.c:205 0xaf5de69 6
2 path.c:205 0xaf5de89 8
2 path.c:205 0xaf5dea9 12
3 path.c:223 0xaf5e0b9 0xaf5e0b9 26 26
4 path.c:246 0xaf5db09 26
4 path.c:31 0xaf5d6c9 6
4 path.c:31 0xaf5d969 8
4 path.c:31 0xaf5d9b9 12
4 dynarray.c:112 0xaf5de09 24
4 dynarray.c:113 0xaf5d709 24
4 path.c:254 0xaf5df39 24
4 path.c:246 0xaf5d5c9 26
4 path.c:31 0xaf5d8a9 6
4 path.c:31 0xaf5d6e9 8
4 path.c:31 0xaf5db39 12
4 dynarray.c:112 0xaf5e079 32
4 dynarray.c:113 0xaf5d939 24
4 path.c:254 0xaf5d989 24
2 path.c:128 0xaf5d989 24
1 dynarray.c:84 0xaf5db09 24
2 dynarray.c:95 0xaf5d939 16
2 path.c:90 0xaf5db39 6
2 path.c:90 0xaf5d6e9 7
2 path.c:90 0xaf5d8a9 12
3 dynarray.c:69 0xaf5e0e9 0xaf5d939 16 32
1 path.c:143 0xaf5d5c9 25
2 path.c:178 0xaf5d939 24
1 dynarray.c:84 0xaf5df39 24
2 dynarray.c:95 0xaf5d709 16
2 path.c:191 0xaf5e129 25
2 path.c:205 0xaf5d9b9 6
3 path.c:223 0xaf5e129 0xaf5e129 25 6
4 path.c:246 0xaf5e129 6
4 path.c:31 0xaf5d9b9 6
4 dynarray.c:112 0xaf5d709 16
4 dynarray.c:113 0xaf5df39 24
4 path.c:254 0xaf5d939 24
2 path.c:178 0xaf5d939 24
1 dynarray.c:84 0xaf5de09 24
2 dynarray.c:95 0xaf5df39 16
2 path.c:191 0xaf5e129 25
2 path.c:205 0xaf5d9b9 6
2 path.c:205 0xaf5d969 7
3 path.c:223 0xaf5e129 0xaf5e129 25 13
4 path.c:246 0xaf5e129 13
4 path.c:31 0xaf5d9b9 6
4 path.c:31 0xaf5d969 7
4 dynarray.c:112 0xaf5df39 16
4 dynarray.c:113 0xaf5de09 24
4 path.c:254 0xaf5d939 24
2 path.c:178 0xaf5d939 24
1 dynarray.c:84 0xaf5d709 24
2 dynarray.c:95 0xaf5de09 24
2 path.c:191 0xaf5e129 25
2 path.c:205 0xaf5d969 6
2 path.c:205 0xaf5d9b9 7
2 path.c:205 0xaf5d6c9 12
3 path.c:223 0xaf5e129 0xaf5e129 25 25
4 path.c:246 0xaf5e129 25
4 path.c:31 0xaf5d969 6
4 path.c:31 0xaf5d9b9 7
4 path.c:31 0xaf5d6c9 12
4 dynarray.c:112 0xaf5de09 24
4 dynarray.c:113 0xaf5d709 24
4 path.c:254 0xaf5d939 24
4 path.c:246 0xaf5d5c9 25
4 path.c:31 0xaf5db39 6
4 path.c:31 0xaf5d6e9 7
4 path.c:31 0xaf5d8a9 12
4 dynarray.c:112 0xaf5e0e9 32
4 dynarray.c:113 0xaf5db09 24
4 path.c:254 0xaf5d989 24
2 path.c:128 0xaf5d989 24
1 dynarray.c:84 0xaf5df39 24
2 dynarray.c:95 0xaf5db09 16
2 path.c:90 0xaf5d8a9 6
2 path.c:90 0xaf5d6e9 8
2 path.c:90 0xaf5db39 12
3 dynarray.c:69 0xaf5e0e9 0xaf5db09 16 32
1 path.c:143 0xaf5d5c9 26
2 path.c:178 0xaf5db09 24
1 dynarray.c:84 0xaf5d939 24
2 dynarray.c:95 0xaf5d709 16
2 path.c:191 0xaf5e129 26
2 path.c:205 0xaf5d6c9 6
3 path.c:223 0xaf5e129 0xaf5e129 26 6
4 path.c:246 0xaf5e129 6
4 path.c:31 0xaf5d6c9 6
4 dynarray.c:112 0xaf5d709 16
4 dynarray.c:113 0xaf5d939 24
4 path.c:254 0xaf5db09 24
2 path.c:178 0xaf5db09 24
1 dynarray.c:84 0xaf5de09 24
2 dynarray.c:95 0xaf5d939 16
2 path.c:191 0xaf5e129 26
2 path.c:205 0xaf5d6c9 6
2 path.c:205 0xaf5d9b9 8
3 path.c:223 0xaf5e129 0xaf5e129 26 14
4 path.c:246 0xaf5e129 14
4 path.c:31 0xaf5d6c9 6
4 path.c:31 0xaf5d9b9 8
4 dynarray.c:112 0xaf5d939 16
4 dynarray.c:113 0xaf5de09 24
4 path.c:254 0xaf5db09 24
2 path.c:178 0xaf5db09 24
1 dynarray.c:84 0xaf5d709 24
2 dynarray.c:95 0xaf5de09 24
2 path.c:191 0xaf5e129 26
2 path.c:205 0xaf5d9b9 6
2 path.c:205 0xaf5d6c9 8
2 path.c:205 0xaf5d969 12
3 path.c:223 0xaf5e129 0xaf5e129 26 26
4 path.c:246 0xaf5e129 26
4 path.c:31 0xaf5d9b9 6
4 path.c:31 0xaf5d6c9 8
4 path.c:31 0xaf5d969 12
4 dynarray.c:112 0xaf5de09 24
4 dynarray.c:113 0xaf5d709 24
4 path.c:254 0xaf5db09 24
4 path.c:246 0xaf5d5c9 26
4 path.c:31 0xaf5d8a9 6
4 path.c:31 0xaf5d6e9 8
4 path.c:31 0xaf5db39 12
4 dynarray.c:112 0xaf5e0e9 32
4 dynarray.c:113 0xaf5df39 24
4 path.c:254 0xaf5d989 24
2 path.c:128 0xaf5d989 24
1 dynarray.c:84 0xaf5d939 24
2 dynarray.c:95 0xaf5df39 16
2 path.c:90 0xaf5db39 6
2 path.c:90 0xaf5d6e9 8
2 path.c:90 0xaf5d8a9 12
3 dynarray.c:69 0xaf5e0e9 0xaf5df39 16 32
1 path.c:143 0xaf5d5c9 26
2 path.c:178 0xaf5df39 24
1 dynarray.c:84 0xaf5db09 24
2 dynarray.c:95 0xaf5d709 16
2 path.c:191 0xaf5e129 26
2 path.c:205 0xaf5d969 6
3 path.c:223 0xaf5e129 0xaf5e129 26 6
4 path.c:246 0xaf5e129 6
4 path.c:31 0xaf5d969 6
4 dynarray.c:112 0xaf5d709 16
4 dynarray.c:113 0xaf5db09 24
4 path.c:254 0xaf5df39 24
2 path.c:178 0xaf5df39 24
1 dynarray.c:84 0xaf5de09 24
2 dynarray.c:95 0xaf5db09 16
2 path.c:191 0xaf5e129 26
2 path.c:205 0xaf5d969 6
2 path.c:205 0xaf5d6c9 8
3 path.c:223 0xaf5e129 0xaf5e129 26 14
4 path.c:246 0xaf5e129 14
4 path.c:31 0xaf5d969 6
4 path.c:31 0xaf5d6c9 8
4 dynarray.c:112 0xaf5db09 16
4 dynarray.c:113 0xaf5de09 24
4 path.c:254 0xaf5df39 24
2 path.c:178 0xaf5df39 24
1 dynarray.c:84 0xaf5d709 24
2 dynarray.c:95 0xaf5de09 24
2 path.c:191 0xaf5e129 26
2 path.c:205 0xaf5d6c9 6
2 path.c:205 0xaf5d969 8
2 path.c:205 0xaf5d9b9 12
3 path.c:223 0xaf5e129 0xaf5e129 26 26
4 path.c:246 0xaf5e129 26
4 path.c:31 0xaf5d6c9 6
4 path.c:31 0xaf5d969 8
4 path.c:31 0xaf5d9b9 12
4 dynarray.c:112 0xaf5de09 24
4 dynarray.c:113 0xaf5d709 24
4 path.c:254 0xaf5df39 24
4 path.c:246 0xaf5d5c9 26
4 path.c:31 0xaf5db39 6
4 path.c:31 0xaf5d6e9 8
4 path.c:31 0xaf5d8a9 12
4 dynarray.c:112 0xaf5e0e9 32
4 dynarray.c:113 0xaf5d939 24
4 path.c:254 0xaf5d989 24
2 path.c:128 0xaf5d989 24
1 dynarray.c:84 0xaf5db09 24
2 dynarray.c:95 0xaf5d939 16
2 path.c:90 0xaf5d8a9 6
2 path.c:90 0xaf5d6e9 8
2 path.c:90 0xaf5db39 12
3 dynarray.c:69 0xaf5e0e9 0xaf5d939 16 32
2 path.c:90 0xaf5d9b9 6
1 path.c:143 0xaf5e079 32
2 path.c:178 0xaf5d939 24
1 dynarray.c:84 0xaf5d5c9 24
2 dynarray.c:95 0xaf5df39 16
2 path.c:191 0xaf5e159 32
2 path.c:205 0xaf5d969 6
3 path.c:223 0xaf5e159 0xaf5e159 32 6
4 path.c:246 0xaf5e159 6
4 path.c:31 0xaf5d969 6
4 dynarray.c:112 0xaf5df39 16
4 dynarray.c:113 0xaf5d5c9 24
4 path.c:254 0xaf5d939 24
2 path.c:178 0xaf5d939 24
1 dynarray.c:84 0xaf5d709 24
2 dynarray.c:95 0xaf5d5c9 16
2 path.c:191 0xaf5e199 32
2 path.c:205 0xaf5d969 6
2 path.c:205 0xaf5e159 8
3 path.c:223 0xaf5e199 0xaf5e199 32 14
4 path.c:246 0xaf5e199 14
4 path.c:31 0xaf5d969 6
4 path.c:31 0xaf5e159 8
4 dynarray.c:112 0xaf5d5c9 16
4 dynarray.c:113 0xaf5d709 24
4 path.c:254 0xaf5d939 24
2 path.c:178 0xaf5d939 24
1 dynarray.c:84 0xaf5df39 24
2 dynarray.c:95 0xaf5d709 24
2 path.c:191 0xaf5e1d9 32
2 path.c:205 0xaf5e159 6
2 path.c:205 0xaf5d969 8
2 path.c:205 0xaf5e199 12
3 path.c:223 0xaf5e1d9 0xaf5e1d9 32 26
4 path.c:246 0xaf5e1d9 26
4 path.c:31 0xaf5e159 6
4 path.c:31 0xaf5d969 8
4 path.c:31 0xaf5e199 12
4 dynarray.c:112 0xaf5d709 24
4 dynarray.c:113 0xaf5df39 24
4 path.c:254 0xaf5d939 24
2 path.c:178 0xaf5d939 24
1 dynarray.c:84 0xaf5d5c9 24
2 dynarray.c:95 0xaf5e219 32
2 path.c:191 0xaf5e259 32
2 path.c:205 0xaf5e199 6
2 path.c:205 0xaf5d969 8
2 path.c:205 0xaf5e159 12
2 path.c:205 0xaf5e1b9 6
3 path.c:223 0xaf5e259 0xaf5e259 32 32
4 path.c:246 0xaf5e259 32
4 path.c:31 0xaf5e199 6
4 path.c:31 0xaf5d969 8
4 path.c:31 0xaf5e159 12
4 path.c:31 0xaf5e1b9 6
4 dynarray.c:112 0xaf5e219 32
4 dynarray.c:113 0xaf5d5c9 24
4 path.c:254 0xaf5d939 24
2 path.c:178 0xaf5d939 24
1 dynarray.c:84 0xaf5d5c9 24
2 dynarray.c:95 0xaf5e219 32
2 path.c:191 0xaf5e259 32
2 path.c:205 0xaf5e1b9 6
2 path.c:205 0xaf5e159 8
2 path.c:205 0xaf5d969 12
2 path.c:205 0xaf5e199 6
3 path.c:223 0xaf5e259 0xaf5e259 32 32
1 bdtBad4.c:143 0xaf5e1d9 32
2 path.c:178 0xaf5df39 24
1 dynarray.c:84 0xaf5d709 24
2 dynarray.c:95 0xaf5e299 32
2 path.c:191 0xaf5e2d9 32
2 path.c:205 0xaf5e179 6
2 path.c:205 0xaf5d6c9 8
2 path.c:205 0xaf5e319 12
2 path.c:205 0xaf5e339 6
3 path.c:223 0xaf5e2d9 0xaf5e2d9 32 32
4 path.c:246 0xaf5e259 32
4 path.c:31 0xaf5e1b9 6
4 path.c:31 0xaf5e159 8
4 path.c:31 0xaf5d969 12
4 path.c:31 0xaf5e199 6
4 dynarray.c:112 0xaf5e219 32
4 dynarray.c:113 0xaf5d5c9 24
4 path.c:254 0xaf5d939 24
4 path.c:246 0xaf5e079 32
4 path.c:31 0xaf5d8a9 6
4 path.c:31 0xaf5d6e9 8
4 path.c:31 0xaf5db39 12
4 path.c:31 0xaf5d9b9 6
4 dynarray.c:112 0xaf5e0e9 32
4 dynarray.c:113 0xaf5db09 24
4 path.c:254 0xaf5d989 24
2 path.c:128 0xaf5d989 24
1 dynarray.c:84 0xaf5d5c9 24
2 dynarray.c:95 0xaf5db09 16
2 path.c:90 0xaf5d9b9 6
2 path.c:90 0xaf5db39 8
2 path.c:90 0xaf5d6e9 12
3 dynarray.c:69 0xaf5e0e9 0xaf5db09 16 32
2 path.c:90 0xaf5d8a9 6
1 path.c:143 0xaf5e259 32
2 path.c:178 0xaf5db09 24
1 dynarray.c:84 0xaf5d939 24
2 dynarray.c:95 0xaf5de09 16
2 path.c:191 0xaf5e079 32
2 path.c:205 0xaf5e199 6
3 path.c:223 0xaf5e079 0xaf5e079 32 6
4 path.c:246 0xaf5e079 6
4 path.c:31 0xaf5e199 6
4 dynarray.c:112 0xaf5de09 16
4 dynarray.c:113 0xaf5d939 24
4 path.c:254 0xaf5db09 24
2 path.c:178 0xaf5db09 24
1 dynarray.c:84 0xaf5e129 24
2 dynarray.c:95 0xaf5d939 16
2 path.c:191 0xaf5e359 32
2 path.c:205 0xaf5e199 6
2 path.c:205 0xaf5e079 8
3 path.c:223 0xaf5e359 0xaf5e359 32 14
4 path.c:246 0xaf5e359 14
4 path.c:31 0xaf5e199 6
4 path.c:31 0xaf5e079 8
4 dynarray.c:112 0xaf5d939 16
4 dynarray.c:113 0xaf5e129 24
4 path.c:254 0xaf5db09 24
2 path.c:178 0xaf5db09 24
1 dynarray.c:84 0xaf5de09 24
2 dynarray.c:95 0xaf5e129 24
2 path.c:191 0xaf5e399 32
2 path.c:205 0xaf5e079 6
2 path.c:205 0xaf5e199 8
2 path.c:205 0xaf5e359 12
3 path.c:223 0xaf5e399 0xaf5e399 32 26
4 path.c:246 0xaf5e399 26
4 path.c:31 0xaf5e079 6
4 path.c:31 0xaf5e199 8
4 path.c:31 0xaf5e359 12
4 dynarray.c:112 0xaf5e129 24
4 dynarray.c:113 0xaf5de09 24
4 path.c:254 0xaf5db09 24
2 path.c:178 0xaf5db09 24
1 dynarray.c:84 0xaf5d939 24
2 dynarray.c:95 0xaf5e399 32
2 path.c:191 0xaf5e3d9 32
2 path.c:205 0xaf5e359 6
2 path.c:205 0xaf5e199 8
2 path.c:205 0xaf5e079 12
2 path.c:205 0xaf5e379 6
3 path.c:223 0xaf5e3d9 0xaf5e3d9 32 32
4 path.c:246 0xaf5e3d9 32
4 path.c:31 0xaf5e359 6
4 path.c:31 0xaf5e199 8
4 path.c:31 0xaf5e079 12
4 path.c:31 0xaf5e379 6
4 dynarray.c:112 0xaf5e399 32
4 dynarray.c:113 0xaf5d939 24
4 path.c:254 0xaf5db09 24
4 path.c:246 0xaf5e259 32
4 path.c:31 0xaf5d9b9 6
4 path.c:31 0xaf5db39 8
4 path.c:31 0xaf5d6e9 12
4 path.c:31 0xaf5d8a9 6
4 dynarray.c:112 0xaf5e0e9 32
4 dynarray.c:113 0xaf5d5c9 24
4 path.c:254 0xaf5d989 24
1 dynarray.c:84 0xaf5d939 24
2 dynarray.c:95 0xaf5e419 48
1 bdtBad4.c:663 0xaf5e469 111
4 dynarray.c:112 0xaf5e419 48
4 dynarray.c:113 0xaf5d939 24
6 bdt_client.c:96 0xaf5e469
4 bdt_client.c:96 0xaf5e469 111
2 path.c:128 0xaf5d989 24
1 dynarray.c:84 0xaf5d939 24
2 dynarray.c:95 0xaf5d5c9 16
2 path.c:90 0xaf5d8a9 6
2 path.c:90 0xaf5d6e9 8
2 path.c:90 0xaf5db39 12
3 dynarray.c:69 0xaf5e0e9 0xaf5d5c9 16 32
2 path.c:90 0xaf5d9b9 6
1 path.c:143 0xaf5e219 32
2 path.c:178 0xaf5d5c9 24
1 dynarray.c:84 0xaf5db09 24
2 dynarray.c:95 0xaf5de09 16
2 path.c:191 0xaf5e259 32
2 path.c:205 0xaf5e379 6
3 path.c:223 0xaf5e259 0xaf5e259 32 6
4 path.c:246 0xaf5e259 6
4 path.c:31 0xaf5e379 6
4 dynarray.c:112 0xaf5de09 16
4 dynarray.c:113 0xaf5db09 24
4 path.c:254 0xaf5d5c9 24
2 path.c:178 0xaf5d5c9 24
1 dynarray.c:84 0xaf5e129 24
2 dynarray.c:95 0xaf5db09 16
2 path.c:191 0xaf5e3d9 32
2 path.c:205 0xaf5e379 6
2 path.c:205 0xaf5e259 8
3 path.c:223 0xaf5e3d9 0xaf5e3d9 32 14
4 path.c:246 0xaf5e3d9 14
4 path.c:31 0xaf5e379 6
4 path.c:31 0xaf5e259 8
4 dynarray.c:112 0xaf5db09 16
4 dynarray.c:113 0xaf5e129 24
4 path.c:254 0xaf5d5c9 24
2 path.c:178 0xaf5d5c9 24
1 dynarray.c:84 0xaf5de09 24
2 dynarray.c:95 0xaf5e129 24
2 path.c:191 0xaf5e4f9 32
2 path.c:205 0xaf5e259 6
2 path.c:205 0xaf5e379 8
2 path.c:205 0xaf5e3d9 12
3 path.c:223 0xaf5e4f9 0xaf5e4f9 32 26
4 path.c:246 0xaf5e4f9 26
4 path.c:31 0xaf5e259 6
4 path.c:31 0xaf5e379 8
4 path.c:31 0xaf5e3d9 12
4 dynarray.c:112 0xaf5e129 24
4 dynarray.c:113 0xaf5de09 24
4 path.c:254 0xaf5d5c9 24
2 path.c:178 0xaf5d5c9 24
1 dynarray.c:84 0xaf5db09 24
2 dynarray.c:95 0xaf5e4f9 32
2 path.c:191 0xaf5e539 32
2 path.c:205 0xaf5e3d9 6
2 path.c:205 0xaf5e379 8
2 path.c:205 0xaf5e259 12
2 path.c:205 0xaf5e3f9 6
3 path.c:223 0xaf5e539 0xaf5e539 32 32
4 path.c:246 0xaf5e539 32
4 path.c:31 0xaf5e3d9 6
4 path.c:31 0xaf5e379 8
4 path.c:31 0xaf5e259 12
4 path.c:31 0xaf5e3f9 6
4 dynarray.c:112 0xaf5e4f9 32
4 dynarray.c:113 0xaf5db09 24
4 path.c:254 0xaf5d5c9 24
4 path.c:246 0xaf5e219 32
4 path.c:31 0xaf5d8a9 6
4 path.c:31 0xaf5d6e9 8
4 path.c:31 0xaf5db39 12
4 path.c:31 0xaf5d9b9 6
4 dynarray.c:112 0xaf5e0e9 32
4 dynarray.c:113 0xaf5d939 24
4 path.c:254 0xaf5d989 24
2 path.c:128 0xaf5d989 24
1 dynarray.c:84 0xaf5db09 24
2 dynarray.c:95 0xaf5d939 16
2 path.c:90 0xaf5d9b9 6
2 path.c:90 0xaf5db39 8
2 path.c:90 0xaf5d6e9 8
3 dynarray.c:69 0xaf5e0e9 0xaf5d939 16 32
1 path.c:143 0xaf5d5c9 22
2 path.c:178 0xaf5d939 24
1 dynarray.c:84 0xaf5de09 24
2 dynarray.c:95 0xaf5e129 16
2 path.c:191 0xaf5e579 22
2 path.c:205 0xaf5d8a9 6
3 path.c:223 0xaf5e579 0xaf5e579 22 6
4 path.c:246 0xaf5e579 6
4 path.c:31 0xaf5d8a9 6
4 dynarray.c:112 0xaf5e129 16
4 dynarray.c:113 0xaf5de09 24
4 path.c:254 0xaf5d939 24
2 path.c:178 0xaf5d939 24
1 dynarray.c:84 0xaf5e579 24
2 dynarray.c:95 0xaf5de09 16
2 path.c:191 0xaf5e5a9 22
2 path.c:205 0xaf5d8a9 6
2 path.c:205 0xaf5e3f9 8
3 path.c:223 0xaf5e5a9 0xaf5e5a9 22 14
4 path.c:246 0xaf5e5a9 14
4 path.c:31 0xaf5d8a9 6
4 path.c:31 0xaf5e3f9 8
4 dynarray.c:112 0xaf5de09 16
4 dynarray.c:113 0xaf5e579 24
4 path.c:254 0xaf5d939 24
2 path.c:178 0xaf5d939 24
1 dynarray.c:84 0xaf5e129 24
2 dynarray.c:95 0xaf5e579 24
2 path.c:191 0xaf5e5a9 22
2 path.c:205 0xaf5e3f9 6
2 path.c:205 0xaf5d8a9 8
2 path.c:205 0xaf5e259 8
3 path.c:223 0xaf5e5a9 0xaf5e5a9 22 22
4 path.c:246 0xaf5e5a9 22
4 path.c:31 0xaf5e3f9 6
4 path.c:31 0xaf5d8a9 8
4 path.c:31 0xaf5e259 8
4 dynarray.c:112 0xaf5e579 24
4 dynarray.c:113 0xaf5e129 24
4 path.c:254 0xaf5d939 24
4 path.c:246 0xaf5d5c9 22
4 path.c:31 0xaf5d9b9 6
4 path.c:31 0xaf5db39 8
4 path.c:31 0xaf5d6e9 8
4 dynarray.c:112 0xaf5e0e9 32
4 dynarray.c:113 0xaf5db09 24
4 path.c:254 0xaf5d989 24
2 path.c:128 0xaf5d989 24
1 dynarray.c:84 0xaf5de09 24
2 dynarray.c:95 0xaf5db09 16
2 path.c:90 0xaf5d6e9 6
2 path.c:90 0xaf5db39 8
2 path.c:90 0xaf5d9b9 8
3 dynarray.c:69 0xaf5e0e9 0xaf5db09 16 32
1 path.c:143 0xaf5d5c9 22
2 path.c:178 0xaf5db09 24
1 dynarray.c:84 0xaf5d939 24
2 dynarray.c:95 0xaf5e129 16
2 path.c:191 0xaf5e5a9 22
2 path.c:205 0xaf5e259 6
3 path.c:223 0xaf5e5a9 0xaf5e5a9 22 6
4 path.c:246 0xaf5e5a9 6
4 path.c:31 0xaf5e259 6
4 dynarray.c:112 0xaf5e129 16
4 dynarray.c:113 0xaf5d939 24
4 path.c:254 0xaf5db09 24
2 path.c:178 0xaf5db09 24
1 dynarray.c:84 0xaf5e579 24
2 dynarray.c:95 0xaf5d939 16
2 path.c:191 0xaf5e5a9 22
2 path.c:205 0xaf5e259 6
2 path.c:205 0xaf5d8a9 8
3 path.c:223 0xaf5e5a9 0xaf5e5a9 22 14
4 path.c:246 0xaf5e5a9 14
4 path.c:31 0xaf5e259 6
4 path.c:31 0xaf5d8a9 8
4 dynarray.c:112 0xaf5d939 16
4 dynarray.c:113 0xaf5e579 24
4 path.c:254 0xaf5db09 24
2 path.c:178 0xaf5db09 24
1 dynarray.c:84 0xaf5e129 24
2 dynarray.c:95 0xaf5e579 24
2 path.c:191 0xaf5e5a9 22
2 path.c:205 0xaf5d8a9 6
2 path.c:205 0xaf5e259 8
2 path.c:205 0xaf5e3f9 8
3 path.c:223 0xaf5e5a9 0xaf5e5a9 22 22
4 path.c:246 0xaf5e5a9 22
4 path.c:31 0xaf5d8a9 6
4 path.c:31 0xaf5e259 8
4 path.c:31 0xaf5e3f9 8
4 dynarray.c:112 0xaf5e579 24
4 dynarray.c:113 0xaf5e129 24
4 path.c:254 0xaf5db09 24
4 path.c:246 0xaf5d5c9 22
4 path.c:31 0xaf5d6e9 6
4 path.c:31 0xaf5db39 8
4 path.c:31 0xaf5d9b9 8
4 dynarray.c:112 0xaf5e0e9 32
4 dynarray.c:113 0xaf5de09 24
4 path.c:254 0xaf5d989 24
2 path.c:128 0xaf5d989 24
1 dynarray.c:84 0xaf5d939 24
2 dynarray.c:95 0xaf5de09 16
2 path.c:90 0xaf5d9b9 6
2 path.c:90 0xaf5db39 8
2 path.c:90 0xaf5d6e9 8
3 dynarray.c:69 0xaf5e0e9 0xaf5de09 16 32
1 path.c:143 0xaf5d5c9 22
2 path.c:178 0xaf5de09 24
1 dynarray.c:84 0xaf5db09 24
2 dynarray.c:95 0xaf5e129 16
2 path.c:191 0xaf5e5a9 22
2 path.c:205 0xaf5e3f9 6
3 path.c:223 0xaf5e5a9 0xaf5e5a9 22 6
4 path.c:246 0xaf5e5a9 6
4 path.c:31 0xaf5e3f9 6
4 dynarray.c:112 0xaf5e129 16
4 dynarray.c:113 0xaf5db09 24
4 path.c:254 0xaf5de09 24
2 path.c:178 0xaf5de09 24
1 dynarray.c:84 0xaf5e579 24
2 dynarray.c:95 0xaf5db09 16
2 path.c:191 0xaf5e5a9 22
2 path.c:205 0xaf5e3f9 6
2 path.c:205 0xaf5e259 8
3 path.c:223 0xaf5e5a9 0xaf5e5a9 22 14
4 path.c:246 0xaf5e5a9 14
4 path.c:31 0xaf5e3f9 6
4 path.c:31 0xaf5e259 8
4 dynarray.c:112 0xaf5db09 16
4 dynarray.c:113 0xaf5e579 24
4 path.c:254 0xaf5de09 24
2 path.c:178 0xaf5de09 24
1 dynarray.c:84 0xaf5e129 24
2 dynarray.c:95 0xaf5e579 24
2 path.c:191 0xaf5e5a9 22
2 path.c:205 0xaf5e259 6
2 path.c:205 0xaf5e3f9 8
2 path.c:205 0xaf5d8a9 8
3 path.c:223 0xaf5e5a9 0xaf5e5a9 22 22
4 path.c:246 0xaf5e5a9 22
4 path.c:31 0xaf5e259 6
4 path.c:31 0xaf5e3f9 8
4 path.c:31 0xaf5d8a9 8
4 dynarray.c:112 0xaf5e579 24
4 dynarray.c:113 0xaf5e129 24
4 path.c:254 0xaf5de09 24
4 path.c:246 0xaf5d5c9 22
4 path.c:31 0xaf5d9b9 6
4 path.c:31 0xaf5db39 8
4 path.c:31 0xaf5d6e9 8
4 dynarray.c:112 0xaf5e0e9 32
4 dynarray.c:113 0xaf5d939 24
4 path.c:254 0xaf5d989 24
2 path.c:128 0xaf5d989 24
1 dynarray.c:84 0xaf5db09 24
2 dynarray.c:95 0xaf5d939 16
2 path.c:90 0xaf5d6e9 6
2 path.c:90 0xaf5db39 8
1 path.c:143 0xaf5d889 14
2 path.c:178 0xaf5de09 24
1 dynarray.c:84 0xaf5d5c9 24
2 dynarray.c:95 0xaf5e129 16
2 path.c:191 0xaf5d9b9 14
2 path.c:205 0xaf5e3f9 6
3 path.c:223 0xaf5d9b9 0xaf5d9b9 14 6
4 path.c:246 0xaf5d9b9 6
4 path.c:31 0xaf5e3f9 6
4 dynarray.c:112 0xaf5e129 16
4 dynarray.c:113 0xaf5d5c9 24
4 path.c:254 0xaf5de09 24
2 path.c:178 0xaf5de09 24
1 dynarray.c:84 0xaf5e579 24
2 dynarray.c:95 0xaf5d5c9 16
2 path.c:191 0xaf5e3f9 14
2 path.c:205 0xaf5d9b9 6
2 path.c:205 0xaf5e259 8
3 path.c:223 0xaf5e3f9 0xaf5e3f9 14 14
4 path.c:246 0xaf5e3f9 14
4 path.c:31 0xaf5d9b9 6
4 path.c:31 0xaf5e259 8
4 dynarray.c:112 0xaf5d5c9 16
4 dynarray.c:113 0xaf5e579 24
4 path.c:254 0xaf5de09 24
4 path.c:246 0xaf5d889 14
4 path.c:31 0xaf5d6e9 6
4 path.c:31 0xaf5db39 8
4 dynarray.c:112 0xaf5d939 16
4 dynarray.c:113 0xaf5db09 24
4 path.c:254 0xaf5d989 24
4 path.c:246 0xaf5e2d9 32
4 path.c:31 0xaf5e179 6
4 path.c:31 0xaf5d6c9 8
4 path.c:31 0xaf5e319 12
4 path.c:31 0xaf5e339 6
4 dynarray.c:112 0xaf5e299 32
4 dynarray.c:113 0xaf5d709 24
4 path.c:254 0xaf5df39 24
4 bdtBad4.c:263 0xaf5e1d9 32
4 path.c:246 0xaf5e0b9 26
4 path.c:31 0xaf5de69 6
4 path.c:31 0xaf5de89 8
4 path.c:31 0xaf5dea9 12
4 dynarray.c:112 0xaf5d629 24
4 dynarray.c:113 0xaf5d659 24
4 path.c:254 0xaf5df09 24
4 bdtBad4.c:263 0xaf5dfe9 32
4 path.c:246 0xaf5dda9 14
4 path.c:31 0xaf5ddc9 6
4 path.c:31 0xaf5dde9 8
4 dynarray.c:112 0xaf5dd79 16
4 dynarray.c:113 0xaf5d9d9 24
4 path.c:254 0xaf5dcc9 24
4 bdtBad4.c:263 0xaf5dd39 32
2 path.c:128 0xaf5dcc9 24
1 dynarray.c:84 0xaf5e129 24
2 dynarray.c:95 0xaf5d9d9 16
2 path.c:90 0xaf5dde9 6
1 path.c:143 0xaf5d8a9 6
2 path.c:178 0xaf5df09 24
1 dynarray.c:84 0xaf5dd79 24
2 dynarray.c:95 0xaf5d659 16
2 path.c:191 0xaf5ddc9 6
2 path.c:205 0xaf5dea9 6
3 path.c:223 0xaf5ddc9 0xaf5ddc9 6 6
4 path.c:246 0xaf5ddc9 6
4 path.c:31 0xaf5dea9 6
4 dynarray.c:112 0xaf5d659 16
4 dynarray.c:113 0xaf5dd79 24
4 path.c:254 0xaf5df09 24
4 path.c:246 0xaf5d8a9 6
4 path.c:31 0xaf5dde9 6
4 dynarray.c:112 0xaf5d9d9 16
4 dynarray.c:113 0xaf5e129 24
4 path.c:254 0xaf5dcc9 24
2 path.c:128 0xaf5dcc9 24
1 dynarray.c:84 0xaf5d629 24
2 dynarray.c:95 0xaf5e129 16
2 path.c:90 0xaf5dde9 6
2 path.c:90 0xaf5d8a9 7
1 path.c:143 0xaf5dda9 13
2 path.c:178 0xaf5df09 24
1 dynarray.c:84 0xaf5d9d9 24
2 dynarray.c:95 0xaf5dd79 16
2 path.c:191 0xaf5dea9 13
2 path.c:205 0xaf5de89 6
3 path.c:223 0xaf5dea9 0xaf5dea9 13 6
4 path.c:246 0xaf5dea9 6
4 path.c:31 0xaf5de89 6
4 dynarray.c:112 0xaf5dd79 16
4 dynarray.c:113 0xaf5d9d9 24
4 path.c:254 0xaf5df09 24
2 path.c:178 0xaf5df09 24
1 dynarray.c:84 0xaf5d659 24
2 dynarray.c:95 0xaf5d9d9 16
2 path.c:191 0xaf5de89 13
2 path.c:205 0xaf5dea9 6
2 path.c:205 0xaf5de69 7
3 path.c:223 0xaf5de89 0xaf5de89 13 13
4 path.c:246 0xaf5de89 13
4 path.c:31 0xaf5dea9 6
4 path.c:31 0xaf5de69 7
4 dynarray.c:112 0xaf5d9d9 16
4 dynarray.c:113 0xaf5d659 24
4 path.c:254 0xaf5df09 24
4 path.c:246 0xaf5dda9 13
4 path.c:31 0xaf5dde9 6
4 path.c:31 0xaf5d8a9 7
4 dynarray.c:112 0xaf5e129 16
4 dynarray.c:113 0xaf5d629 24
4 path.c:254 0xaf5dcc9 24
2 path.c:128 0xaf5dcc9 24
1 dynarray.c:84 0xaf5dd79 24
2 dynarray.c:95 0xaf5d629 16
2 path.c:90 0xaf5d8a9 6
2 path.c:90 0xaf5dde9 8
1 path.c:143 0xaf5ddc9 14
2 path.c:178 0xaf5df09 24
1 dynarray.c:84 0xaf5e129 24
2 dynarray.c:95 0xaf5d659 16
2 path.c:191 0xaf5dda9 14
2 path.c:205 0xaf5dea9 6
3 path.c:223 0xaf5dda9 0xaf5dda9 14 6
4 path.c:246 0xaf5dda9 6
4 path.c:31 0xaf5dea9 6
4 dynarray.c:112 0xaf5d659 16
4 dynarray.c:113 0xaf5e129 24
4 path.c:254 0xaf5df09 24
2 path.c:178 0xaf5df09 24
1 dynarray.c:84 0xaf5d9d9 24
2 dynarray.c:95 0xaf5e129 16
2 path.c:191 0xaf5dea9 14
2 path.c:205 0xaf5dda9 6
2 path.c:205 0xaf5de89 8
3 path.c:223 0xaf5dea9 0xaf5dea9 14 14
4 path.c:246 0xaf5dea9 14
4 path.c:31 0xaf5dda9 6
4 path.c:31 0xaf5de89 8
4 dynarray.c:112 0xaf5e129 16
4 dynarray.c:113 0xaf5d9d9 24
4 path.c:254 0xaf5df09 24
4 path.c:246 0xaf5ddc9 14
4 path.c:31 0xaf5d8a9 6
4 path.c:31 0xaf5dde9 8
4 dynarray.c:112 0xaf5d629 16
4 dynarray.c:113 0xaf5dd79 24
4 path.c:254 0xaf5dcc9 24
2 path.c:128 0xaf5dcc9 24
1 dynarray.c:84 0xaf5d659 24
2 dynarray.c:95 0xaf5dd79 16
2 path.c:90 0xaf5dde9 6
2 path.c:90 0xaf5d8a9 8
2 path.c:90 0xaf5ddc9 12
3 dynarray.c:69 0xaf5dd39 0xaf5dd79 16 32
1 path.c:143 0xaf5d629 26
2 path.c:178 0xaf5dd79 24
1 dynarray.c:84 0xaf5df09 24
2 dynarray.c:95 0xaf5d9d9 16
2 path.c:191 0xaf5e0b9 26
2 path.c:205 0xaf5de89 6
3 path.c:223 0xaf5e0b9 0xaf5e0b9 26 6
4 path.c:246 0xaf5e0b9 6
4 path.c:31 0xaf5de89 6
4 dynarray.c:112 0xaf5d9d9 16
4 dynarray.c:113 0xaf5df09 24
4 path.c:254 0xaf5dd79 24
2 path.c:178 0xaf5dd79 24
1 dynarray.c:84 0xaf5e129 24
2 dynarray.c:95 0xaf5df09 16
2 path.c:191 0xaf5e0b9 26
2 path.c:205 0xaf5de89 6
2 path.c:205 0xaf5dda9 8
3 path.c:223 0xaf5e0b9 0xaf5e0b9 26 14
4 path.c:246 0xaf5e0b9 14
4 path.c:31 0xaf5de89 6
4 path.c:31 0xaf5dda9 8
4 dynarray.c:112 0xaf5df09 16
4 dynarray.c:113 0xaf5e129 24
4 path.c:254 0xaf5dd79 24
4 path.c:246 0xaf5d629 26
4 path.c:31 0xaf5dde9 6
4 path.c:31 0xaf5d8a9 8
4 path.c:31 0xaf5ddc9 12
4 dynarray.c:112 0xaf5dd39 32
4 dynarray.c:113 0xaf5d659 24
4 path.c:254 0xaf5dcc9 24
2 path.c:128 0xaf5dcc9 24
1 dynarray.c:84 0xaf5d9d9 24
2 dynarray.c:95 0xaf5d659 16
2 path.c:90 0xaf5ddc9 6
2 path.c:90 0xaf5d8a9 8
2 path.c:90 0xaf5dde9 12
3 dynarray.c:69 0xaf5dd39 0xaf5d659 16 32
2 path.c:90 0xaf5dda9 6
1 path.c:143 0xaf5e399 32
2 path.c:178 0xaf5d659 24
1 dynarray.c:84 0xaf5d629 24
2 dynarray.c:95 0xaf5dd79 16
2 path.c:191 0xaf5dfe9 32
2 path.c:205 0xaf5de89 6
3 path.c:223 0xaf5dfe9 0xaf5dfe9 32 6
4 path.c:246 0xaf5dfe9 6
4 path.c:31 0xaf5de89 6
4 dynarray.c:112 0xaf5dd79 16
4 dynarray.c:113 0xaf5d629 24
4 path.c:254 0xaf5d659 24
2 path.c:178 0xaf5d659 24
1 dynarray.c:84 0xaf5e129 24
2 dynarray.c:95 0xaf5d629 16
2 path.c:191 0xaf5e299 32
2 path.c:205 0xaf5de89 6
2 path.c:205 0xaf5dfe9 8
3 path.c:223 0xaf5e299 0xaf5e299 32 14
4 path.c:246 0xaf5e299 14
4 path.c:31 0xaf5de89 6
4 path.c:31 0xaf5dfe9 8
4 dynarray.c:112 0xaf5d629 16
4 dynarray.c:113 0xaf5e129 24
4 path.c:254 0xaf5d659 24
4 path.c:246 0xaf5e399 32
4 path.c:31 0xaf5ddc9 6
4 path.c:31 0xaf5d8a9 8
4 path.c:31 0xaf5dde9 12
4 path.c:31 0xaf5dda9 6
4 dynarray.c:112 0xaf5dd39 32
4 dynarray.c:113 0xaf5d9d9 24
4 path.c:254 0xaf5dcc9 24
1 dynarray.c:84 0xaf5dd79 24
2 dynarray.c:95 0xaf5dcc9 24
1 bdtBad4.c:663 0xaf5e1d9 42
4 dynarray.c:112 0xaf5dcc9 24
4 dynarray.c:113 0xaf5dd79 24
6 bdt_client.c:113 0xaf5e1d9
4 bdt_client.c:113 0xaf5e1d9 42
2 path.c:128 0xaf5dd79 24
1 dynarray.c:84 0xaf5d9d9 24
2 dynarray.c:95 0xaf5dcc9 16
2 path.c:90 0xaf5dda9 13
1 path.c:143 0xaf5de69 13
2 path.c:178 0xaf5e129 24
1 dynarray.c:84 0xaf5d659 24
2 dynarray.c:95 0xaf5d629 16
2 path.c:191 0xaf5dde9 13
2 path.c:205 0xaf5ddc9 13
3 path.c:223 0xaf5dde9 0xaf5dde9 13 13
4 path.c:246 0xaf5dde9 13
4 path.c:31 0xaf5ddc9 13
4 dynarray.c:112 0xaf5d629 16
4 dynarray.c:113 0xaf5d659 24
4 path.c:254 0xaf5e129 24
4 path.c:246 0xaf5de69 13
4 path.c:31 0xaf5dda9 13
4 dynarray.c:112 0xaf5dcc9 16
4 dynarray.c:113 0xaf5d9d9 24
4 path.c:254 0xaf5dd79 24
2 path.c:128 0xaf5dd79 24
1 dynarray.c:84 0xaf5df09 24
2 dynarray.c:95 0xaf5d9d9 16
2 path.c:90 0xaf5dda9 6
1 path.c:143 0xaf5d8a9 6
2 path.c:178 0xaf5e129 24
1 dynarray.c:84 0xaf5dcc9 24
2 dynarray.c:95 0xaf5d659 16
2 path.c:191 0xaf5de69 6
2 path.c:205 0xaf5dde9 6
3 path.c:223 0xaf5de69 0xaf5de69 6 6
4 path.c:246 0xaf5de69 6
4 path.c:31 0xaf5dde9 6
4 dynarray.c:112 0xaf5d659 16
4 dynarray.c:113 0xaf5dcc9 24
4 path.c:254 0xaf5e129 24
4 path.c:246 0xaf5d8a9 6
4 path.c:31 0xaf5dda9 6
4 dynarray.c:112 0xaf5d9d9 16
4 dynarray.c:113 0xaf5df09 24
4 path.c:254 0xaf5dd79 24
4 path.c:246 0xaf5dbf9 25
4 path.c:31 0xaf5dc29 6
4 path.c:31 0xaf5dc49 7
4 path.c:31 0xaf5dc69 12
4 dynarray.c:112 0xaf5dbc9 24
4 dynarray.c:113 0xaf5d909 24
4 path.c:254 0xaf5db99 24
4 bdtBad4.c:263 0xaf5db59 32
4 path.c:246 0xaf5daa9 13
4 path.c:31 0xaf5dac9 6
4 path.c:31 0xaf5dae9 7
4 dynarray.c:112 0xaf5da79 16
4 dynarray.c:113 0xaf5d599 24
4 path.c:254 0xaf5da49 24
4 bdtBad4.c:263 0xaf5da09 32
4 path.c:246 0xaf5d849 6
4 path.c:31 0xaf5d869 6
4 dynarray.c:112 0xaf5d819 16
4 dynarray.c:113 0xaf5d5f9 24
4 path.c:254 0xaf5d7e9 24
4 bdtBad4.c:263 0xaf5d7a9 32
2 path.c:128 0xaf5d7e9 24
1 dynarray.c:84 0xaf5d629 24
2 dynarray.c:95 0xaf5d5f9 16
2 path.c:90 0xaf5d869 6
2 path.c:90 0xaf5d849 7
1 path.c:143 0xaf5ddc9 13
4 path.c:246 0xaf5ddc9 13
4 path.c:31 0xaf5d869 6
4 path.c:31 0xaf5d849 7
4 dynarray.c:112 0xaf5d5f9 16
4 dynarray.c:113 0xaf5d629 24
4 path.c:254 0xaf5d7e9 24
2 path.c:128 0xaf5d7e9 24
1 dynarray.c:84 0xaf5d819 24
2 dynarray.c:95 0xaf5d629 16
2 path.c:90 0xaf5d849 6
1 path.c:143 0xaf5ddc9 6
4 path.c:246 0xaf5ddc9 6
4 path.c:31 0xaf5d849 6
4 dynarray.c:112 0xaf5d629 16
4 dynarray.c:113 0xaf5d819 24
4 path.c:254 0xaf5d7e9 24
2 path.c:128 0xaf5d7e9 24
1 dynarray.c:84 0xaf5d5f9 24
2 dynarray.c:95 0xaf5d819 16
2 path.c:90 0xaf5d849 6
1 path.c:143 0xaf5ddc9 6
4 path.c:246 0xaf5ddc9 6
4 path.c:31 0xaf5d849 6
4 dynarray.c:112 0xaf5d819 16
4 dynarray.c:113 0xaf5d5f9 24
4 path.c:254 0xaf5d7e9 24
2 path.c:128 0xaf5d7e9 24
1 dynarray.c:84 0xaf5d629 24
2 dynarray.c:95 0xaf5d5f9 16
2 path.c:90 0xaf5d849 13
1 path.c:143 0xaf5ddc9 13
4 path.c:246 0xaf5ddc9 13
4 path.c:31 0xaf5d849 13
4 dynarray.c:112 0xaf5d5f9 16
4 dynarray.c:113 0xaf5d629 24
4 path.c:254 0xaf5d7e9 24
1 dynarray.c:84 0xaf5d819 24
2 dynarray.c:95 0xaf5d7e9 16
1 bdtBad4.c:663 0xaf5ddc9 1
4 dynarray.c:112 0xaf5d7e9 16
4 dynarray.c:113 0xaf5d819 24
4 bdt_client.c:124 0xaf5ddc9 1
2 path.c:128 0xaf5d819 24
1 dynarray.c:84 0xaf5d629 24
2 dynarray.c:95 0xaf5d7e9 16
2 path.c:90 0xaf5d849 2
2 path.c:90 0xaf5d869 2
1 path.c:143 0xaf5ddc9 4
2 path.c:178 0xaf5da49 24
1 dynarray.c:84 0xaf5d5f9 24
2 dynarray.c:95 0xaf5d599 16
2 path.c:191 0xaf5dae9 4
2 path.c:205 0xaf5daa9 2
3 path.c:223 0xaf5dae9 0xaf5dae9 4 2
1 bdtBad4.c:143 0xaf5e1d9 32
2 path.c:178 0xaf5db99 24
1 dynarray.c:84 0xaf5da79 24
2 dynarray.c:95 0xaf5d909 16
2 path.c:191 0xaf5dc69 2
2 path.c:205 0xaf5dc49 2
3 path.c:223 0xaf5dc69 0xaf5dc69 2 2
4 path.c:246 0xaf5dae9 2
4 path.c:31 0xaf5daa9 2
4 dynarray.c:112 0xaf5d599 16
4 dynarray.c:113 0xaf5d5f9 24
4 path.c:254 0xaf5da49 24
2 path.c:178 0xaf5da49 24
1 dynarray.c:84 0xaf5dbc9 24
2 dynarray.c:95 0xaf5d5f9 16
2 path.c:191 0xaf5daa9 4
2 path.c:205 0xaf5dae9 2
2 path.c:205 0xaf5dc29 2
3 path.c:223 0xaf5daa9 0xaf5daa9 4 4
1 bdtBad4.c:143 0xaf5dfa9 32
2 path.c:178 0xaf5dbf9 24
1 dynarray.c:84 0xaf5d599 24
2 dynarray.c:95 0xaf5dd79 16
2 path.c:191 0xaf5dda9 4
2 path.c:205 0xaf5d8a9 2
2 path.c:205 0xaf5dde9 2
3 path.c:223 0xaf5dda9 0xaf5dda9 4 4
4 path.c:246 0xaf5daa9 4
4 path.c:31 0xaf5dae9 2
4 path.c:31 0xaf5dc29 2
4 dynarray.c:112 0xaf5d5f9 16
4 dynarray.c:113 0xaf5dbc9 24
4 path.c:254 0xaf5da49 24
4 path.c:246 0xaf5ddc9 4
4 path.c:31 0xaf5d849 2
4 path.c:31 0xaf5d869 2
4 dynarray.c:112 0xaf5d7e9 16
4 dynarray.c:113 0xaf5d629 24
4 path.c:254 0xaf5d819 24
1 dynarray.c:84 0xaf5df09 24
2 dynarray.c:95 0xaf5d819 16
1 bdtBad4.c:663 0xaf5dac9 5
4 dynarray.c:112 0xaf5d819 16
4 dynarray.c:113 0xaf5df09 24
6 bdt_client.c:136 0xaf5dac9
4 bdt_client.c:136 0xaf5dac9 5
2 path.c:128 0xaf5df09 24
1 dynarray.c:84 0xaf5d629 24
2 dynarray.c:95 0xaf5d819 16
2 path.c:90 0xaf5d869 2
2 path.c:90 0xaf5d849 2
1 path.c:143 0xaf5dac9 4
2 path.c:178 0xaf5da49 24
1 dynarray.c:84 0xaf5d7e9 24
2 dynarray.c:95 0xaf5dbc9 16
2 path.c:191 0xaf5ddc9 4
2 path.c:205 0xaf5dae9 2
3 path.c:223 0xaf5ddc9 0xaf5ddc9 4 2
4 path.c:246 0xaf5ddc9 2
4 path.c:31 0xaf5dae9 2
4 dynarray.c:112 0xaf5dbc9 16
4 dynarray.c:113 0xaf5d7e9 24
4 path.c:254 0xaf5da49 24
2 path.c:178 0xaf5da49 24
1 dynarray.c:84 0xaf5d5f9 24
2 dynarray.c:95 0xaf5d7e9 16
2 path.c:191 0xaf5dae9 4
2 path.c:205 0xaf5ddc9 2
2 path.c:205 0xaf5daa9 2
3 path.c:223 0xaf5dae9 0xaf5dae9 4 4
4 path.c:246 0xaf5dae9 4
4 path.c:31 0xaf5ddc9 2
4 path.c:31 0xaf5daa9 2
4 dynarray.c:112 0xaf5d7e9 16
4 dynarray.c:113 0xaf5d5f9 24
4 path.c:254 0xaf5da49 24
2 path.c:178 0xaf5da49 24
1 dynarray.c:84 0xaf5dbc9 24
2 dynarray.c:95 0xaf5d5f9 16
2 path.c:191 0xaf5daa9 4
2 path.c:205 0xaf5ddc9 2
2 path.c:205 0xaf5dae9 2
3 path.c:223 0xaf5daa9 0xaf5daa9 4 4
1 bdtBad4.c:143 0xaf5df69 32
2 path.c:178 0xaf5d9d9 24
1 dynarray.c:84 0xaf5d7e9 24
2 dynarray.c:95 0xaf5e129 16
2 path.c:191 0xaf5de69 4
2 path.c:205 0xaf5dfe9 2
2 path.c:205 0xaf5de89 2
3 path.c:223 0xaf5de69 0xaf5de69 4 4
4 path.c:246 0xaf5daa9 4
4 path.c:31 0xaf5ddc9 2
4 path.c:31 0xaf5dae9 2
4 dynarray.c:112 0xaf5d5f9 16
4 dynarray.c:113 0xaf5dbc9 24
4 path.c:254 0xaf5da49 24
4 path.c:246 0xaf5dac9 4
4 path.c:31 0xaf5d869 2
4 path.c:31 0xaf5d849 2
4 dynarray.c:112 0xaf5d819 16
4 dynarray.c:113 0xaf5d629 24
4 path.c:254 0xaf5df09 24
1 dynarray.c:84 0xaf5dcc9 24
2 dynarray.c:95 0xaf5df09 24
1 bdtBad4.c:663 0xaf5dc29 8
4 dynarray.c:112 0xaf5df09 24
4 dynarray.c:113 0xaf5dcc9 24
6 bdt_client.c:140 0xaf5dc29
4 bdt_client.c:140 0xaf5dc29 8
2 path.c:128 0xaf5dcc9 24
1 dynarray.c:84 0xaf5d629 24
2 dynarray.c:95 0xaf5df09 16
2 path.c:90 0xaf5d849 2
2 path.c:90 0xaf5d869 2
1 path.c:143 0xaf5dc29 4
2 path.c:178 0xaf5da49 24
1 dynarray.c:84 0xaf5d819 24
2 dynarray.c:95 0xaf5dbc9 16
2 path.c:191 0xaf5dac9 4
2 path.c:205 0xaf5ddc9 2
3 path.c:223 0xaf5dac9 0xaf5dac9 4 2
4 path.c:246 0xaf5dac9 2
4 path.c:31 0xaf5ddc9 2
4 dynarray.c:112 0xaf5dbc9 16
4 dynarray.c:113 0xaf5d819 24
4 path.c:254 0xaf5da49 24
2 path.c:178 0xaf5da49 24
1 dynarray.c:84 0xaf5d5f9 24
2 dynarray.c:95 0xaf5d819 16
2 path.c:191 0xaf5ddc9 4
2 path.c:205 0xaf5dac9 2
2 path.c:205 0xaf5daa9 2
3 path.c:223 0xaf5ddc9 0xaf5ddc9 4 4
4 path.c:246 0xaf5ddc9 4
4 path.c:31 0xaf5dac9 2
4 path.c:31 0xaf5daa9 2
4 dynarray.c:112 0xaf5d819 16
4 dynarray.c:113 0xaf5d5f9 24
4 path.c:254 0xaf5da49 24
4 path.c:246 0xaf5dc29 4
4 path.c:31 0xaf5d849 2
4 path.c:31 0xaf5d869 2
4 dynarray.c:112 0xaf5df09 16
4 dynarray.c:113 0xaf5d629 24
4 path.c:254 0xaf5dcc9 24
4 path.c:246 0xaf5dda9 4
4 path.c:31 0xaf5d8a9 2
4 path.c:31 0xaf5dde9 2
4 dynarray.c:112 0xaf5dd79 16
4 dynarray.c:113 0xaf5d599 24
4 path.c:254 0xaf5dbf9 24
4 bdtBad4.c:263 0xaf5dfa9 32
1 dynarray.c:84 0xaf5dbc9 24
2 dynarray.c:95 0xaf5dbf9 16
1 bdtBad4.c:663 0xaf5dae9 5
4 dynarray.c:112 0xaf5dbf9 16
4 dynarray.c:113 0xaf5dbc9 24
6 bdt_client.c:144 0xaf5dae9
4 bdt_client.c:144 0xaf5dae9 5
2 path.c:128 0xaf5dbc9 24
1 dynarray.c:84 0xaf5d599 24
2 dynarray.c:95 0xaf5dbf9 16
2 path.c:90 0xaf5dde9 2
2 path.c:90 0xaf5d8a9 3
1 path.c:143 0xaf5dae9 5
2 path.c:178 0xaf5dcc9 24
1 dynarray.c:84 0xaf5dd79 24
2 dynarray.c:95 0xaf5d629 16
2 path.c:191 0xaf5dda9 5
2 path.c:205 0xaf5d849 2
3 path.c:223 0xaf5dda9 0xaf5dda9 5 2
4 path.c:246 0xaf5dda9 2
4 path.c:31 0xaf5d849 2
4 dynarray.c:112 0xaf5d629 16
4 dynarray.c:113 0xaf5dd79 24
4 path.c:254 0xaf5dcc9 24
2 path.c:178 0xaf5dcc9 24
1 dynarray.c:84 0xaf5df09 24
2 dynarray.c:95 0xaf5dd79 16
2 path.c:191 0xaf5d849 5
2 path.c:205 0xaf5dda9 2
2 path.c:205 0xaf5dc29 3
3 path.c:223 0xaf5d849 0xaf5d849 5 5
4 path.c:246 0xaf5d849 5
4 path.c:31 0xaf5dda9 2
4 path.c:31 0xaf5dc29 3
4 dynarray.c:112 0xaf5dd79 16
4 dynarray.c:113 0xaf5df09 24
4 path.c:254 0xaf5dcc9 24
2 path.c:178 0xaf5dcc9 24
1 dynarray.c:84 0xaf5d629 24
2 dynarray.c:95 0xaf5df09 16
2 path.c:191 0xaf5dc29 5
2 path.c:205 0xaf5dda9 2
2 path.c:205 0xaf5d849 3
3 path.c:223 0xaf5dc29 0xaf5dc29 5 5
1 bdtBad4.c:143 0xaf5dfa9 32
2 path.c:178 0xaf5da49 24
1 dynarray.c:84 0xaf5dd79 24
2 dynarray.c:95 0xaf5d5f9 16
2 path.c:191 0xaf5daa9 5
2 path.c:205 0xaf5dac9 2
2 path.c:205 0xaf5ddc9 3
3 path.c:223 0xaf5daa9 0xaf5daa9 5 5
4 path.c:246 0xaf5dc29 5
4 path.c:31 0xaf5dda9 2
4 path.c:31 0xaf5d849 3
4 dynarray.c:112 0xaf5df09 16
4 dynarray.c:113 0xaf5d629 24
4 path.c:254 0xaf5dcc9 24
4 path.c:246 0xaf5dae9 5
4 path.c:31 0xaf5dde9 2
4 path.c:31 0xaf5d8a9 3
4 dynarray.c:112 0xaf5dbf9 16
4 dynarray.c:113 0xaf5d599 24
4 path.c:254 0xaf5dbc9 24
1 dynarray.c:84 0xaf5d819 24
2 dynarray.c:95 0xaf5dbc9 24
1 bdtBad4.c:663 0xaf5d869 9
4 dynarray.c:112 0xaf5dbc9 24
4 dynarray.c:113 0xaf5d819 24
6 bdt_client.c:148 0xaf5d869
4 bdt_client.c:148 0xaf5d869 9
2 path.c:128 0xaf5d819 24
1 dynarray.c:84 0xaf5d599 24
2 dynarray.c:95 0xaf5dbc9 16
2 path.c:90 0xaf5d8a9 2
2 path.c:90 0xaf5dde9 3
1 path.c:143 0xaf5d869 5
2 path.c:178 0xaf5dcc9 24
1 dynarray.c:84 0xaf5dbf9 24
2 dynarray.c:95 0xaf5d629 16
2 path.c:191 0xaf5dae9 5
2 path.c:205 0xaf5dda9 2
3 path.c:223 0xaf5dae9 0xaf5dae9 5 2
4 path.c:246 0xaf5dae9 2
4 path.c:31 0xaf5dda9 2
4 dynarray.c:112 0xaf5d629 16
4 dynarray.c:113 0xaf5dbf9 24
4 path.c:254 0xaf5dcc9 24
2 path.c:178 0xaf5dcc9 24
1 dynarray.c:84 0xaf5df09 24
2 dynarray.c:95 0xaf5dbf9 16
2 path.c:191 0xaf5dda9 5
2 path.c:205 0xaf5dae9 2
2 path.c:205 0xaf5dc29 3
3 path.c:223 0xaf5dda9 0xaf5dda9 5 5
4 path.c:246 0xaf5dda9 5
4 path.c:31 0xaf5dae9 2
4 path.c:31 0xaf5dc29 3
4 dynarray.c:112 0xaf5dbf9 16
4 dynarray.c:113 0xaf5df09 24
4 path.c:254 0xaf5dcc9 24
4 path.c:246 0xaf5d869 5
4 path.c:31 0xaf5d8a9 2
4 path.c:31 0xaf5dde9 3
4 dynarray.c:112 0xaf5dbc9 16
4 dynarray.c:113 0xaf5d599 24
4 path.c:254 0xaf5d819 24
4 path.c:246 0xaf5daa9 5
4 path.c:31 0xaf5dac9 2
4 path.c:31 0xaf5ddc9 3
4 dynarray.c:112 0xaf5d5f9 16
4 dynarray.c:113 0xaf5dd79 24
4 path.c:254 0xaf5da49 24
4 bdtBad4.c:263 0xaf5dfa9 32
1 dynarray.c:84 0xaf5d629 24
2 dynarray.c:95 0xaf5da49 16
1 bdtBad4.c:663 0xaf5d849 5
4 dynarray.c:112 0xaf5da49 16
4 dynarray.c:113 0xaf5d629 24
6 bdt_client.c:152 0xaf5d849
4 bdt_client.c:152 0xaf5d849 5
2 path.c:128 0xaf5d629 24
1 dynarray.c:84 0xaf5dd79 24
2 dynarray.c:95 0xaf5da49 16
2 path.c:90 0xaf5ddc9 2
2 path.c:90 0xaf5dac9 3
1 path.c:143 0xaf5d849 5
2 path.c:178 0xaf5d819 24
1 dynarray.c:84 0xaf5d5f9 24
2 dynarray.c:95 0xaf5d599 16
2 path.c:191 0xaf5daa9 5
2 path.c:205 0xaf5d8a9 2
3 path.c:223 0xaf5daa9 0xaf5daa9 5 2
4 path.c:246 0xaf5daa9 2
4 path.c:31 0xaf5d8a9 2
4 dynarray.c:112 0xaf5d599 16
4 dynarray.c:113 0xaf5d5f9 24
4 path.c:254 0xaf5d819 24
2 path.c:178 0xaf5d819 24
1 dynarray.c:84 0xaf5dbc9 24
2 dynarray.c:95 0xaf5d5f9 16
2 path.c:191 0xaf5d8a9 5
2 path.c:205 0xaf5daa9 2
2 path.c:205 0xaf5d869 3
3 path.c:223 0xaf5d8a9 0xaf5d8a9 5 5
4 path.c:246 0xaf5d8a9 5
4 path.c:31 0xaf5daa9 2
4 path.c:31 0xaf5d869 3
4 dynarray.c:112 0xaf5d5f9 16
4 dynarray.c:113 0xaf5dbc9 24
4 path.c:254 0xaf5d819 24
2 path.c:178 0xaf5d819 24
1 dynarray.c:84 0xaf5d599 24
2 dynarray.c:95 0xaf5dbc9 16
2 path.c:191 0xaf5d869 5
2 path.c:205 0xaf5daa9 2
2 path.c:205 0xaf5d8a9 3
3 path.c:223 0xaf5d869 0xaf5d869 5 5
1 bdtBad4.c:143 0xaf5dfa9 32
2 path.c:178 0xaf5dcc9 24
1 dynarray.c:84 0xaf5d5f9 24
2 dynarray.c:95 0xaf5df09 16
2 path.c:191 0xaf5dc29 5
2 path.c:205 0xaf5dae9 2
2 path.c:205 0xaf5dda9 3
3 path.c:223 0xaf5dc29 0xaf5dc29 5 5
4 path.c:246 0xaf5d869 5
4 path.c:31 0xaf5daa9 2
4 path.c:31 0xaf5d8a9 3
4 dynarray.c:112 0xaf5dbc9 16
4 dynarray.c:113 0xaf5d599 24
4 path.c:254 0xaf5d819 24
4 path.c:246 0xaf5d849 5
4 path.c:31 0xaf5ddc9 2
4 path.c:31 0xaf5dac9 3
4 dynarray.c:112 0xaf5da49 16
4 dynarray.c:113 0xaf5dd79 24
4 path.c:254 0xaf5d629 24
1 dynarray.c:84 0xaf5dbf9 24
2 dynarray.c:95 0xaf5d629 24
1 bdtBad4.c:663 0xaf5dde9 9
4 dynarray.c:112 0xaf5d629 24
4 dynarray.c:113 0xaf5dbf9 24
6 bdt_client.c:156 0xaf5dde9
4 bdt_client.c:156 0xaf5dde9 9
2 path.c:128 0xaf5dbf9 24
1 dynarray.c:84 0xaf5dd79 24
2 dynarray.c:95 0xaf5d629 16
2 path.c:90 0xaf5dac9 2
2 path.c:90 0xaf5ddc9 2
1 path.c:143 0xaf5dde9 4
2 path.c:178 0xaf5d819 24
1 dynarray.c:84 0xaf5da49 24
2 dynarray.c:95 0xaf5d599 16
2 path.c:191 0xaf5d849 4
2 path.c:205 0xaf5daa9 2
3 path.c:223 0xaf5d849 0xaf5d849 4 2
4 path.c:246 0xaf5d849 2
4 path.c:31 0xaf5daa9 2
4 dynarray.c:112 0xaf5d599 16
4 dynarray.c:113 0xaf5da49 24
4 path.c:254 0xaf5d819 24
2 path.c:178 0xaf5d819 24
1 dynarray.c:84 0xaf5dbc9 24
2 dynarray.c:95 0xaf5da49 16
2 path.c:191 0xaf5daa9 4
2 path.c:205 0xaf5d849 2
2 path.c:205 0xaf5d869 2
3 path.c:223 0xaf5daa9 0xaf5daa9 4 4
4 path.c:246 0xaf5daa9 4
4 path.c:31 0xaf5d849 2
4 path.c:31 0xaf5d869 2
4 dynarray.c:112 0xaf5da49 16
4 dynarray.c:113 0xaf5dbc9 24
4 path.c:254 0xaf5d819 24
4 path.c:246 0xaf5dde9 4
4 path.c:31 0xaf5dac9 2
4 path.c:31 0xaf5ddc9 2
4 dynarray.c:112 0xaf5d629 16
4 dynarray.c:113 0xaf5dd79 24
4 path.c:254 0xaf5dbf9 24
4 path.c:246 0xaf5de69 4
4 path.c:31 0xaf5dfe9 2
4 path.c:31 0xaf5de89 2
4 dynarray.c:112 0xaf5e129 16
4 dynarray.c:113 0xaf5d7e9 24
4 path.c:254 0xaf5d9d9 24
4 bdtBad4.c:263 0xaf5df69 32
1 dynarray.c:84 0xaf5d599 24
2 dynarray.c:95 0xaf5d9d9 16
1 bdtBad4.c:663 0xaf5d8a9 6
4 dynarray.c:112 0xaf5d9d9 16
4 dynarray.c:113 0xaf5d599 24
6 bdt_client.c:160 0xaf5d8a9
4 bdt_client.c:160 0xaf5d8a9 6
4 path.c:246 0xaf5dc29 5
4 path.c:31 0xaf5dae9 2
4 path.c:31 0xaf5dda9 3
4 dynarray.c:112 0xaf5df09 16
4 dynarray.c:113 0xaf5d5f9 24
4 path.c:254 0xaf5dcc9 24
4 bdtBad4.c:263 0xaf5dfa9 32
4 path.c:246 0xaf5dc69 2
4 path.c:31 0xaf5dc49 2
4 dynarray.c:112 0xaf5d909 16
4 dynarray.c:113 0xaf5da79 24
4 path.c:254 0xaf5db99 24
4 bdtBad4.c:263 0xaf5e1d9 32
