2 path.c:128 0x3499e2a9 24
4 path.c:254 0x3499e2a9 24
2 path.c:128 0x349a04c9 24
1 dynarray.c:84 0x3499e2a9 24
2 dynarray.c:95 0x349a04f9 16
2 path.c:90 0x349a0529 6
1 path.c:143 0x349a0549 6
4 path.c:246 0x349a0549 6
4 path.c:31 0x349a0529 6
4 dynarray.c:112 0x349a04f9 16
4 dynarray.c:113 0x3499e2a9 24
4 path.c:254 0x349a04c9 24
1 dynarray.c:84 0x349a04c9 24
2 dynarray.c:95 0x349a0569 16
1 bdtBad5.c:662 0x349a0529 1
4 dynarray.c:112 0x349a0569 16
4 dynarray.c:113 0x349a04c9 24
4 bdt_client.c:39 0x349a0529 1
2 path.c:128 0x349a0599 24
4 path.c:254 0x349a0599 24
2 path.c:128 0x349a05c9 24
1 dynarray.c:84 0x349a0599 24
2 dynarray.c:95 0x349a05f9 16
4 dynarray.c:112 0x349a05f9 16
4 dynarray.c:113 0x349a0599 24
4 path.c:254 0x349a05c9 24
2 path.c:128 0x349a0629 24
1 dynarray.c:84 0x349a05c9 24
2 dynarray.c:95 0x349a0659 16
2 path.c:90 0x349a0689 6
2 path.c:90 0x349a06a9 7
4 path.c:31 0x349a0689 6
4 path.c:31 0x349a06a9 7
4 dynarray.c:112 0x349a0659 16
4 dynarray.c:113 0x349a05c9 24
4 path.c:254 0x349a0629 24
2 path.c:128 0x349a0629 24
1 dynarray.c:84 0x349a0659 24
2 dynarray.c:95 0x349a05c9 16
2 path.c:90 0x349a06c9 6
4 path.c:31 0x349a06c9 6
4 dynarray.c:112 0x349a05c9 16
4 dynarray.c:113 0x349a0659 24
4 path.c:254 0x349a0629 24
2 path.c:128 0x349a0629 24
1 dynarray.c:84 0x349a05c9 24
2 dynarray.c:95 0x349a0659 16
2 path.c:90 0x349a06e9 6
1 path.c:143 0x349a06c9 6
2 path.c:178 0x349a0709 24
1 dynarray.c:84 0x349a0599 24
2 dynarray.c:95 0x349a0739 16
2 path.c:191 0x349a0769 6
2 path.c:205 0x349a0789 6
3 path.c:223 0x349a0769 0x349a0769 6 6
1 bdtBad5.c:143 0x349a07a9 32
2 path.c:178 0x349a07e9 24
1 dynarray.c:84 0x349a05f9 24
2 dynarray.c:95 0x349a0819 16
2 path.c:191 0x349a0849 6
2 path.c:205 0x349a0869 6
3 path.c:223 0x349a0849 0x349a0849 6 6
4 path.c:246 0x349a0769 6
4 path.c:31 0x349a0789 6
4 dynarray.c:112 0x349a0739 16
4 dynarray.c:113 0x349a0599 24
4 path.c:254 0x349a0709 24
4 path.c:246 0x349a06c9 6
4 path.c:31 0x349a06e9 6
4 dynarray.c:112 0x349a0659 16
4 dynarray.c:113 0x349a05c9 24
4 path.c:254 0x349a0629 24
2 path.c:128 0x349a0629 24
1 dynarray.c:84 0x349a0709 24
2 dynarray.c:95 0x349a05c9 16
2 path.c:90 0x349a06e9 6
2 path.c:90 0x349a0889 7
2 path.c:90 0x349a08a9 12
3 dynarray.c:69 0x349a08c9 0x349a05c9 16 32
1 path.c:143 0x349a0659 25
2 path.c:178 0x349a05c9 24
1 dynarray.c:84 0x349a0599 24
2 dynarray.c:95 0x349a0909 16
2 path.c:191 0x349a0939 25
2 path.c:205 0x349a0969 6
3 path.c:223 0x349a0939 0x349a0939 25 6
4 path.c:246 0x349a0939 6
4 path.c:31 0x349a0969 6
4 dynarray.c:112 0x349a0909 16
4 dynarray.c:113 0x349a0599 24
4 path.c:254 0x349a05c9 24
2 path.c:178 0x349a05c9 24
1 dynarray.c:84 0x349a0909 24
2 dynarray.c:95 0x349a0599 16
2 path.c:191 0x349a0989 25
2 path.c:205 0x349a0969 6
2 path.c:205 0x349a09b9 7
3 path.c:223 0x349a0989 0x349a0989 25 13
4 path.c:246 0x349a0989 13
4 path.c:31 0x349a0969 6
4 path.c:31 0x349a09b9 7
4 dynarray.c:112 0x349a0599 16
4 dynarray.c:113 0x349a0909 24
4 path.c:254 0x349a05c9 24
2 path.c:178 0x349a05c9 24
1 dynarray.c:84 0x349a0989 24
2 dynarray.c:95 0x349a0909 16
2 path.c:191 0x349a09d9 25
2 path.c:205 0x349a09b9 6
2 path.c:205 0x349a0969 7
3 path.c:223 0x349a09d9 0x349a09d9 25 13
1 bdtBad5.c:143 0x349a0a09 32
2 path.c:178 0x349a0a49 24
1 dynarray.c:84 0x349a0599 24
2 dynarray.c:95 0x349a0a79 16
2 path.c:191 0x349a0aa9 13
2 path.c:205 0x349a0ac9 6
2 path.c:205 0x349a0ae9 7
3 path.c:223 0x349a0aa9 0x349a0aa9 13 13
4 path.c:246 0x349a09d9 13
4 path.c:31 0x349a09b9 6
4 path.c:31 0x349a0969 7
4 dynarray.c:112 0x349a0909 16
4 dynarray.c:113 0x349a0989 24
4 path.c:254 0x349a05c9 24
2 path.c:178 0x349a05c9 24
1 dynarray.c:84 0x349a09d9 24
2 dynarray.c:95 0x349a0989 24
2 path.c:191 0x349a0b09 25
2 path.c:205 0x349a0969 6
2 path.c:205 0x349a09b9 7
2 path.c:205 0x349a0b39 12
3 path.c:223 0x349a0b09 0x349a0b09 25 25
1 bdtBad5.c:143 0x349a0b59 32
2 path.c:178 0x349a0b99 24
1 dynarray.c:84 0x349a0909 24
2 dynarray.c:95 0x349a0bc9 24
2 path.c:191 0x349a0bf9 25
2 path.c:205 0x349a0c29 6
2 path.c:205 0x349a0c49 7
2 path.c:205 0x349a0c69 12
3 path.c:223 0x349a0bf9 0x349a0bf9 25 25
4 path.c:246 0x349a0b09 25
4 path.c:31 0x349a0969 6
4 path.c:31 0x349a09b9 7
4 path.c:31 0x349a0b39 12
4 dynarray.c:112 0x349a0989 24
4 dynarray.c:113 0x349a09d9 24
4 path.c:254 0x349a05c9 24
4 path.c:246 0x349a0659 25
4 path.c:31 0x349a06e9 6
4 path.c:31 0x349a0889 7
4 path.c:31 0x349a08a9 12
4 dynarray.c:112 0x349a08c9 32
4 dynarray.c:113 0x349a0709 24
4 path.c:254 0x349a0629 24
2 path.c:128 0x349a0629 24
1 dynarray.c:84 0x349a0b09 24
2 dynarray.c:95 0x349a0709 16
2 path.c:90 0x349a08a9 6
1 path.c:143 0x349a06c9 6
2 path.c:178 0x349a05c9 24
1 dynarray.c:84 0x349a0659 24
2 dynarray.c:95 0x349a09d9 16
2 path.c:191 0x349a0889 6
2 path.c:205 0x349a0b39 6
3 path.c:223 0x349a0889 0x349a0889 6 6
4 path.c:246 0x349a0889 6
4 path.c:31 0x349a0b39 6
4 dynarray.c:112 0x349a09d9 16
4 dynarray.c:113 0x349a0659 24
4 path.c:254 0x349a05c9 24
4 path.c:246 0x349a06c9 6
4 path.c:31 0x349a08a9 6
4 dynarray.c:112 0x349a0709 16
4 dynarray.c:113 0x349a0b09 24
4 path.c:254 0x349a0629 24
2 path.c:128 0x349a0629 24
1 dynarray.c:84 0x349a0989 24
2 dynarray.c:95 0x349a0b09 16
2 path.c:90 0x349a08a9 6
2 path.c:90 0x349a06c9 7
1 path.c:143 0x349a06e9 13
2 path.c:178 0x349a05c9 24
1 dynarray.c:84 0x349a0709 24
2 dynarray.c:95 0x349a0659 16
2 path.c:191 0x349a0b39 13
2 path.c:205 0x349a09b9 6
3 path.c:223 0x349a0b39 0x349a0b39 13 6
4 path.c:246 0x349a0b39 6
4 path.c:31 0x349a09b9 6
4 dynarray.c:112 0x349a0659 16
4 dynarray.c:113 0x349a0709 24
4 path.c:254 0x349a05c9 24
2 path.c:178 0x349a05c9 24
1 dynarray.c:84 0x349a09d9 24
2 dynarray.c:95 0x349a0709 16
2 path.c:191 0x349a09b9 13
2 path.c:205 0x349a0b39 6
2 path.c:205 0x349a0969 7
3 path.c:223 0x349a09b9 0x349a09b9 13 13
4 path.c:246 0x349a09b9 13
4 path.c:31 0x349a0b39 6
4 path.c:31 0x349a0969 7
4 dynarray.c:112 0x349a0709 16
4 dynarray.c:113 0x349a09d9 24
4 path.c:254 0x349a05c9 24
4 path.c:246 0x349a06e9 13
4 path.c:31 0x349a08a9 6
4 path.c:31 0x349a06c9 7
4 dynarray.c:112 0x349a0b09 16
4 dynarray.c:113 0x349a0989 24
4 path.c:254 0x349a0629 24
2 path.c:128 0x349a0629 24
1 dynarray.c:84 0x349a0659 24
2 dynarray.c:95 0x349a0989 16
2 path.c:90 0x349a06c9 6
2 path.c:90 0x349a08a9 7
2 path.c:90 0x349a06e9 12
3 dynarray.c:69 0x349a0c89 0x349a0989 16 32
1 path.c:143 0x349a0b09 25
2 path.c:178 0x349a0989 24
1 dynarray.c:84 0x349a05c9 24
2 dynarray.c:95 0x349a09d9 16
2 path.c:191 0x349a0cc9 25
2 path.c:205 0x349a0969 6
3 path.c:223 0x349a0cc9 0x349a0cc9 25 6
4 path.c:246 0x349a0cc9 6
4 path.c:31 0x349a0969 6
4 dynarray.c:112 0x349a09d9 16
4 dynarray.c:113 0x349a05c9 24
4 path.c:254 0x349a0989 24
2 path.c:178 0x349a0989 24
1 dynarray.c:84 0x349a0709 24
2 dynarray.c:95 0x349a05c9 16
2 path.c:191 0x349a0cc9 25
2 path.c:205 0x349a0969 6
2 path.c:205 0x349a0b39 7
3 path.c:223 0x349a0cc9 0x349a0cc9 25 13
4 path.c:246 0x349a0cc9 13
4 path.c:31 0x349a0969 6
4 path.c:31 0x349a0b39 7
4 dynarray.c:112 0x349a05c9 16
4 dynarray.c:113 0x349a0709 24
4 path.c:254 0x349a0989 24
2 path.c:178 0x349a0989 24
1 dynarray.c:84 0x349a09d9 24
2 dynarray.c:95 0x349a0709 24
2 path.c:191 0x349a0cc9 25
2 path.c:205 0x349a0b39 6
2 path.c:205 0x349a0969 7
2 path.c:205 0x349a09b9 12
3 path.c:223 0x349a0cc9 0x349a0cc9 25 25
4 path.c:246 0x349a0cc9 25
4 path.c:31 0x349a0b39 6
4 path.c:31 0x349a0969 7
4 path.c:31 0x349a09b9 12
4 dynarray.c:112 0x349a0709 24
4 dynarray.c:113 0x349a09d9 24
4 path.c:254 0x349a0989 24
4 path.c:246 0x349a0b09 25
4 path.c:31 0x349a06c9 6
4 path.c:31 0x349a08a9 7
4 path.c:31 0x349a06e9 12
4 dynarray.c:112 0x349a0c89 32
4 dynarray.c:113 0x349a0659 24
4 path.c:254 0x349a0629 24
2 path.c:128 0x349a0629 24
1 dynarray.c:84 0x349a05c9 24
2 dynarray.c:95 0x349a0659 16
2 path.c:90 0x349a06e9 12
1 path.c:143 0x349a0889 12
2 path.c:178 0x349a0989 24
1 dynarray.c:84 0x349a0b09 24
2 dynarray.c:95 0x349a09d9 16
2 path.c:191 0x349a08a9 12
2 path.c:205 0x349a09b9 12
3 path.c:223 0x349a08a9 0x349a08a9 12 12
4 path.c:246 0x349a08a9 12
4 path.c:31 0x349a09b9 12
4 dynarray.c:112 0x349a09d9 16
4 dynarray.c:113 0x349a0b09 24
4 path.c:254 0x349a0989 24
4 path.c:246 0x349a0889 12
4 path.c:31 0x349a06e9 12
4 dynarray.c:112 0x349a0659 16
4 dynarray.c:113 0x349a05c9 24
4 path.c:254 0x349a0629 24
2 path.c:128 0x349a0629 24
1 dynarray.c:84 0x349a0709 24
2 dynarray.c:95 0x349a05c9 16
2 path.c:90 0x349a06e9 12
1 path.c:143 0x349a06c9 12
2 path.c:178 0x349a0989 24
1 dynarray.c:84 0x349a0659 24
2 dynarray.c:95 0x349a0b09 16
2 path.c:191 0x349a0889 12
2 path.c:205 0x349a08a9 12
3 path.c:223 0x349a0889 0x349a0889 12 12
4 path.c:246 0x349a0889 12
4 path.c:31 0x349a08a9 12
4 dynarray.c:112 0x349a0b09 16
4 dynarray.c:113 0x349a0659 24
4 path.c:254 0x349a0989 24
4 path.c:246 0x349a06c9 12
4 path.c:31 0x349a06e9 12
4 dynarray.c:112 0x349a05c9 16
4 dynarray.c:113 0x349a0709 24
4 path.c:254 0x349a0629 24
2 path.c:128 0x349a0629 24
1 dynarray.c:84 0x349a09d9 24
2 dynarray.c:95 0x349a0709 16
2 path.c:90 0x349a06e9 12
1 path.c:143 0x349a09b9 12
2 path.c:178 0x349a0989 24
1 dynarray.c:84 0x349a05c9 24
2 dynarray.c:95 0x349a0659 16
2 path.c:191 0x349a06c9 12
2 path.c:205 0x349a0889 12
3 path.c:223 0x349a06c9 0x349a06c9 12 12
4 path.c:246 0x349a06c9 12
4 path.c:31 0x349a0889 12
4 dynarray.c:112 0x349a0659 16
4 dynarray.c:113 0x349a05c9 24
4 path.c:254 0x349a0989 24
4 path.c:246 0x349a09b9 12
4 path.c:31 0x349a06e9 12
4 dynarray.c:112 0x349a0709 16
4 dynarray.c:113 0x349a09d9 24
4 path.c:254 0x349a0629 24
2 path.c:128 0x349a0629 24
1 dynarray.c:84 0x349a0b09 24
2 dynarray.c:95 0x349a09d9 16
2 path.c:90 0x349a06e9 6
2 path.c:90 0x349a09b9 8
1 path.c:143 0x349a08a9 14
2 path.c:178 0x349a0989 24
1 dynarray.c:84 0x349a0709 24
2 dynarray.c:95 0x349a05c9 16
2 path.c:191 0x349a0889 14
2 path.c:205 0x349a0969 6
3 path.c:223 0x349a0889 0x349a0889 14 6
4 path.c:246 0x349a0889 6
4 path.c:31 0x349a0969 6
4 dynarray.c:112 0x349a05c9 16
4 dynarray.c:113 0x349a0709 24
4 path.c:254 0x349a0989 24
2 path.c:178 0x349a0989 24
1 dynarray.c:84 0x349a0659 24
2 dynarray.c:95 0x349a0709 16
2 path.c:191 0x349a0969 14
2 path.c:205 0x349a0889 6
2 path.c:205 0x349a0b39 8
3 path.c:223 0x349a0969 0x349a0969 14 14
4 path.c:246 0x349a0969 14
4 path.c:31 0x349a0889 6
4 path.c:31 0x349a0b39 8
4 dynarray.c:112 0x349a0709 16
4 dynarray.c:113 0x349a0659 24
4 path.c:254 0x349a0989 24
2 path.c:128 0x349a0989 24
1 dynarray.c:84 0x349a05c9 24
2 dynarray.c:95 0x349a0659 16
2 path.c:90 0x349a0b39 6
2 path.c:90 0x349a0889 7
2 path.c:90 0x349a0969 12
3 dynarray.c:69 0x349a0cf9 0x349a0659 16 32
1 path.c:143 0x349a0709 25
2 path.c:178 0x349a0659 24
1 dynarray.c:84 0x349a0cc9 24
2 dynarray.c:95 0x349a0d39 16
2 path.c:191 0x349a0d69 25
2 path.c:205 0x349a0d99 6
3 path.c:223 0x349a0d69 0x349a0d69 25 6
4 path.c:246 0x349a0d69 6
4 path.c:31 0x349a0d99 6
4 dynarray.c:112 0x349a0d39 16
4 dynarray.c:113 0x349a0cc9 24
4 path.c:254 0x349a0659 24
2 path.c:178 0x349a0659 24
1 dynarray.c:84 0x349a0d69 24
2 dynarray.c:95 0x349a0cc9 16
2 path.c:191 0x349a0db9 25
2 path.c:205 0x349a0d99 6
2 path.c:205 0x349a0de9 7
3 path.c:223 0x349a0db9 0x349a0db9 25 13
4 path.c:246 0x349a0db9 13
4 path.c:31 0x349a0d99 6
4 path.c:31 0x349a0de9 7
4 dynarray.c:112 0x349a0cc9 16
4 dynarray.c:113 0x349a0d69 24
4 path.c:254 0x349a0659 24
2 path.c:178 0x349a0659 24
1 dynarray.c:84 0x349a0d39 24
2 dynarray.c:95 0x349a0d69 24
2 path.c:191 0x349a0db9 25
2 path.c:205 0x349a0de9 6
2 path.c:205 0x349a0d99 7
2 path.c:205 0x349a0e09 12
3 path.c:223 0x349a0db9 0x349a0db9 25 25
4 path.c:246 0x349a0db9 25
4 path.c:31 0x349a0de9 6
4 path.c:31 0x349a0d99 7
4 path.c:31 0x349a0e09 12
4 dynarray.c:112 0x349a0d69 24
4 dynarray.c:113 0x349a0d39 24
4 path.c:254 0x349a0659 24
4 path.c:246 0x349a0709 25
4 path.c:31 0x349a0b39 6
4 path.c:31 0x349a0889 7
4 path.c:31 0x349a0969 12
4 dynarray.c:112 0x349a0cf9 32
4 dynarray.c:113 0x349a05c9 24
4 path.c:254 0x349a0989 24
2 path.c:128 0x349a0989 24
1 dynarray.c:84 0x349a0cc9 24
2 dynarray.c:95 0x349a05c9 16
2 path.c:90 0x349a0969 12
2 path.c:90 0x349a0889 6
2 path.c:90 0x349a0b39 9
3 dynarray.c:69 0x349a0e29 0x349a05c9 16 32
1 path.c:143 0x349a0709 27
2 path.c:178 0x349a05c9 24
1 dynarray.c:84 0x349a0659 24
2 dynarray.c:95 0x349a0d39 16
2 path.c:191 0x349a0db9 27
2 path.c:205 0x349a0e09 12
3 path.c:223 0x349a0db9 0x349a0db9 27 12
4 path.c:246 0x349a0db9 12
4 path.c:31 0x349a0e09 12
4 dynarray.c:112 0x349a0d39 16
4 dynarray.c:113 0x349a0659 24
4 path.c:254 0x349a05c9 24
4 path.c:246 0x349a0709 27
4 path.c:31 0x349a0969 12
4 path.c:31 0x349a0889 6
4 path.c:31 0x349a0b39 9
4 dynarray.c:112 0x349a0e29 32
4 dynarray.c:113 0x349a0cc9 24
4 path.c:254 0x349a0989 24
2 path.c:128 0x349a0989 24
1 dynarray.c:84 0x349a0d69 24
2 dynarray.c:95 0x349a0cc9 16
2 path.c:90 0x349a0b39 6
2 path.c:90 0x349a0889 8
1 path.c:143 0x349a06c9 14
2 path.c:178 0x349a05c9 24
1 dynarray.c:84 0x349a0709 24
2 dynarray.c:95 0x349a0659 16
2 path.c:191 0x349a0969 14
2 path.c:205 0x349a0d99 6
3 path.c:223 0x349a0969 0x349a0969 14 6
4 path.c:246 0x349a0969 6
4 path.c:31 0x349a0d99 6
4 dynarray.c:112 0x349a0659 16
4 dynarray.c:113 0x349a0709 24
4 path.c:254 0x349a05c9 24
2 path.c:178 0x349a05c9 24
1 dynarray.c:84 0x349a0d39 24
2 dynarray.c:95 0x349a0709 16
2 path.c:191 0x349a0d99 14
2 path.c:205 0x349a0969 6
2 path.c:205 0x349a0de9 8
3 path.c:223 0x349a0d99 0x349a0d99 14 14
4 path.c:246 0x349a0d99 14
4 path.c:31 0x349a0969 6
4 path.c:31 0x349a0de9 8
4 dynarray.c:112 0x349a0709 16
4 dynarray.c:113 0x349a0d39 24
4 path.c:254 0x349a05c9 24
2 path.c:178 0x349a05c9 24
1 dynarray.c:84 0x349a0659 24
2 dynarray.c:95 0x349a0d39 16
2 path.c:191 0x349a0de9 14
2 path.c:205 0x349a0969 6
2 path.c:205 0x349a0d99 8
3 path.c:223 0x349a0de9 0x349a0de9 14 14
1 bdtBad5.c:143 0x349a0e29 32
2 path.c:178 0x349a0db9 24
1 dynarray.c:84 0x349a0709 24
2 dynarray.c:95 0x349a0e69 16
2 path.c:191 0x349a0e99 14
2 path.c:205 0x349a0eb9 6
2 path.c:205 0x349a0ed9 8
3 path.c:223 0x349a0e99 0x349a0e99 14 14
4 path.c:246 0x349a0de9 14
4 path.c:31 0x349a0969 6
4 path.c:31 0x349a0d99 8
4 dynarray.c:112 0x349a0d39 16
4 dynarray.c:113 0x349a0659 24
4 path.c:254 0x349a05c9 24
4 path.c:246 0x349a06c9 14
4 path.c:31 0x349a0b39 6
4 path.c:31 0x349a0889 8
4 dynarray.c:112 0x349a0cc9 16
4 dynarray.c:113 0x349a0d69 24
4 path.c:254 0x349a0989 24
2 path.c:128 0x349a0989 24
1 dynarray.c:84 0x349a0d39 24
2 dynarray.c:95 0x349a0d69 16
2 path.c:90 0x349a0889 6
2 path.c:90 0x349a0b39 7
1 path.c:143 0x349a0e09 13
2 path.c:178 0x349a05c9 24
1 dynarray.c:84 0x349a0cc9 24
2 dynarray.c:95 0x349a0659 16
2 path.c:191 0x349a06c9 13
2 path.c:205 0x349a0969 6
3 path.c:223 0x349a06c9 0x349a06c9 13 6
4 path.c:246 0x349a06c9 6
4 path.c:31 0x349a0969 6
4 dynarray.c:112 0x349a0659 16
4 dynarray.c:113 0x349a0cc9 24
4 path.c:254 0x349a05c9 24
2 path.c:178 0x349a05c9 24
1 dynarray.c:84 0x349a0659 24
2 dynarray.c:95 0x349a0cc9 16
2 path.c:191 0x349a0969 13
2 path.c:205 0x349a06c9 6
2 path.c:205 0x349a0de9 7
3 path.c:223 0x349a0969 0x349a0969 13 13
4 path.c:246 0x349a0969 13
4 path.c:31 0x349a06c9 6
4 path.c:31 0x349a0de9 7
4 dynarray.c:112 0x349a0cc9 16
4 dynarray.c:113 0x349a0659 24
4 path.c:254 0x349a05c9 24
2 path.c:178 0x349a05c9 24
1 dynarray.c:84 0x349a0cc9 24
2 dynarray.c:95 0x349a0659 16
2 path.c:191 0x349a0de9 13
2 path.c:205 0x349a06c9 6
2 path.c:205 0x349a0969 7
3 path.c:223 0x349a0de9 0x349a0de9 13 13
1 bdtBad5.c:143 0x349a0cf9 32
2 path.c:178 0x349a0ef9 24
1 dynarray.c:84 0x349a0939 24
2 dynarray.c:95 0x349a0f29 16
2 path.c:191 0x349a0f59 13
2 path.c:205 0x349a0f79 6
2 path.c:205 0x349a0f99 7
3 path.c:223 0x349a0f59 0x349a0f59 13 13
4 path.c:246 0x349a0f59 13
4 path.c:31 0x349a0f79 6
4 path.c:31 0x349a0f99 7
4 dynarray.c:112 0x349a0f29 16
4 dynarray.c:113 0x349a0939 24
4 path.c:254 0x349a0ef9 24
4 bdtBad5.c:193 0x349a0cf9 32
4 path.c:246 0x349a0e09 13
4 path.c:31 0x349a0889 6
4 path.c:31 0x349a0b39 7
4 dynarray.c:112 0x349a0d69 16
4 dynarray.c:113 0x349a0d39 24
4 path.c:254 0x349a0989 24
4 path.c:246 0x349a0de9 13
4 path.c:31 0x349a06c9 6
4 path.c:31 0x349a0969 7
4 dynarray.c:112 0x349a0659 16
4 dynarray.c:113 0x349a0cc9 24
4 path.c:254 0x349a05c9 24
2 path.c:128 0x349a05c9 24
1 dynarray.c:84 0x349a0939 24
2 dynarray.c:95 0x349a0cc9 16
2 path.c:90 0x349a0969 6
2 path.c:90 0x349a06c9 4
2 path.c:90 0x349a0de9 5
3 dynarray.c:69 0x349a0fb9 0x349a0cc9 16 32
2 path.c:90 0x349a0b39 7
1 path.c:143 0x349a0659 22
2 path.c:178 0x349a0cc9 24
1 dynarray.c:84 0x349a0989 24
2 dynarray.c:95 0x349a0d39 16
2 path.c:191 0x349a0ef9 22
2 path.c:205 0x349a0889 6
3 path.c:223 0x349a0ef9 0x349a0ef9 22 6
4 path.c:246 0x349a0ef9 6
4 path.c:31 0x349a0889 6
4 dynarray.c:112 0x349a0d39 16
4 dynarray.c:113 0x349a0989 24
4 path.c:254 0x349a0cc9 24
2 path.c:178 0x349a0cc9 24
1 dynarray.c:84 0x349a0d69 24
2 dynarray.c:95 0x349a0989 16
2 path.c:191 0x349a0ef9 22
2 path.c:205 0x349a0889 6
2 path.c:205 0x349a0e09 4
3 path.c:223 0x349a0ef9 0x349a0ef9 22 10
4 path.c:246 0x349a0ef9 10
4 path.c:31 0x349a0889 6
4 path.c:31 0x349a0e09 4
4 dynarray.c:112 0x349a0989 16
4 dynarray.c:113 0x349a0d69 24
4 path.c:254 0x349a0cc9 24
2 path.c:178 0x349a0cc9 24
1 dynarray.c:84 0x349a0d39 24
2 dynarray.c:95 0x349a0d69 16
2 path.c:191 0x349a0ef9 22
2 path.c:205 0x349a0e09 6
2 path.c:205 0x349a0889 4
3 path.c:223 0x349a0ef9 0x349a0ef9 22 10
1 bdtBad5.c:143 0x349a0cf9 32
2 path.c:178 0x349a0ff9 24
1 dynarray.c:84 0x349a0989 24
2 dynarray.c:95 0x349a1029 16
2 path.c:191 0x349a0f99 10
2 path.c:205 0x349a0f79 6
2 path.c:205 0x349a0f59 4
3 path.c:223 0x349a0f99 0x349a0f99 10 10
4 path.c:246 0x349a0f99 10
4 path.c:31 0x349a0f79 6
4 path.c:31 0x349a0f59 4
4 dynarray.c:112 0x349a1029 16
4 dynarray.c:113 0x349a0989 24
4 path.c:254 0x349a0ff9 24
4 bdtBad5.c:193 0x349a0cf9 32
4 path.c:246 0x349a0659 22
4 path.c:31 0x349a0969 6
4 path.c:31 0x349a06c9 4
4 path.c:31 0x349a0de9 5
4 path.c:31 0x349a0b39 7
4 dynarray.c:112 0x349a0fb9 32
4 dynarray.c:113 0x349a0939 24
4 path.c:254 0x349a05c9 24
4 path.c:246 0x349a0ef9 10
4 path.c:31 0x349a0e09 6
4 path.c:31 0x349a0889 4
4 dynarray.c:112 0x349a0d69 16
4 dynarray.c:113 0x349a0d39 24
4 path.c:254 0x349a0cc9 24
2 path.c:128 0x349a0cc9 24
1 dynarray.c:84 0x349a1029 24
2 dynarray.c:95 0x349a0d39 16
2 path.c:90 0x349a0889 6
1 path.c:143 0x349a0d99 6
2 path.c:178 0x349a0ef9 24
1 dynarray.c:84 0x349a0d69 24
2 dynarray.c:95 0x349a05c9 16
2 path.c:191 0x349a0e09 6
2 path.c:205 0x349a0de9 6
3 path.c:223 0x349a0e09 0x349a0e09 6 6
4 path.c:246 0x349a0e09 6
4 path.c:31 0x349a0de9 6
4 dynarray.c:112 0x349a05c9 16
4 dynarray.c:113 0x349a0d69 24
4 path.c:254 0x349a0ef9 24
4 path.c:246 0x349a0d99 6
4 path.c:31 0x349a0889 6
4 dynarray.c:112 0x349a0d39 16
4 dynarray.c:113 0x349a1029 24
4 path.c:254 0x349a0cc9 24
2 path.c:128 0x349a0cc9 24
1 dynarray.c:84 0x349a0939 24
2 dynarray.c:95 0x349a1029 16
2 path.c:90 0x349a0889 6
2 path.c:90 0x349a0d99 7
1 path.c:143 0x349a0b39 13
2 path.c:178 0x349a0ef9 24
1 dynarray.c:84 0x349a0d39 24
2 dynarray.c:95 0x349a0d69 16
2 path.c:191 0x349a0de9 13
2 path.c:205 0x349a06c9 6
3 path.c:223 0x349a0de9 0x349a0de9 13 6
4 path.c:246 0x349a0de9 6
4 path.c:31 0x349a06c9 6
4 dynarray.c:112 0x349a0d69 16
4 dynarray.c:113 0x349a0d39 24
4 path.c:254 0x349a0ef9 24
2 path.c:178 0x349a0ef9 24
1 dynarray.c:84 0x349a05c9 24
2 dynarray.c:95 0x349a0d39 16
2 path.c:191 0x349a06c9 13
2 path.c:205 0x349a0de9 6
2 path.c:205 0x349a0969 7
3 path.c:223 0x349a06c9 0x349a06c9 13 13
4 path.c:246 0x349a06c9 13
4 path.c:31 0x349a0de9 6
4 path.c:31 0x349a0969 7
4 dynarray.c:112 0x349a0d39 16
4 dynarray.c:113 0x349a05c9 24
4 path.c:254 0x349a0ef9 24
4 path.c:246 0x349a0b39 13
4 path.c:31 0x349a0889 6
4 path.c:31 0x349a0d99 7
4 dynarray.c:112 0x349a1029 16
4 dynarray.c:113 0x349a0939 24
4 path.c:254 0x349a0cc9 24
2 path.c:128 0x349a0cc9 24
1 dynarray.c:84 0x349a0d69 24
2 dynarray.c:95 0x349a0939 16
2 path.c:90 0x349a0d99 6
2 path.c:90 0x349a0889 8
1 path.c:143 0x349a0e09 14
2 path.c:178 0x349a0ef9 24
1 dynarray.c:84 0x349a1029 24
2 dynarray.c:95 0x349a05c9 16
2 path.c:191 0x349a0b39 14
2 path.c:205 0x349a0de9 6
3 path.c:223 0x349a0b39 0x349a0b39 14 6
4 path.c:246 0x349a0b39 6
4 path.c:31 0x349a0de9 6
4 dynarray.c:112 0x349a05c9 16
4 dynarray.c:113 0x349a1029 24
4 path.c:254 0x349a0ef9 24
2 path.c:178 0x349a0ef9 24
1 dynarray.c:84 0x349a0d39 24
2 dynarray.c:95 0x349a1029 16
2 path.c:191 0x349a0de9 14
2 path.c:205 0x349a0b39 6
2 path.c:205 0x349a06c9 8
3 path.c:223 0x349a0de9 0x349a0de9 14 14
4 path.c:246 0x349a0de9 14
4 path.c:31 0x349a0b39 6
4 path.c:31 0x349a06c9 8
4 dynarray.c:112 0x349a1029 16
4 dynarray.c:113 0x349a0d39 24
4 path.c:254 0x349a0ef9 24
4 path.c:246 0x349a0e09 14
4 path.c:31 0x349a0d99 6
4 path.c:31 0x349a0889 8
4 dynarray.c:112 0x349a0939 16
4 dynarray.c:113 0x349a0d69 24
4 path.c:254 0x349a0cc9 24
2 path.c:128 0x349a0cc9 24
1 dynarray.c:84 0x349a05c9 24
2 dynarray.c:95 0x349a0d69 16
2 path.c:90 0x349a0889 6
2 path.c:90 0x349a0d99 7
1 path.c:143 0x349a0969 13
2 path.c:178 0x349a0ef9 24
1 dynarray.c:84 0x349a0939 24
2 dynarray.c:95 0x349a0d39 16
2 path.c:191 0x349a0e09 13
2 path.c:205 0x349a0b39 6
3 path.c:223 0x349a0e09 0x349a0e09 13 6
4 path.c:246 0x349a0e09 6
4 path.c:31 0x349a0b39 6
4 dynarray.c:112 0x349a0d39 16
4 dynarray.c:113 0x349a0939 24
4 path.c:254 0x349a0ef9 24
2 path.c:178 0x349a0ef9 24
1 dynarray.c:84 0x349a1029 24
2 dynarray.c:95 0x349a0939 16
2 path.c:191 0x349a0b39 13
2 path.c:205 0x349a0e09 6
2 path.c:205 0x349a0de9 7
3 path.c:223 0x349a0b39 0x349a0b39 13 13
4 path.c:246 0x349a0b39 13
4 path.c:31 0x349a0e09 6
4 path.c:31 0x349a0de9 7
4 dynarray.c:112 0x349a0939 16
4 dynarray.c:113 0x349a1029 24
4 path.c:254 0x349a0ef9 24
2 path.c:128 0x349a0ef9 24
1 dynarray.c:84 0x349a0d39 24
2 dynarray.c:95 0x349a1029 16
2 path.c:90 0x349a0de9 6
2 path.c:90 0x349a0e09 4
1 path.c:143 0x349a06c9 10
2 path.c:178 0x349a0659 24
1 dynarray.c:84 0x349a0939 24
2 dynarray.c:95 0x349a0ff9 16
2 path.c:191 0x349a0b39 10
2 path.c:205 0x349a0f79 6
3 path.c:223 0x349a0b39 0x349a0b39 10 6
4 path.c:246 0x349a0b39 6
4 path.c:31 0x349a0f79 6
4 dynarray.c:112 0x349a0ff9 16
4 dynarray.c:113 0x349a0939 24
4 path.c:254 0x349a0659 24
2 path.c:178 0x349a0659 24
1 dynarray.c:84 0x349a0989 24
2 dynarray.c:95 0x349a0939 16
2 path.c:191 0x349a0f79 10
2 path.c:205 0x349a0b39 6
2 path.c:205 0x349a0f99 4
3 path.c:223 0x349a0f79 0x349a0f79 10 10
4 path.c:246 0x349a0f79 10
4 path.c:31 0x349a0b39 6
4 path.c:31 0x349a0f99 4
4 dynarray.c:112 0x349a0939 16
4 dynarray.c:113 0x349a0989 24
4 path.c:254 0x349a0659 24
2 path.c:128 0x349a0659 24
1 dynarray.c:84 0x349a0ff9 24
2 dynarray.c:95 0x349a0989 16
2 path.c:90 0x349a0f99 6
2 path.c:90 0x349a0b39 4
2 path.c:90 0x349a0f79 5
3 dynarray.c:69 0x349a1059 0x349a0989 16 32
1 path.c:143 0x349a0939 15
2 path.c:178 0x349a0989 24
1 dynarray.c:84 0x349a0f29 24
2 dynarray.c:95 0x349a1099 16
2 path.c:191 0x349a10c9 15
2 path.c:205 0x349a10f9 6
3 path.c:223 0x349a10c9 0x349a10c9 15 6
4 path.c:246 0x349a10c9 6
4 path.c:31 0x349a10f9 6
4 dynarray.c:112 0x349a1099 16
4 dynarray.c:113 0x349a0f29 24
4 path.c:254 0x349a0989 24
2 path.c:178 0x349a0989 24
1 dynarray.c:84 0x349a1099 24
2 dynarray.c:95 0x349a0f29 16
2 path.c:191 0x349a1119 15
2 path.c:205 0x349a10f9 6
2 path.c:205 0x349a1149 4
3 path.c:223 0x349a1119 0x349a1119 15 10
4 path.c:246 0x349a1119 10
4 path.c:31 0x349a10f9 6
4 path.c:31 0x349a1149 4
4 dynarray.c:112 0x349a0f29 16
4 dynarray.c:113 0x349a1099 24
4 path.c:254 0x349a0989 24
2 path.c:128 0x349a0989 24
1 dynarray.c:84 0x349a1119 24
2 dynarray.c:95 0x349a1099 16
2 path.c:90 0x349a1149 6
2 path.c:90 0x349a10f9 4
2 path.c:90 0x349a1169 5
3 dynarray.c:69 0x349a1189 0x349a1099 16 32
2 path.c:90 0x349a11c9 7
1 path.c:143 0x349a0f29 22
2 path.c:178 0x349a1099 24
1 dynarray.c:84 0x349a10c9 24
2 dynarray.c:95 0x349a11e9 16
2 path.c:191 0x349a1219 22
2 path.c:205 0x349a1249 6
3 path.c:223 0x349a1219 0x349a1219 22 6
4 path.c:246 0x349a1219 6
4 path.c:31 0x349a1249 6
4 dynarray.c:112 0x349a11e9 16
4 dynarray.c:113 0x349a10c9 24
4 path.c:254 0x349a1099 24
2 path.c:178 0x349a1099 24
1 dynarray.c:84 0x349a11e9 24
2 dynarray.c:95 0x349a10c9 16
2 path.c:191 0x349a1269 22
2 path.c:205 0x349a1249 6
2 path.c:205 0x349a1299 4
3 path.c:223 0x349a1269 0x349a1269 22 10
4 path.c:246 0x349a1269 10
4 path.c:31 0x349a1249 6
4 path.c:31 0x349a1299 4
4 dynarray.c:112 0x349a10c9 16
4 dynarray.c:113 0x349a11e9 24
4 path.c:254 0x349a1099 24
1 dynarray.c:84 0x349a1269 24
2 dynarray.c:95 0x349a12b9 32
1 bdtBad5.c:662 0x349a12f9 59
4 dynarray.c:112 0x349a12b9 32
4 dynarray.c:113 0x349a1269 24
4 bdt_client.c:82 0x349a12f9 59
2 path.c:128 0x349a1099 24
1 dynarray.c:84 0x349a1269 24
2 dynarray.c:95 0x349a11e9 16
2 path.c:90 0x349a1299 6
2 path.c:90 0x349a1249 7
2 path.c:90 0x349a1349 12
3 dynarray.c:69 0x349a1369 0x349a11e9 16 32
1 path.c:143 0x349a10c9 25
2 path.c:178 0x349a11e9 24
1 dynarray.c:84 0x349a1219 24
2 dynarray.c:95 0x349a13a9 16
2 path.c:191 0x349a13d9 25
2 path.c:205 0x349a1409 6
3 path.c:223 0x349a13d9 0x349a13d9 25 6
4 path.c:246 0x349a13d9 6
4 path.c:31 0x349a1409 6
4 dynarray.c:112 0x349a13a9 16
4 dynarray.c:113 0x349a1219 24
4 path.c:254 0x349a11e9 24
2 path.c:178 0x349a11e9 24
1 dynarray.c:84 0x349a13a9 24
2 dynarray.c:95 0x349a1219 16
2 path.c:191 0x349a1429 25
2 path.c:205 0x349a1409 6
2 path.c:205 0x349a1459 7
3 path.c:223 0x349a1429 0x349a1429 25 13
4 path.c:246 0x349a1429 13
4 path.c:31 0x349a1409 6
4 path.c:31 0x349a1459 7
4 dynarray.c:112 0x349a1219 16
4 dynarray.c:113 0x349a13a9 24
4 path.c:254 0x349a11e9 24
2 path.c:178 0x349a11e9 24
1 dynarray.c:84 0x349a1429 24
2 dynarray.c:95 0x349a13a9 24
2 path.c:191 0x349a1479 25
2 path.c:205 0x349a1459 6
2 path.c:205 0x349a1409 7
2 path.c:205 0x349a14a9 12
3 path.c:223 0x349a1479 0x349a1479 25 25
4 path.c:246 0x349a1479 25
4 path.c:31 0x349a1459 6
4 path.c:31 0x349a1409 7
4 path.c:31 0x349a14a9 12
4 dynarray.c:112 0x349a13a9 24
4 dynarray.c:113 0x349a1429 24
4 path.c:254 0x349a11e9 24
4 path.c:246 0x349a10c9 25
4 path.c:31 0x349a1299 6
4 path.c:31 0x349a1249 7
4 path.c:31 0x349a1349 12
4 dynarray.c:112 0x349a1369 32
4 dynarray.c:113 0x349a1269 24
4 path.c:254 0x349a1099 24
2 path.c:128 0x349a1099 24
1 dynarray.c:84 0x349a1219 24
2 dynarray.c:95 0x349a1269 16
2 path.c:90 0x349a1349 6
2 path.c:90 0x349a1249 8
2 path.c:90 0x349a1299 12
3 dynarray.c:69 0x349a14c9 0x349a1269 16 32
1 path.c:143 0x349a10c9 26
2 path.c:178 0x349a1269 24
1 dynarray.c:84 0x349a11e9 24
2 dynarray.c:95 0x349a1429 16
2 path.c:191 0x349a1479 26
2 path.c:205 0x349a14a9 6
3 path.c:223 0x349a1479 0x349a1479 26 6
4 path.c:246 0x349a1479 6
4 path.c:31 0x349a14a9 6
4 dynarray.c:112 0x349a1429 16
4 dynarray.c:113 0x349a11e9 24
4 path.c:254 0x349a1269 24
2 path.c:178 0x349a1269 24
1 dynarray.c:84 0x349a13a9 24
2 dynarray.c:95 0x349a11e9 16
2 path.c:191 0x349a1479 26
2 path.c:205 0x349a14a9 6
2 path.c:205 0x349a1409 8
3 path.c:223 0x349a1479 0x349a1479 26 14
4 path.c:246 0x349a1479 14
4 path.c:31 0x349a14a9 6
4 path.c:31 0x349a1409 8
4 dynarray.c:112 0x349a11e9 16
4 dynarray.c:113 0x349a13a9 24
4 path.c:254 0x349a1269 24
2 path.c:178 0x349a1269 24
1 dynarray.c:84 0x349a1429 24
2 dynarray.c:95 0x349a13a9 24
2 path.c:191 0x349a1479 26
2 path.c:205 0x349a1409 6
2 path.c:205 0x349a14a9 8
2 path.c:205 0x349a1459 12
3 path.c:223 0x349a1479 0x349a1479 26 26
4 path.c:246 0x349a1479 26
4 path.c:31 0x349a1409 6
4 path.c:31 0x349a14a9 8
4 path.c:31 0x349a1459 12
4 dynarray.c:112 0x349a13a9 24
4 dynarray.c:113 0x349a1429 24
4 path.c:254 0x349a1269 24
2 path.c:128 0x349a1269 24
1 dynarray.c:84 0x349a11e9 24
2 dynarray.c:95 0x349a1429 16
2 path.c:90 0x349a1459 6
2 path.c:90 0x349a14a9 8
2 path.c:90 0x349a1409 12
3 dynarray.c:69 0x349a1509 0x349a1429 16 32
1 path.c:143 0x349a13a9 26
2 path.c:178 0x349a1429 24
1 dynarray.c:84 0x349a1479 24
2 dynarray.c:95 0x349a1549 16
2 path.c:191 0x349a1579 26
2 path.c:205 0x349a15a9 6
3 path.c:223 0x349a1579 0x349a1579 26 6
4 path.c:246 0x349a1579 6
4 path.c:31 0x349a15a9 6
4 dynarray.c:112 0x349a1549 16
4 dynarray.c:113 0x349a1479 24
4 path.c:254 0x349a1429 24
2 path.c:178 0x349a1429 24
1 dynarray.c:84 0x349a1579 24
2 dynarray.c:95 0x349a1479 16
2 path.c:191 0x349a15c9 26
2 path.c:205 0x349a15a9 6
2 path.c:205 0x349a15f9 8
3 path.c:223 0x349a15c9 0x349a15c9 26 14
4 path.c:246 0x349a15c9 14
4 path.c:31 0x349a15a9 6
4 path.c:31 0x349a15f9 8
4 dynarray.c:112 0x349a1479 16
4 dynarray.c:113 0x349a1579 24
4 path.c:254 0x349a1429 24
2 path.c:178 0x349a1429 24
1 dynarray.c:84 0x349a1549 24
2 dynarray.c:95 0x349a1579 24
2 path.c:191 0x349a15c9 26
2 path.c:205 0x349a15f9 6
2 path.c:205 0x349a15a9 8
2 path.c:205 0x349a1619 12
3 path.c:223 0x349a15c9 0x349a15c9 26 26
4 path.c:246 0x349a15c9 26
4 path.c:31 0x349a15f9 6
4 path.c:31 0x349a15a9 8
4 path.c:31 0x349a1619 12
4 dynarray.c:112 0x349a1579 24
4 dynarray.c:113 0x349a1549 24
4 path.c:254 0x349a1429 24
2 path.c:178 0x349a1429 24
1 dynarray.c:84 0x349a1479 24
2 dynarray.c:95 0x349a1549 24
2 path.c:191 0x349a15c9 26
2 path.c:205 0x349a1619 6
2 path.c:205 0x349a15a9 8
2 path.c:205 0x349a15f9 12
3 path.c:223 0x349a15c9 0x349a15c9 26 26
1 bdtBad5.c:143 0x349a1369 32
2 path.c:178 0x349a1639 24
1 dynarray.c:84 0x349a1579 24
2 dynarray.c:95 0x349a1669 24
2 path.c:191 0x349a1699 26
2 path.c:205 0x349a16c9 6
2 path.c:205 0x349a16e9 8
2 path.c:205 0x349a1709 12
3 path.c:223 0x349a1699 0x349a1699 26 26
4 path.c:246 0x349a15c9 26
4 path.c:31 0x349a1619 6
4 path.c:31 0x349a15a9 8
4 path.c:31 0x349a15f9 12
4 dynarray.c:112 0x349a1549 24
4 dynarray.c:113 0x349a1479 24
4 path.c:254 0x349a1429 24
4 path.c:246 0x349a13a9 26
4 path.c:31 0x349a1459 6
4 path.c:31 0x349a14a9 8
4 path.c:31 0x349a1409 12
4 dynarray.c:112 0x349a1509 32
4 dynarray.c:113 0x349a11e9 24
4 path.c:254 0x349a1269 24
2 path.c:128 0x349a1269 24
1 dynarray.c:84 0x349a15c9 24
2 dynarray.c:95 0x349a11e9 16
2 path.c:90 0x349a1409 6
2 path.c:90 0x349a14a9 7
2 path.c:90 0x349a1459 12
3 dynarray.c:69 0x349a1729 0x349a11e9 16 32
1 path.c:143 0x349a13a9 25
2 path.c:178 0x349a11e9 24
1 dynarray.c:84 0x349a1429 24
2 dynarray.c:95 0x349a1479 16
2 path.c:191 0x349a1769 25
2 path.c:205 0x349a15f9 6
3 path.c:223 0x349a1769 0x349a1769 25 6
4 path.c:246 0x349a1769 6
4 path.c:31 0x349a15f9 6
4 dynarray.c:112 0x349a1479 16
4 dynarray.c:113 0x349a1429 24
4 path.c:254 0x349a11e9 24
2 path.c:178 0x349a11e9 24
1 dynarray.c:84 0x349a1549 24
2 dynarray.c:95 0x349a1429 16
2 path.c:191 0x349a1769 25
2 path.c:205 0x349a15f9 6
2 path.c:205 0x349a15a9 7
3 path.c:223 0x349a1769 0x349a1769 25 13
4 path.c:246 0x349a1769 13
4 path.c:31 0x349a15f9 6
4 path.c:31 0x349a15a9 7
4 dynarray.c:112 0x349a1429 16
4 dynarray.c:113 0x349a1549 24
4 path.c:254 0x349a11e9 24
2 path.c:178 0x349a11e9 24
1 dynarray.c:84 0x349a1479 24
2 dynarray.c:95 0x349a1549 24
2 path.c:191 0x349a1769 25
2 path.c:205 0x349a15a9 6
2 path.c:205 0x349a15f9 7
2 path.c:205 0x349a1619 12
3 path.c:223 0x349a1769 0x349a1769 25 25
4 path.c:246 0x349a1769 25
4 path.c:31 0x349a15a9 6
4 path.c:31 0x349a15f9 7
4 path.c:31 0x349a1619 12
4 dynarray.c:112 0x349a1549 24
4 dynarray.c:113 0x349a1479 24
4 path.c:254 0x349a11e9 24
4 path.c:246 0x349a13a9 25
4 path.c:31 0x349a1409 6
4 path.c:31 0x349a14a9 7
4 path.c:31 0x349a1459 12
4 dynarray.c:112 0x349a1729 32
4 dynarray.c:113 0x349a15c9 24
4 path.c:254 0x349a1269 24
2 path.c:128 0x349a1269 24
1 dynarray.c:84 0x349a1429 24
2 dynarray.c:95 0x349a15c9 16
2 path.c:90 0x349a1459 6
2 path.c:90 0x349a14a9 8
2 path.c:90 0x349a1409 12
3 dynarray.c:69 0x349a1799 0x349a15c9 16 32
1 path.c:143 0x349a13a9 26
2 path.c:178 0x349a15c9 24
1 dynarray.c:84 0x349a11e9 24
2 dynarray.c:95 0x349a1479 16
2 path.c:191 0x349a1769 26
2 path.c:205 0x349a1619 6
3 path.c:223 0x349a1769 0x349a1769 26 6
4 path.c:246 0x349a1769 6
4 path.c:31 0x349a1619 6
4 dynarray.c:112 0x349a1479 16
4 dynarray.c:113 0x349a11e9 24
4 path.c:254 0x349a15c9 24
2 path.c:178 0x349a15c9 24
1 dynarray.c:84 0x349a1549 24
2 dynarray.c:95 0x349a11e9 16
2 path.c:191 0x349a1769 26
2 path.c:205 0x349a1619 6
2 path.c:205 0x349a15f9 8
3 path.c:223 0x349a1769 0x349a1769 26 14
4 path.c:246 0x349a1769 14
4 path.c:31 0x349a1619 6
4 path.c:31 0x349a15f9 8
4 dynarray.c:112 0x349a11e9 16
4 dynarray.c:113 0x349a1549 24
4 path.c:254 0x349a15c9 24
2 path.c:178 0x349a15c9 24
1 dynarray.c:84 0x349a1479 24
2 dynarray.c:95 0x349a1549 24
2 path.c:191 0x349a1769 26
2 path.c:205 0x349a15f9 6
2 path.c:205 0x349a1619 8
2 path.c:205 0x349a15a9 12
3 path.c:223 0x349a1769 0x349a1769 26 26
4 path.c:246 0x349a1769 26
4 path.c:31 0x349a15f9 6
4 path.c:31 0x349a1619 8
4 path.c:31 0x349a15a9 12
4 dynarray.c:112 0x349a1549 24
4 dynarray.c:113 0x349a1479 24
4 path.c:254 0x349a15c9 24
4 path.c:246 0x349a13a9 26
4 path.c:31 0x349a1459 6
4 path.c:31 0x349a14a9 8
4 path.c:31 0x349a1409 12
4 dynarray.c:112 0x349a1799 32
4 dynarray.c:113 0x349a1429 24
4 path.c:254 0x349a1269 24
2 path.c:128 0x349a1269 24
1 dynarray.c:84 0x349a11e9 24
2 dynarray.c:95 0x349a1429 16
2 path.c:90 0x349a1409 6
2 path.c:90 0x349a14a9 8
2 path.c:90 0x349a1459 12
3 dynarray.c:69 0x349a1799 0x349a1429 16 32
1 path.c:143 0x349a13a9 26
2 path.c:178 0x349a1429 24
1 dynarray.c:84 0x349a15c9 24
2 dynarray.c:95 0x349a1479 16
2 path.c:191 0x349a1769 26
2 path.c:205 0x349a15a9 6
3 path.c:223 0x349a1769 0x349a1769 26 6
4 path.c:246 0x349a1769 6
4 path.c:31 0x349a15a9 6
4 dynarray.c:112 0x349a1479 16
4 dynarray.c:113 0x349a15c9 24
4 path.c:254 0x349a1429 24
2 path.c:178 0x349a1429 24
1 dynarray.c:84 0x349a1549 24
2 dynarray.c:95 0x349a15c9 16
2 path.c:191 0x349a1769 26
2 path.c:205 0x349a15a9 6
2 path.c:205 0x349a1619 8
3 path.c:223 0x349a1769 0x349a1769 26 14
4 path.c:246 0x349a1769 14
4 path.c:31 0x349a15a9 6
4 path.c:31 0x349a1619 8
4 dynarray.c:112 0x349a15c9 16
4 dynarray.c:113 0x349a1549 24
4 path.c:254 0x349a1429 24
2 path.c:178 0x349a1429 24
1 dynarray.c:84 0x349a1479 24
2 dynarray.c:95 0x349a1549 24
2 path.c:191 0x349a1769 26
2 path.c:205 0x349a1619 6
2 path.c:205 0x349a15a9 8
2 path.c:205 0x349a15f9 12
3 path.c:223 0x349a1769 0x349a1769 26 26
4 path.c:246 0x349a1769 26
4 path.c:31 0x349a1619 6
4 path.c:31 0x349a15a9 8
4 path.c:31 0x349a15f9 12
4 dynarray.c:112 0x349a1549 24
4 dynarray.c:113 0x349a1479 24
4 path.c:254 0x349a1429 24
4 path.c:246 0x349a13a9 26
4 path.c:31 0x349a1409 6
4 path.c:31 0x349a14a9 8
4 path.c:31 0x349a1459 12
4 dynarray.c:112 0x349a1799 32
4 dynarray.c:113 0x349a11e9 24
4 path.c:254 0x349a1269 24
2 path.c:128 0x349a1269 24
1 dynarray.c:84 0x349a15c9 24
2 dynarray.c:95 0x349a11e9 16
2 path.c:90 0x349a1459 6
2 path.c:90 0x349a14a9 8
2 path.c:90 0x349a1409 12
3 dynarray.c:69 0x349a1799 0x349a11e9 16 32
2 path.c:90 0x349a15f9 6
1 path.c:143 0x349a1729 32
2 path.c:178 0x349a11e9 24
1 dynarray.c:84 0x349a13a9 24
2 dynarray.c:95 0x349a1429 16
2 path.c:191 0x349a17d9 32
2 path.c:205 0x349a15a9 6
3 path.c:223 0x349a17d9 0x349a17d9 32 6
4 path.c:246 0x349a17d9 6
4 path.c:31 0x349a15a9 6
4 dynarray.c:112 0x349a1429 16
4 dynarray.c:113 0x349a13a9 24
4 path.c:254 0x349a11e9 24
2 path.c:178 0x349a11e9 24
1 dynarray.c:84 0x349a1479 24
2 dynarray.c:95 0x349a13a9 16
2 path.c:191 0x349a1819 32
2 path.c:205 0x349a15a9 6
2 path.c:205 0x349a17d9 8
3 path.c:223 0x349a1819 0x349a1819 32 14
4 path.c:246 0x349a1819 14
4 path.c:31 0x349a15a9 6
4 path.c:31 0x349a17d9 8
4 dynarray.c:112 0x349a13a9 16
4 dynarray.c:113 0x349a1479 24
4 path.c:254 0x349a11e9 24
2 path.c:178 0x349a11e9 24
1 dynarray.c:84 0x349a1429 24
2 dynarray.c:95 0x349a1479 24
2 path.c:191 0x349a1859 32
2 path.c:205 0x349a17d9 6
2 path.c:205 0x349a15a9 8
2 path.c:205 0x349a1819 12
3 path.c:223 0x349a1859 0x349a1859 32 26
4 path.c:246 0x349a1859 26
4 path.c:31 0x349a17d9 6
4 path.c:31 0x349a15a9 8
4 path.c:31 0x349a1819 12
4 dynarray.c:112 0x349a1479 24
4 dynarray.c:113 0x349a1429 24
4 path.c:254 0x349a11e9 24
2 path.c:178 0x349a11e9 24
1 dynarray.c:84 0x349a13a9 24
2 dynarray.c:95 0x349a1899 32
2 path.c:191 0x349a18d9 32
2 path.c:205 0x349a1819 6
2 path.c:205 0x349a15a9 8
2 path.c:205 0x349a17d9 12
2 path.c:205 0x349a1839 6
3 path.c:223 0x349a18d9 0x349a18d9 32 32
4 path.c:246 0x349a18d9 32
4 path.c:31 0x349a1819 6
4 path.c:31 0x349a15a9 8
4 path.c:31 0x349a17d9 12
4 path.c:31 0x349a1839 6
4 dynarray.c:112 0x349a1899 32
4 dynarray.c:113 0x349a13a9 24
4 path.c:254 0x349a11e9 24
2 path.c:178 0x349a11e9 24
1 dynarray.c:84 0x349a13a9 24
2 dynarray.c:95 0x349a1899 32
2 path.c:191 0x349a18d9 32
2 path.c:205 0x349a1839 6
2 path.c:205 0x349a17d9 8
2 path.c:205 0x349a15a9 12
2 path.c:205 0x349a1819 6
3 path.c:223 0x349a18d9 0x349a18d9 32 32
1 bdtBad5.c:143 0x349a1859 32
2 path.c:178 0x349a1429 24
1 dynarray.c:84 0x349a1479 24
2 dynarray.c:95 0x349a1919 32
2 path.c:191 0x349a1959 32
2 path.c:205 0x349a17f9 6
2 path.c:205 0x349a1619 8
2 path.c:205 0x349a1999 12
2 path.c:205 0x349a19b9 6
3 path.c:223 0x349a1959 0x349a1959 32 32
4 path.c:246 0x349a18d9 32
4 path.c:31 0x349a1839 6
4 path.c:31 0x349a17d9 8
4 path.c:31 0x349a15a9 12
4 path.c:31 0x349a1819 6
4 dynarray.c:112 0x349a1899 32
4 dynarray.c:113 0x349a13a9 24
4 path.c:254 0x349a11e9 24
4 path.c:246 0x349a1729 32
4 path.c:31 0x349a1459 6
4 path.c:31 0x349a14a9 8
4 path.c:31 0x349a1409 12
4 path.c:31 0x349a15f9 6
4 dynarray.c:112 0x349a1799 32
4 dynarray.c:113 0x349a15c9 24
4 path.c:254 0x349a1269 24
2 path.c:128 0x349a1269 24
1 dynarray.c:84 0x349a13a9 24
2 dynarray.c:95 0x349a15c9 16
2 path.c:90 0x349a15f9 6
2 path.c:90 0x349a1409 8
2 path.c:90 0x349a14a9 12
3 dynarray.c:69 0x349a1799 0x349a15c9 16 32
2 path.c:90 0x349a1459 6
1 path.c:143 0x349a18d9 32
2 path.c:178 0x349a15c9 24
1 dynarray.c:84 0x349a11e9 24
2 dynarray.c:95 0x349a1549 16
2 path.c:191 0x349a1729 32
2 path.c:205 0x349a1819 6
3 path.c:223 0x349a1729 0x349a1729 32 6
4 path.c:246 0x349a1729 6
4 path.c:31 0x349a1819 6
4 dynarray.c:112 0x349a1549 16
4 dynarray.c:113 0x349a11e9 24
4 path.c:254 0x349a15c9 24
2 path.c:178 0x349a15c9 24
1 dynarray.c:84 0x349a1769 24
2 dynarray.c:95 0x349a11e9 16
2 path.c:191 0x349a19d9 32
2 path.c:205 0x349a1819 6
2 path.c:205 0x349a1729 8
3 path.c:223 0x349a19d9 0x349a19d9 32 14
4 path.c:246 0x349a19d9 14
4 path.c:31 0x349a1819 6
4 path.c:31 0x349a1729 8
4 dynarray.c:112 0x349a11e9 16
4 dynarray.c:113 0x349a1769 24
4 path.c:254 0x349a15c9 24
2 path.c:178 0x349a15c9 24
1 dynarray.c:84 0x349a1549 24
2 dynarray.c:95 0x349a1769 24
2 path.c:191 0x349a1a19 32
2 path.c:205 0x349a1729 6
2 path.c:205 0x349a1819 8
2 path.c:205 0x349a19d9 12
3 path.c:223 0x349a1a19 0x349a1a19 32 26
4 path.c:246 0x349a1a19 26
4 path.c:31 0x349a1729 6
4 path.c:31 0x349a1819 8
4 path.c:31 0x349a19d9 12
4 dynarray.c:112 0x349a1769 24
4 dynarray.c:113 0x349a1549 24
4 path.c:254 0x349a15c9 24
2 path.c:178 0x349a15c9 24
1 dynarray.c:84 0x349a11e9 24
2 dynarray.c:95 0x349a1a19 32
2 path.c:191 0x349a1a59 32
2 path.c:205 0x349a19d9 6
2 path.c:205 0x349a1819 8
2 path.c:205 0x349a1729 12
2 path.c:205 0x349a19f9 6
3 path.c:223 0x349a1a59 0x349a1a59 32 32
4 path.c:246 0x349a1a59 32
4 path.c:31 0x349a19d9 6
4 path.c:31 0x349a1819 8
4 path.c:31 0x349a1729 12
4 path.c:31 0x349a19f9 6
4 dynarray.c:112 0x349a1a19 32
4 dynarray.c:113 0x349a11e9 24
4 path.c:254 0x349a15c9 24
4 path.c:246 0x349a18d9 32
4 path.c:31 0x349a15f9 6
4 path.c:31 0x349a1409 8
4 path.c:31 0x349a14a9 12
4 path.c:31 0x349a1459 6
4 dynarray.c:112 0x349a1799 32
4 dynarray.c:113 0x349a13a9 24
4 path.c:254 0x349a1269 24
1 dynarray.c:84 0x349a11e9 24
2 dynarray.c:95 0x349a1a99 48
1 bdtBad5.c:662 0x349a1ae9 117
4 dynarray.c:112 0x349a1a99 48
4 dynarray.c:113 0x349a11e9 24
4 bdt_client.c:96 0x349a1ae9 117
2 path.c:128 0x349a1269 24
1 dynarray.c:84 0x349a11e9 24
2 dynarray.c:95 0x349a13a9 16
2 path.c:90 0x349a1459 6
2 path.c:90 0x349a14a9 8
2 path.c:90 0x349a1409 12
3 dynarray.c:69 0x349a1799 0x349a13a9 16 32
2 path.c:90 0x349a15f9 6
1 path.c:143 0x349a1899 32
2 path.c:178 0x349a13a9 24
1 dynarray.c:84 0x349a15c9 24
2 dynarray.c:95 0x349a1549 16
2 path.c:191 0x349a18d9 32
2 path.c:205 0x349a19f9 6
3 path.c:223 0x349a18d9 0x349a18d9 32 6
4 path.c:246 0x349a18d9 6
4 path.c:31 0x349a19f9 6
4 dynarray.c:112 0x349a1549 16
4 dynarray.c:113 0x349a15c9 24
4 path.c:254 0x349a13a9 24
2 path.c:178 0x349a13a9 24
1 dynarray.c:84 0x349a1769 24
2 dynarray.c:95 0x349a15c9 16
2 path.c:191 0x349a1a59 32
2 path.c:205 0x349a19f9 6
2 path.c:205 0x349a18d9 8
3 path.c:223 0x349a1a59 0x349a1a59 32 14
4 path.c:246 0x349a1a59 14
4 path.c:31 0x349a19f9 6
4 path.c:31 0x349a18d9 8
4 dynarray.c:112 0x349a15c9 16
4 dynarray.c:113 0x349a1769 24
4 path.c:254 0x349a13a9 24
2 path.c:178 0x349a13a9 24
1 dynarray.c:84 0x349a1549 24
2 dynarray.c:95 0x349a1769 24
2 path.c:191 0x349a1b79 32
2 path.c:205 0x349a18d9 6
2 path.c:205 0x349a19f9 8
2 path.c:205 0x349a1a59 12
3 path.c:223 0x349a1b79 0x349a1b79 32 26
4 path.c:246 0x349a1b79 26
4 path.c:31 0x349a18d9 6
4 path.c:31 0x349a19f9 8
4 path.c:31 0x349a1a59 12
4 dynarray.c:112 0x349a1769 24
4 dynarray.c:113 0x349a1549 24
4 path.c:254 0x349a13a9 24
2 path.c:178 0x349a13a9 24
1 dynarray.c:84 0x349a15c9 24
2 dynarray.c:95 0x349a1b79 32
2 path.c:191 0x349a1bb9 32
2 path.c:205 0x349a1a59 6
2 path.c:205 0x349a19f9 8
2 path.c:205 0x349a18d9 12
2 path.c:205 0x349a1a79 6
3 path.c:223 0x349a1bb9 0x349a1bb9 32 32
4 path.c:246 0x349a1bb9 32
4 path.c:31 0x349a1a59 6
4 path.c:31 0x349a19f9 8
4 path.c:31 0x349a18d9 12
4 path.c:31 0x349a1a79 6
4 dynarray.c:112 0x349a1b79 32
4 dynarray.c:113 0x349a15c9 24
4 path.c:254 0x349a13a9 24
4 path.c:246 0x349a1899 32
4 path.c:31 0x349a1459 6
4 path.c:31 0x349a14a9 8
4 path.c:31 0x349a1409 12
4 path.c:31 0x349a15f9 6
4 dynarray.c:112 0x349a1799 32
4 dynarray.c:113 0x349a11e9 24
4 path.c:254 0x349a1269 24
2 path.c:128 0x349a1269 24
1 dynarray.c:84 0x349a15c9 24
2 dynarray.c:95 0x349a11e9 16
2 path.c:90 0x349a15f9 6
2 path.c:90 0x349a1409 8
2 path.c:90 0x349a14a9 8
3 dynarray.c:69 0x349a1799 0x349a11e9 16 32
1 path.c:143 0x349a13a9 22
2 path.c:178 0x349a11e9 24
1 dynarray.c:84 0x349a1549 24
2 dynarray.c:95 0x349a1769 16
2 path.c:191 0x349a1bf9 22
2 path.c:205 0x349a1459 6
3 path.c:223 0x349a1bf9 0x349a1bf9 22 6
4 path.c:246 0x349a1bf9 6
4 path.c:31 0x349a1459 6
4 dynarray.c:112 0x349a1769 16
4 dynarray.c:113 0x349a1549 24
4 path.c:254 0x349a11e9 24
2 path.c:178 0x349a11e9 24
1 dynarray.c:84 0x349a1bf9 24
2 dynarray.c:95 0x349a1549 16
2 path.c:191 0x349a1c29 22
2 path.c:205 0x349a1459 6
2 path.c:205 0x349a1a79 8
3 path.c:223 0x349a1c29 0x349a1c29 22 14
4 path.c:246 0x349a1c29 14
4 path.c:31 0x349a1459 6
4 path.c:31 0x349a1a79 8
4 dynarray.c:112 0x349a1549 16
4 dynarray.c:113 0x349a1bf9 24
4 path.c:254 0x349a11e9 24
2 path.c:178 0x349a11e9 24
1 dynarray.c:84 0x349a1769 24
2 dynarray.c:95 0x349a1bf9 24
2 path.c:191 0x349a1c29 22
2 path.c:205 0x349a1a79 6
2 path.c:205 0x349a1459 8
2 path.c:205 0x349a18d9 8
3 path.c:223 0x349a1c29 0x349a1c29 22 22
4 path.c:246 0x349a1c29 22
4 path.c:31 0x349a1a79 6
4 path.c:31 0x349a1459 8
4 path.c:31 0x349a18d9 8
4 dynarray.c:112 0x349a1bf9 24
4 dynarray.c:113 0x349a1769 24
4 path.c:254 0x349a11e9 24
2 path.c:128 0x349a11e9 24
1 dynarray.c:84 0x349a1549 24
2 dynarray.c:95 0x349a1769 16
2 path.c:90 0x349a18d9 6
2 path.c:90 0x349a1459 8
2 path.c:90 0x349a1a79 8
3 dynarray.c:69 0x349a1899 0x349a1769 16 32
1 path.c:143 0x349a1bf9 22
2 path.c:178 0x349a1769 24
1 dynarray.c:84 0x349a1c29 24
2 dynarray.c:95 0x349a1c59 16
2 path.c:191 0x349a1c89 22
2 path.c:205 0x349a19f9 6
3 path.c:223 0x349a1c89 0x349a1c89 22 6
4 path.c:246 0x349a1c89 6
4 path.c:31 0x349a19f9 6
4 dynarray.c:112 0x349a1c59 16
4 dynarray.c:113 0x349a1c29 24
4 path.c:254 0x349a1769 24
2 path.c:178 0x349a1769 24
1 dynarray.c:84 0x349a1c89 24
2 dynarray.c:95 0x349a1c29 16
2 path.c:191 0x349a1cb9 22
2 path.c:205 0x349a19f9 6
2 path.c:205 0x349a1a59 8
3 path.c:223 0x349a1cb9 0x349a1cb9 22 14
4 path.c:246 0x349a1cb9 14
4 path.c:31 0x349a19f9 6
4 path.c:31 0x349a1a59 8
4 dynarray.c:112 0x349a1c29 16
4 dynarray.c:113 0x349a1c89 24
4 path.c:254 0x349a1769 24
2 path.c:178 0x349a1769 24
1 dynarray.c:84 0x349a1c59 24
2 dynarray.c:95 0x349a1c89 24
2 path.c:191 0x349a1cb9 22
2 path.c:205 0x349a1a59 6
2 path.c:205 0x349a19f9 8
2 path.c:205 0x349a18f9 8
3 path.c:223 0x349a1cb9 0x349a1cb9 22 22
4 path.c:246 0x349a1cb9 22
4 path.c:31 0x349a1a59 6
4 path.c:31 0x349a19f9 8
4 path.c:31 0x349a18f9 8
4 dynarray.c:112 0x349a1c89 24
4 dynarray.c:113 0x349a1c59 24
4 path.c:254 0x349a1769 24
2 path.c:128 0x349a1769 24
1 dynarray.c:84 0x349a1c29 24
2 dynarray.c:95 0x349a1c59 16
2 path.c:90 0x349a18f9 6
2 path.c:90 0x349a19f9 8
2 path.c:90 0x349a1a59 8
3 dynarray.c:69 0x349a1b79 0x349a1c59 16 32
1 path.c:143 0x349a1c89 22
2 path.c:178 0x349a1c59 24
1 dynarray.c:84 0x349a1cb9 24
2 dynarray.c:95 0x349a1ce9 16
2 path.c:191 0x349a1d19 22
2 path.c:205 0x349a1729 6
3 path.c:223 0x349a1d19 0x349a1d19 22 6
4 path.c:246 0x349a1d19 6
4 path.c:31 0x349a1729 6
4 dynarray.c:112 0x349a1ce9 16
4 dynarray.c:113 0x349a1cb9 24
4 path.c:254 0x349a1c59 24
2 path.c:178 0x349a1c59 24
1 dynarray.c:84 0x349a1d19 24
2 dynarray.c:95 0x349a1cb9 16
2 path.c:191 0x349a1d49 22
2 path.c:205 0x349a1729 6
2 path.c:205 0x349a1819 8
3 path.c:223 0x349a1d49 0x349a1d49 22 14
4 path.c:246 0x349a1d49 14
4 path.c:31 0x349a1729 6
4 path.c:31 0x349a1819 8
4 dynarray.c:112 0x349a1cb9 16
4 dynarray.c:113 0x349a1d19 24
4 path.c:254 0x349a1c59 24
2 path.c:178 0x349a1c59 24
1 dynarray.c:84 0x349a1ce9 24
2 dynarray.c:95 0x349a1d19 24
2 path.c:191 0x349a1d49 22
2 path.c:205 0x349a1819 6
2 path.c:205 0x349a1729 8
2 path.c:205 0x349a19d9 8
3 path.c:223 0x349a1d49 0x349a1d49 22 22
4 path.c:246 0x349a1d49 22
4 path.c:31 0x349a1819 6
4 path.c:31 0x349a1729 8
4 path.c:31 0x349a19d9 8
4 dynarray.c:112 0x349a1d19 24
4 dynarray.c:113 0x349a1ce9 24
4 path.c:254 0x349a1c59 24
2 path.c:128 0x349a1c59 24
1 dynarray.c:84 0x349a1cb9 24
2 dynarray.c:95 0x349a1ce9 16
2 path.c:90 0x349a19d9 6
2 path.c:90 0x349a1729 8
1 path.c:143 0x349a0f59 14
2 path.c:178 0x349a1d49 24
1 dynarray.c:84 0x349a1d19 24
2 dynarray.c:95 0x349a1d79 16
2 path.c:191 0x349a1819 14
2 path.c:205 0x349a15a9 6
3 path.c:223 0x349a1819 0x349a1819 14 6
4 path.c:246 0x349a1819 6
4 path.c:31 0x349a15a9 6
4 dynarray.c:112 0x349a1d79 16
4 dynarray.c:113 0x349a1d19 24
4 path.c:254 0x349a1d49 24
2 path.c:178 0x349a1d49 24
1 dynarray.c:84 0x349a1d79 24
2 dynarray.c:95 0x349a1d19 16
2 path.c:191 0x349a15a9 14
2 path.c:205 0x349a1819 6
2 path.c:205 0x349a17d9 8
3 path.c:223 0x349a15a9 0x349a15a9 14 14
4 path.c:246 0x349a15a9 14
4 path.c:31 0x349a1819 6
4 path.c:31 0x349a17d9 8
4 dynarray.c:112 0x349a1d19 16
4 dynarray.c:113 0x349a1d79 24
4 path.c:254 0x349a1d49 24
4 path.c:246 0x349a0f59 14
4 path.c:31 0x349a19d9 6
4 path.c:31 0x349a1729 8
4 dynarray.c:112 0x349a1ce9 16
4 dynarray.c:113 0x349a1cb9 24
4 path.c:254 0x349a1c59 24
4 path.c:246 0x349a1959 32
4 path.c:31 0x349a17f9 6
4 path.c:31 0x349a1619 8
4 path.c:31 0x349a1999 12
4 path.c:31 0x349a19b9 6
4 dynarray.c:112 0x349a1919 32
4 dynarray.c:113 0x349a1479 24
4 path.c:254 0x349a1429 24
4 bdtBad5.c:263 0x349a1859 32
4 path.c:246 0x349a1699 26
4 path.c:31 0x349a16c9 6
4 path.c:31 0x349a16e9 8
4 path.c:31 0x349a1709 12
4 dynarray.c:112 0x349a1669 24
4 dynarray.c:113 0x349a1579 24
4 path.c:254 0x349a1639 24
4 bdtBad5.c:263 0x349a1369 32
4 path.c:246 0x349a0e99 14
4 path.c:31 0x349a0eb9 6
4 path.c:31 0x349a0ed9 8
4 dynarray.c:112 0x349a0e69 16
4 dynarray.c:113 0x349a0709 24
4 path.c:254 0x349a0db9 24
4 bdtBad5.c:263 0x349a0e29 32
2 path.c:128 0x349a0db9 24
1 dynarray.c:84 0x349a1d19 24
2 dynarray.c:95 0x349a0709 16
2 path.c:90 0x349a0ed9 6
1 path.c:143 0x349a1749 6
2 path.c:178 0x349a1639 24
1 dynarray.c:84 0x349a0e69 24
2 dynarray.c:95 0x349a1579 16
2 path.c:191 0x349a0eb9 6
2 path.c:205 0x349a1709 6
3 path.c:223 0x349a0eb9 0x349a0eb9 6 6
4 path.c:246 0x349a0eb9 6
4 path.c:31 0x349a1709 6
4 dynarray.c:112 0x349a1579 16
4 dynarray.c:113 0x349a0e69 24
4 path.c:254 0x349a1639 24
4 path.c:246 0x349a1749 6
4 path.c:31 0x349a0ed9 6
4 dynarray.c:112 0x349a0709 16
4 dynarray.c:113 0x349a1d19 24
4 path.c:254 0x349a0db9 24
2 path.c:128 0x349a0db9 24
1 dynarray.c:84 0x349a1669 24
2 dynarray.c:95 0x349a1d19 16
2 path.c:90 0x349a0ed9 6
2 path.c:90 0x349a1749 7
1 path.c:143 0x349a0e99 13
2 path.c:178 0x349a1639 24
1 dynarray.c:84 0x349a0709 24
2 dynarray.c:95 0x349a0e69 16
2 path.c:191 0x349a1709 13
2 path.c:205 0x349a16e9 6
3 path.c:223 0x349a1709 0x349a1709 13 6
4 path.c:246 0x349a1709 6
4 path.c:31 0x349a16e9 6
4 dynarray.c:112 0x349a0e69 16
4 dynarray.c:113 0x349a0709 24
4 path.c:254 0x349a1639 24
2 path.c:178 0x349a1639 24
1 dynarray.c:84 0x349a1579 24
2 dynarray.c:95 0x349a0709 16
2 path.c:191 0x349a16e9 13
2 path.c:205 0x349a1709 6
2 path.c:205 0x349a16c9 7
3 path.c:223 0x349a16e9 0x349a16e9 13 13
4 path.c:246 0x349a16e9 13
4 path.c:31 0x349a1709 6
4 path.c:31 0x349a16c9 7
4 dynarray.c:112 0x349a0709 16
4 dynarray.c:113 0x349a1579 24
4 path.c:254 0x349a1639 24
4 path.c:246 0x349a0e99 13
4 path.c:31 0x349a0ed9 6
4 path.c:31 0x349a1749 7
4 dynarray.c:112 0x349a1d19 16
4 dynarray.c:113 0x349a1669 24
4 path.c:254 0x349a0db9 24
2 path.c:128 0x349a0db9 24
1 dynarray.c:84 0x349a0e69 24
2 dynarray.c:95 0x349a1669 16
2 path.c:90 0x349a1749 6
2 path.c:90 0x349a0ed9 8
1 path.c:143 0x349a0eb9 14
2 path.c:178 0x349a1639 24
1 dynarray.c:84 0x349a1d19 24
2 dynarray.c:95 0x349a1579 16
2 path.c:191 0x349a0e99 14
2 path.c:205 0x349a1709 6
3 path.c:223 0x349a0e99 0x349a0e99 14 6
4 path.c:246 0x349a0e99 6
4 path.c:31 0x349a1709 6
4 dynarray.c:112 0x349a1579 16
4 dynarray.c:113 0x349a1d19 24
4 path.c:254 0x349a1639 24
2 path.c:178 0x349a1639 24
1 dynarray.c:84 0x349a0709 24
2 dynarray.c:95 0x349a1d19 16
2 path.c:191 0x349a1709 14
2 path.c:205 0x349a0e99 6
2 path.c:205 0x349a16e9 8
3 path.c:223 0x349a1709 0x349a1709 14 14
4 path.c:246 0x349a1709 14
4 path.c:31 0x349a0e99 6
4 path.c:31 0x349a16e9 8
4 dynarray.c:112 0x349a1d19 16
4 dynarray.c:113 0x349a0709 24
4 path.c:254 0x349a1639 24
2 path.c:128 0x349a1639 24
1 dynarray.c:84 0x349a1579 24
2 dynarray.c:95 0x349a0709 16
2 path.c:90 0x349a16e9 6
2 path.c:90 0x349a0e99 8
2 path.c:90 0x349a1709 12
3 dynarray.c:69 0x349a0e29 0x349a0709 16 32
1 path.c:143 0x349a1d19 26
2 path.c:178 0x349a0709 24
1 dynarray.c:84 0x349a1699 24
2 dynarray.c:95 0x349a1429 16
2 path.c:191 0x349a1c59 26
2 path.c:205 0x349a19b9 6
3 path.c:223 0x349a1c59 0x349a1c59 26 6
4 path.c:246 0x349a1c59 6
4 path.c:31 0x349a19b9 6
4 dynarray.c:112 0x349a1429 16
4 dynarray.c:113 0x349a1699 24
4 path.c:254 0x349a0709 24
2 path.c:178 0x349a0709 24
1 dynarray.c:84 0x349a1479 24
2 dynarray.c:95 0x349a1699 16
2 path.c:191 0x349a1c59 26
2 path.c:205 0x349a19b9 6
2 path.c:205 0x349a1999 8
3 path.c:223 0x349a1c59 0x349a1c59 26 14
4 path.c:246 0x349a1c59 14
4 path.c:31 0x349a19b9 6
4 path.c:31 0x349a1999 8
4 dynarray.c:112 0x349a1699 16
4 dynarray.c:113 0x349a1479 24
4 path.c:254 0x349a0709 24
2 path.c:128 0x349a0709 24
1 dynarray.c:84 0x349a1429 24
2 dynarray.c:95 0x349a1479 16
2 path.c:90 0x349a1999 6
2 path.c:90 0x349a19b9 8
2 path.c:90 0x349a1619 12
3 dynarray.c:69 0x349a1369 0x349a1479 16 32
2 path.c:90 0x349a17f9 6
1 path.c:143 0x349a1a19 32
2 path.c:178 0x349a1479 24
1 dynarray.c:84 0x349a1699 24
2 dynarray.c:95 0x349a1c59 16
2 path.c:191 0x349a1859 32
2 path.c:205 0x349a1729 6
3 path.c:223 0x349a1859 0x349a1859 32 6
4 path.c:246 0x349a1859 6
4 path.c:31 0x349a1729 6
4 dynarray.c:112 0x349a1c59 16
4 dynarray.c:113 0x349a1699 24
4 path.c:254 0x349a1479 24
2 path.c:178 0x349a1479 24
1 dynarray.c:84 0x349a1cb9 24
2 dynarray.c:95 0x349a1699 16
2 path.c:191 0x349a1959 32
2 path.c:205 0x349a1729 6
2 path.c:205 0x349a1859 8
3 path.c:223 0x349a1959 0x349a1959 32 14
4 path.c:246 0x349a1959 14
4 path.c:31 0x349a1729 6
4 path.c:31 0x349a1859 8
4 dynarray.c:112 0x349a1699 16
4 dynarray.c:113 0x349a1cb9 24
4 path.c:254 0x349a1479 24
1 dynarray.c:84 0x349a1c59 24
2 dynarray.c:95 0x349a1479 24
1 bdtBad5.c:662 0x349a1919 45
4 dynarray.c:112 0x349a1479 24
4 dynarray.c:113 0x349a1c59 24
4 bdt_client.c:113 0x349a1919 45
2 path.c:128 0x349a1c59 24
1 dynarray.c:84 0x349a1cb9 24
2 dynarray.c:95 0x349a1479 16
2 path.c:90 0x349a1859 13
1 path.c:143 0x349a16c9 13
2 path.c:178 0x349a1ce9 24
1 dynarray.c:84 0x349a1699 24
2 dynarray.c:95 0x349a1d49 16
2 path.c:191 0x349a1729 13
2 path.c:205 0x349a1979 13
3 path.c:223 0x349a1729 0x349a1729 13 13
4 path.c:246 0x349a1729 13
4 path.c:31 0x349a1979 13
4 dynarray.c:112 0x349a1d49 16
4 dynarray.c:113 0x349a1699 24
4 path.c:254 0x349a1ce9 24
4 path.c:246 0x349a16c9 13
4 path.c:31 0x349a1859 13
4 dynarray.c:112 0x349a1479 16
4 dynarray.c:113 0x349a1cb9 24
4 path.c:254 0x349a1c59 24
2 path.c:128 0x349a1c59 24
1 dynarray.c:84 0x349a1d79 24
2 dynarray.c:95 0x349a1cb9 16
2 path.c:90 0x349a1859 6
1 path.c:143 0x349a1959 6
2 path.c:178 0x349a1ce9 24
1 dynarray.c:84 0x349a1479 24
2 dynarray.c:95 0x349a1699 16
2 path.c:191 0x349a16c9 6
2 path.c:205 0x349a1729 6
3 path.c:223 0x349a16c9 0x349a16c9 6 6
4 path.c:246 0x349a16c9 6
4 path.c:31 0x349a1729 6
4 dynarray.c:112 0x349a1699 16
4 dynarray.c:113 0x349a1479 24
4 path.c:254 0x349a1ce9 24
4 path.c:246 0x349a1959 6
4 path.c:31 0x349a1859 6
4 dynarray.c:112 0x349a1cb9 16
4 dynarray.c:113 0x349a1d79 24
4 path.c:254 0x349a1c59 24
4 path.c:246 0x349a0bf9 25
4 path.c:31 0x349a0c29 6
4 path.c:31 0x349a0c49 7
4 path.c:31 0x349a0c69 12
4 dynarray.c:112 0x349a0bc9 24
4 dynarray.c:113 0x349a0909 24
4 path.c:254 0x349a0b99 24
4 bdtBad5.c:263 0x349a0b59 32
4 path.c:246 0x349a0aa9 13
4 path.c:31 0x349a0ac9 6
4 path.c:31 0x349a0ae9 7
4 dynarray.c:112 0x349a0a79 16
4 dynarray.c:113 0x349a0599 24
4 path.c:254 0x349a0a49 24
4 bdtBad5.c:263 0x349a0a09 32
4 path.c:246 0x349a0849 6
4 path.c:31 0x349a0869 6
4 dynarray.c:112 0x349a0819 16
4 dynarray.c:113 0x349a05f9 24
4 path.c:254 0x349a07e9 24
4 bdtBad5.c:263 0x349a07a9 32
2 path.c:128 0x349a07e9 24
1 dynarray.c:84 0x349a1d49 24
2 dynarray.c:95 0x349a05f9 16
2 path.c:90 0x349a0869 6
2 path.c:90 0x349a0849 7
1 path.c:143 0x349a1979 13
4 path.c:246 0x349a1979 13
4 path.c:31 0x349a0869 6
4 path.c:31 0x349a0849 7
4 dynarray.c:112 0x349a05f9 16
4 dynarray.c:113 0x349a1d49 24
4 path.c:254 0x349a07e9 24
2 path.c:128 0x349a07e9 24
1 dynarray.c:84 0x349a0819 24
2 dynarray.c:95 0x349a1d49 16
2 path.c:90 0x349a0849 6
1 path.c:143 0x349a1979 6
4 path.c:246 0x349a1979 6
4 path.c:31 0x349a0849 6
4 dynarray.c:112 0x349a1d49 16
4 dynarray.c:113 0x349a0819 24
4 path.c:254 0x349a07e9 24
2 path.c:128 0x349a07e9 24
1 dynarray.c:84 0x349a05f9 24
2 dynarray.c:95 0x349a0819 16
2 path.c:90 0x349a0849 6
1 path.c:143 0x349a1979 6
4 path.c:246 0x349a1979 6
4 path.c:31 0x349a0849 6
4 dynarray.c:112 0x349a0819 16
4 dynarray.c:113 0x349a05f9 24
4 path.c:254 0x349a07e9 24
2 path.c:128 0x349a07e9 24
1 dynarray.c:84 0x349a1d49 24
2 dynarray.c:95 0x349a05f9 16
2 path.c:90 0x349a0849 13
1 path.c:143 0x349a1979 13
4 path.c:246 0x349a1979 13
4 path.c:31 0x349a0849 13
4 dynarray.c:112 0x349a05f9 16
4 dynarray.c:113 0x349a1d49 24
4 path.c:254 0x349a07e9 24
1 dynarray.c:84 0x349a0819 24
2 dynarray.c:95 0x349a07e9 16
1 bdtBad5.c:662 0x349a1979 1
4 dynarray.c:112 0x349a07e9 16
4 dynarray.c:113 0x349a0819 24
4 bdt_client.c:124 0x349a1979 1
2 path.c:128 0x349a0819 24
1 dynarray.c:84 0x349a1d49 24
2 dynarray.c:95 0x349a07e9 16
2 path.c:90 0x349a0849 2
2 path.c:90 0x349a0869 2
1 path.c:143 0x349a1979 4
2 path.c:178 0x349a0a49 24
1 dynarray.c:84 0x349a05f9 24
2 dynarray.c:95 0x349a0599 16
2 path.c:191 0x349a0ae9 4
2 path.c:205 0x349a0aa9 2
3 path.c:223 0x349a0ae9 0x349a0ae9 4 2
1 bdtBad5.c:143 0x349a1919 32
2 path.c:178 0x349a0b99 24
1 dynarray.c:84 0x349a0a79 24
2 dynarray.c:95 0x349a0909 16
2 path.c:191 0x349a0c69 2
2 path.c:205 0x349a0c49 2
3 path.c:223 0x349a0c69 0x349a0c69 2 2
4 path.c:246 0x349a0ae9 2
4 path.c:31 0x349a0aa9 2
4 dynarray.c:112 0x349a0599 16
4 dynarray.c:113 0x349a05f9 24
4 path.c:254 0x349a0a49 24
2 path.c:178 0x349a0a49 24
1 dynarray.c:84 0x349a0bc9 24
2 dynarray.c:95 0x349a05f9 16
2 path.c:191 0x349a0aa9 4
2 path.c:205 0x349a0ae9 2
2 path.c:205 0x349a0c29 2
3 path.c:223 0x349a0aa9 0x349a0aa9 4 4
1 bdtBad5.c:143 0x349a1509 32
2 path.c:178 0x349a0bf9 24
1 dynarray.c:84 0x349a0599 24
2 dynarray.c:95 0x349a1c59 16
2 path.c:191 0x349a1859 4
2 path.c:205 0x349a1959 2
2 path.c:205 0x349a1729 2
3 path.c:223 0x349a1859 0x349a1859 4 4
4 path.c:246 0x349a0aa9 4
4 path.c:31 0x349a0ae9 2
4 path.c:31 0x349a0c29 2
4 dynarray.c:112 0x349a05f9 16
4 dynarray.c:113 0x349a0bc9 24
4 path.c:254 0x349a0a49 24
4 path.c:246 0x349a1979 4
4 path.c:31 0x349a0849 2
4 path.c:31 0x349a0869 2
4 dynarray.c:112 0x349a07e9 16
4 dynarray.c:113 0x349a1d49 24
4 path.c:254 0x349a0819 24
1 dynarray.c:84 0x349a1d79 24
2 dynarray.c:95 0x349a0819 16
1 bdtBad5.c:662 0x349a0ac9 7
4 dynarray.c:112 0x349a0819 16
4 dynarray.c:113 0x349a1d79 24
4 bdt_client.c:136 0x349a0ac9 7
2 path.c:128 0x349a1d79 24
1 dynarray.c:84 0x349a1d49 24
2 dynarray.c:95 0x349a0819 16
2 path.c:90 0x349a0869 2
2 path.c:90 0x349a0849 2
1 path.c:143 0x349a0ac9 4
2 path.c:178 0x349a0a49 24
1 dynarray.c:84 0x349a07e9 24
2 dynarray.c:95 0x349a0bc9 16
2 path.c:191 0x349a1979 4
2 path.c:205 0x349a0ae9 2
3 path.c:223 0x349a1979 0x349a1979 4 2
4 path.c:246 0x349a1979 2
4 path.c:31 0x349a0ae9 2
4 dynarray.c:112 0x349a0bc9 16
4 dynarray.c:113 0x349a07e9 24
4 path.c:254 0x349a0a49 24
2 path.c:178 0x349a0a49 24
1 dynarray.c:84 0x349a05f9 24
2 dynarray.c:95 0x349a07e9 16
2 path.c:191 0x349a0ae9 4
2 path.c:205 0x349a1979 2
2 path.c:205 0x349a0aa9 2
3 path.c:223 0x349a0ae9 0x349a0ae9 4 4
4 path.c:246 0x349a0ae9 4
4 path.c:31 0x349a1979 2
4 path.c:31 0x349a0aa9 2
4 dynarray.c:112 0x349a07e9 16
4 dynarray.c:113 0x349a05f9 24
4 path.c:254 0x349a0a49 24
2 path.c:178 0x349a0a49 24
1 dynarray.c:84 0x349a0bc9 24
2 dynarray.c:95 0x349a05f9 16
2 path.c:191 0x349a0aa9 4
2 path.c:205 0x349a1979 2
2 path.c:205 0x349a0ae9 2
3 path.c:223 0x349a0aa9 0x349a0aa9 4 4
1 bdtBad5.c:143 0x349a12b9 32
2 path.c:178 0x349a1cb9 24
1 dynarray.c:84 0x349a07e9 24
2 dynarray.c:95 0x349a1ce9 16
2 path.c:191 0x349a16c9 4
2 path.c:205 0x349a1879 2
2 path.c:205 0x349a19d9 2
3 path.c:223 0x349a16c9 0x349a16c9 4 4
4 path.c:246 0x349a0aa9 4
4 path.c:31 0x349a1979 2
4 path.c:31 0x349a0ae9 2
4 dynarray.c:112 0x349a05f9 16
4 dynarray.c:113 0x349a0bc9 24
4 path.c:254 0x349a0a49 24
4 path.c:246 0x349a0ac9 4
4 path.c:31 0x349a0869 2
4 path.c:31 0x349a0849 2
4 dynarray.c:112 0x349a0819 16
4 dynarray.c:113 0x349a1d49 24
4 path.c:254 0x349a1d79 24
1 dynarray.c:84 0x349a1479 24
2 dynarray.c:95 0x349a1d79 24
1 bdtBad5.c:662 0x349a0c29 11
4 dynarray.c:112 0x349a1d79 24
4 dynarray.c:113 0x349a1479 24
4 bdt_client.c:140 0x349a0c29 11
2 path.c:128 0x349a1479 24
1 dynarray.c:84 0x349a1d49 24
2 dynarray.c:95 0x349a1d79 16
2 path.c:90 0x349a0849 2
2 path.c:90 0x349a0869 2
1 path.c:143 0x349a0c29 4
2 path.c:178 0x349a0a49 24
1 dynarray.c:84 0x349a0819 24
2 dynarray.c:95 0x349a0bc9 16
2 path.c:191 0x349a0ac9 4
2 path.c:205 0x349a1979 2
3 path.c:223 0x349a0ac9 0x349a0ac9 4 2
4 path.c:246 0x349a0ac9 2
4 path.c:31 0x349a1979 2
4 dynarray.c:112 0x349a0bc9 16
4 dynarray.c:113 0x349a0819 24
4 path.c:254 0x349a0a49 24
2 path.c:178 0x349a0a49 24
1 dynarray.c:84 0x349a05f9 24
2 dynarray.c:95 0x349a0819 16
2 path.c:191 0x349a1979 4
2 path.c:205 0x349a0ac9 2
2 path.c:205 0x349a0aa9 2
3 path.c:223 0x349a1979 0x349a1979 4 4
4 path.c:246 0x349a1979 4
4 path.c:31 0x349a0ac9 2
4 path.c:31 0x349a0aa9 2
4 dynarray.c:112 0x349a0819 16
4 dynarray.c:113 0x349a05f9 24
4 path.c:254 0x349a0a49 24
4 path.c:246 0x349a0c29 4
4 path.c:31 0x349a0849 2
4 path.c:31 0x349a0869 2
4 dynarray.c:112 0x349a1d79 16
4 dynarray.c:113 0x349a1d49 24
4 path.c:254 0x349a1479 24
4 path.c:246 0x349a1859 4
4 path.c:31 0x349a1959 2
4 path.c:31 0x349a1729 2
4 dynarray.c:112 0x349a1c59 16
4 dynarray.c:113 0x349a0599 24
4 path.c:254 0x349a0bf9 24
4 bdtBad5.c:263 0x349a1509 32
1 dynarray.c:84 0x349a0bc9 24
2 dynarray.c:95 0x349a0bf9 16
1 bdtBad5.c:662 0x349a0ae9 7
4 dynarray.c:112 0x349a0bf9 16
4 dynarray.c:113 0x349a0bc9 24
4 bdt_client.c:144 0x349a0ae9 7
2 path.c:128 0x349a0bc9 24
1 dynarray.c:84 0x349a0599 24
2 dynarray.c:95 0x349a0bf9 16
2 path.c:90 0x349a1729 2
2 path.c:90 0x349a1959 3
1 path.c:143 0x349a0ae9 5
2 path.c:178 0x349a1479 24
1 dynarray.c:84 0x349a1c59 24
2 dynarray.c:95 0x349a1d49 16
2 path.c:191 0x349a1859 5
2 path.c:205 0x349a0849 2
3 path.c:223 0x349a1859 0x349a1859 5 2
4 path.c:246 0x349a1859 2
4 path.c:31 0x349a0849 2
4 dynarray.c:112 0x349a1d49 16
4 dynarray.c:113 0x349a1c59 24
4 path.c:254 0x349a1479 24
2 path.c:178 0x349a1479 24
1 dynarray.c:84 0x349a1d79 24
2 dynarray.c:95 0x349a1c59 16
2 path.c:191 0x349a0849 5
2 path.c:205 0x349a1859 2
2 path.c:205 0x349a0c29 3
3 path.c:223 0x349a0849 0x349a0849 5 5
4 path.c:246 0x349a0849 5
4 path.c:31 0x349a1859 2
4 path.c:31 0x349a0c29 3
4 dynarray.c:112 0x349a1c59 16
4 dynarray.c:113 0x349a1d79 24
4 path.c:254 0x349a1479 24
2 path.c:178 0x349a1479 24
1 dynarray.c:84 0x349a1d49 24
2 dynarray.c:95 0x349a1d79 16
2 path.c:191 0x349a0c29 5
2 path.c:205 0x349a1859 2
2 path.c:205 0x349a0849 3
3 path.c:223 0x349a0c29 0x349a0c29 5 5
1 bdtBad5.c:143 0x349a1509 32
2 path.c:178 0x349a0a49 24
1 dynarray.c:84 0x349a1c59 24
2 dynarray.c:95 0x349a05f9 16
2 path.c:191 0x349a0aa9 5
2 path.c:205 0x349a0ac9 2
2 path.c:205 0x349a1979 3
3 path.c:223 0x349a0aa9 0x349a0aa9 5 5
4 path.c:246 0x349a0c29 5
4 path.c:31 0x349a1859 2
4 path.c:31 0x349a0849 3
4 dynarray.c:112 0x349a1d79 16
4 dynarray.c:113 0x349a1d49 24
4 path.c:254 0x349a1479 24
4 path.c:246 0x349a0ae9 5
4 path.c:31 0x349a1729 2
4 path.c:31 0x349a1959 3
4 dynarray.c:112 0x349a0bf9 16
4 dynarray.c:113 0x349a0599 24
4 path.c:254 0x349a0bc9 24
1 dynarray.c:84 0x349a0819 24
2 dynarray.c:95 0x349a0bc9 24
1 bdtBad5.c:662 0x349a0869 12
4 dynarray.c:112 0x349a0bc9 24
4 dynarray.c:113 0x349a0819 24
4 bdt_client.c:148 0x349a0869 12
2 path.c:128 0x349a0819 24
1 dynarray.c:84 0x349a0599 24
2 dynarray.c:95 0x349a0bc9 16
2 path.c:90 0x349a1959 2
2 path.c:90 0x349a1729 3
1 path.c:143 0x349a0869 5
2 path.c:178 0x349a1479 24
1 dynarray.c:84 0x349a0bf9 24
2 dynarray.c:95 0x349a1d49 16
2 path.c:191 0x349a0ae9 5
2 path.c:205 0x349a1859 2
3 path.c:223 0x349a0ae9 0x349a0ae9 5 2
4 path.c:246 0x349a0ae9 2
4 path.c:31 0x349a1859 2
4 dynarray.c:112 0x349a1d49 16
4 dynarray.c:113 0x349a0bf9 24
4 path.c:254 0x349a1479 24
2 path.c:178 0x349a1479 24
1 dynarray.c:84 0x349a1d79 24
2 dynarray.c:95 0x349a0bf9 16
2 path.c:191 0x349a1859 5
2 path.c:205 0x349a0ae9 2
2 path.c:205 0x349a0c29 3
3 path.c:223 0x349a1859 0x349a1859 5 5
4 path.c:246 0x349a1859 5
4 path.c:31 0x349a0ae9 2
4 path.c:31 0x349a0c29 3
4 dynarray.c:112 0x349a0bf9 16
4 dynarray.c:113 0x349a1d79 24
4 path.c:254 0x349a1479 24
4 path.c:246 0x349a0869 5
4 path.c:31 0x349a1959 2
4 path.c:31 0x349a1729 3
4 dynarray.c:112 0x349a0bc9 16
4 dynarray.c:113 0x349a0599 24
4 path.c:254 0x349a0819 24
4 path.c:246 0x349a0aa9 5
4 path.c:31 0x349a0ac9 2
4 path.c:31 0x349a1979 3
4 dynarray.c:112 0x349a05f9 16
4 dynarray.c:113 0x349a1c59 24
4 path.c:254 0x349a0a49 24
4 bdtBad5.c:263 0x349a1509 32
1 dynarray.c:84 0x349a1d49 24
2 dynarray.c:95 0x349a0a49 16
1 bdtBad5.c:662 0x349a0849 7
4 dynarray.c:112 0x349a0a49 16
4 dynarray.c:113 0x349a1d49 24
4 bdt_client.c:152 0x349a0849 7
2 path.c:128 0x349a1d49 24
1 dynarray.c:84 0x349a1c59 24
2 dynarray.c:95 0x349a0a49 16
2 path.c:90 0x349a1979 2
2 path.c:90 0x349a0ac9 3
1 path.c:143 0x349a0849 5
2 path.c:178 0x349a0819 24
1 dynarray.c:84 0x349a05f9 24
2 dynarray.c:95 0x349a0599 16
2 path.c:191 0x349a0aa9 5
2 path.c:205 0x349a1959 2
3 path.c:223 0x349a0aa9 0x349a0aa9 5 2
4 path.c:246 0x349a0aa9 2
4 path.c:31 0x349a1959 2
4 dynarray.c:112 0x349a0599 16
4 dynarray.c:113 0x349a05f9 24
4 path.c:254 0x349a0819 24
2 path.c:178 0x349a0819 24
1 dynarray.c:84 0x349a0bc9 24
2 dynarray.c:95 0x349a05f9 16
2 path.c:191 0x349a1959 5
2 path.c:205 0x349a0aa9 2
2 path.c:205 0x349a0869 3
3 path.c:223 0x349a1959 0x349a1959 5 5
4 path.c:246 0x349a1959 5
4 path.c:31 0x349a0aa9 2
4 path.c:31 0x349a0869 3
4 dynarray.c:112 0x349a05f9 16
4 dynarray.c:113 0x349a0bc9 24
4 path.c:254 0x349a0819 24
2 path.c:178 0x349a0819 24
1 dynarray.c:84 0x349a0599 24
2 dynarray.c:95 0x349a0bc9 16
2 path.c:191 0x349a0869 5
2 path.c:205 0x349a0aa9 2
2 path.c:205 0x349a1959 3
3 path.c:223 0x349a0869 0x349a0869 5 5
1 bdtBad5.c:143 0x349a1509 32
2 path.c:178 0x349a1479 24
1 dynarray.c:84 0x349a05f9 24
2 dynarray.c:95 0x349a1d79 16
2 path.c:191 0x349a0c29 5
2 path.c:205 0x349a0ae9 2
2 path.c:205 0x349a1859 3
3 path.c:223 0x349a0c29 0x349a0c29 5 5
4 path.c:246 0x349a0869 5
4 path.c:31 0x349a0aa9 2
4 path.c:31 0x349a1959 3
4 dynarray.c:112 0x349a0bc9 16
4 dynarray.c:113 0x349a0599 24
4 path.c:254 0x349a0819 24
4 path.c:246 0x349a0849 5
4 path.c:31 0x349a1979 2
4 path.c:31 0x349a0ac9 3
4 dynarray.c:112 0x349a0a49 16
4 dynarray.c:113 0x349a1c59 24
4 path.c:254 0x349a1d49 24
1 dynarray.c:84 0x349a0bf9 24
2 dynarray.c:95 0x349a1d49 24
1 bdtBad5.c:662 0x349a1729 12
4 dynarray.c:112 0x349a1d49 24
4 dynarray.c:113 0x349a0bf9 24
4 bdt_client.c:156 0x349a1729 12
2 path.c:128 0x349a0bf9 24
1 dynarray.c:84 0x349a1c59 24
2 dynarray.c:95 0x349a1d49 16
2 path.c:90 0x349a0ac9 2
2 path.c:90 0x349a1979 2
1 path.c:143 0x349a1729 4
2 path.c:178 0x349a0819 24
1 dynarray.c:84 0x349a0a49 24
2 dynarray.c:95 0x349a0599 16
2 path.c:191 0x349a0849 4
2 path.c:205 0x349a0aa9 2
3 path.c:223 0x349a0849 0x349a0849 4 2
4 path.c:246 0x349a0849 2
4 path.c:31 0x349a0aa9 2
4 dynarray.c:112 0x349a0599 16
4 dynarray.c:113 0x349a0a49 24
4 path.c:254 0x349a0819 24
2 path.c:178 0x349a0819 24
1 dynarray.c:84 0x349a0bc9 24
2 dynarray.c:95 0x349a0a49 16
2 path.c:191 0x349a0aa9 4
2 path.c:205 0x349a0849 2
2 path.c:205 0x349a0869 2
3 path.c:223 0x349a0aa9 0x349a0aa9 4 4
4 path.c:246 0x349a0aa9 4
4 path.c:31 0x349a0849 2
4 path.c:31 0x349a0869 2
4 dynarray.c:112 0x349a0a49 16
4 dynarray.c:113 0x349a0bc9 24
4 path.c:254 0x349a0819 24
4 path.c:246 0x349a1729 4
4 path.c:31 0x349a0ac9 2
4 path.c:31 0x349a1979 2
4 dynarray.c:112 0x349a1d49 16
4 dynarray.c:113 0x349a1c59 24
4 path.c:254 0x349a0bf9 24
4 path.c:246 0x349a16c9 4
4 path.c:31 0x349a1879 2
4 path.c:31 0x349a19d9 2
4 dynarray.c:112 0x349a1ce9 16
4 dynarray.c:113 0x349a07e9 24
4 path.c:254 0x349a1cb9 24
4 bdtBad5.c:263 0x349a12b9 32
1 dynarray.c:84 0x349a0599 24
2 dynarray.c:95 0x349a1cb9 16
1 bdtBad5.c:662 0x349a1959 8
4 dynarray.c:112 0x349a1cb9 16
4 dynarray.c:113 0x349a0599 24
4 bdt_client.c:160 0x349a1959 8
4 path.c:246 0x349a0c29 5
4 path.c:31 0x349a0ae9 2
4 path.c:31 0x349a1859 3
4 dynarray.c:112 0x349a1d79 16
4 dynarray.c:113 0x349a05f9 24
4 path.c:254 0x349a1479 24
4 bdtBad5.c:263 0x349a1509 32
4 path.c:246 0x349a0c69 2
4 path.c:31 0x349a0c49 2
4 dynarray.c:112 0x349a0909 16
4 dynarray.c:113 0x349a0a79 24
4 path.c:254 0x349a0b99 24
4 bdtBad5.c:263 0x349a1919 32
