2 path.c:128 0x345f62a9 24
4 path.c:254 0x345f62a9 24
2 path.c:128 0x345f84c9 24
1 dynarray.c:84 0x345f62a9 24
2 dynarray.c:95 0x345f84f9 16
2 path.c:90 0x345f8529 6
1 path.c:143 0x345f8549 6
4 path.c:246 0x345f8549 6
4 path.c:31 0x345f8529 6
4 dynarray.c:112 0x345f84f9 16
4 dynarray.c:113 0x345f62a9 24
4 path.c:254 0x345f84c9 24
1 dynarray.c:84 0x345f84c9 24
2 dynarray.c:95 0x345f8569 16
1 bdtBad4.c:663 0x345f8529 1
4 dynarray.c:112 0x345f8569 16
4 dynarray.c:113 0x345f84c9 24
4 bdt_client.c:39 0x345f8529 1
2 path.c:128 0x345f8599 24
4 path.c:254 0x345f8599 24
2 path.c:128 0x345f85c9 24
1 dynarray.c:84 0x345f8599 24
2 dynarray.c:95 0x345f85f9 16
4 dynarray.c:112 0x345f85f9 16
4 dynarray.c:113 0x345f8599 24
4 path.c:254 0x345f85c9 24
2 path.c:128 0x345f8629 24
1 dynarray.c:84 0x345f85c9 24
2 dynarray.c:95 0x345f8659 16
2 path.c:90 0x345f8689 6
2 path.c:90 0x345f86a9 7
4 path.c:31 0x345f8689 6
4 path.c:31 0x345f86a9 7
4 dynarray.c:112 0x345f8659 16
4 dynarray.c:113 0x345f85c9 24
4 path.c:254 0x345f8629 24
2 path.c:128 0x345f8629 24
1 dynarray.c:84 0x345f8659 24
2 dynarray.c:95 0x345f85c9 16
2 path.c:90 0x345f86c9 6
4 path.c:31 0x345f86c9 6
4 dynarray.c:112 0x345f85c9 16
4 dynarray.c:113 0x345f8659 24
4 path.c:254 0x345f8629 24
2 path.c:128 0x345f8629 24
1 dynarray.c:84 0x345f85c9 24
2 dynarray.c:95 0x345f8659 16
2 path.c:90 0x345f86e9 6
1 path.c:143 0x345f86c9 6
2 path.c:178 0x345f8709 24
1 dynarray.c:84 0x345f8599 24
2 dynarray.c:95 0x345f8739 16
2 path.c:191 0x345f8769 6
2 path.c:205 0x345f8789 6
3 path.c:223 0x345f8769 0x345f8769 6 6
1 bdtBad4.c:143 0x345f87a9 32
2 path.c:178 0x345f87e9 24
1 dynarray.c:84 0x345f85f9 24
2 dynarray.c:95 0x345f8819 16
2 path.c:191 0x345f8849 6
2 path.c:205 0x345f8869 6
3 path.c:223 0x345f8849 0x345f8849 6 6
4 path.c:246 0x345f8769 6
4 path.c:31 0x345f8789 6
4 dynarray.c:112 0x345f8739 16
4 dynarray.c:113 0x345f8599 24
4 path.c:254 0x345f8709 24
4 path.c:246 0x345f86c9 6
4 path.c:31 0x345f86e9 6
4 dynarray.c:112 0x345f8659 16
4 dynarray.c:113 0x345f85c9 24
4 path.c:254 0x345f8629 24
2 path.c:128 0x345f8629 24
1 dynarray.c:84 0x345f8709 24
2 dynarray.c:95 0x345f85c9 16
2 path.c:90 0x345f86e9 6
2 path.c:90 0x345f8889 7
2 path.c:90 0x345f88a9 12
3 dynarray.c:69 0x345f88c9 0x345f85c9 16 32
1 path.c:143 0x345f8659 25
2 path.c:178 0x345f85c9 24
1 dynarray.c:84 0x345f8599 24
2 dynarray.c:95 0x345f8909 16
2 path.c:191 0x345f8939 25
2 path.c:205 0x345f8969 6
3 path.c:223 0x345f8939 0x345f8939 25 6
4 path.c:246 0x345f8939 6
4 path.c:31 0x345f8969 6
4 dynarray.c:112 0x345f8909 16
4 dynarray.c:113 0x345f8599 24
4 path.c:254 0x345f85c9 24
2 path.c:178 0x345f85c9 24
1 dynarray.c:84 0x345f8909 24
2 dynarray.c:95 0x345f8599 16
2 path.c:191 0x345f8989 25
2 path.c:205 0x345f8969 6
2 path.c:205 0x345f89b9 7
3 path.c:223 0x345f8989 0x345f8989 25 13
4 path.c:246 0x345f8989 13
4 path.c:31 0x345f8969 6
4 path.c:31 0x345f89b9 7
4 dynarray.c:112 0x345f8599 16
4 dynarray.c:113 0x345f8909 24
4 path.c:254 0x345f85c9 24
2 path.c:178 0x345f85c9 24
1 dynarray.c:84 0x345f8989 24
2 dynarray.c:95 0x345f8909 16
2 path.c:191 0x345f89d9 25
2 path.c:205 0x345f89b9 6
2 path.c:205 0x345f8969 7
3 path.c:223 0x345f89d9 0x345f89d9 25 13
1 bdtBad4.c:143 0x345f8a09 32
2 path.c:178 0x345f8a49 24
1 dynarray.c:84 0x345f8599 24
2 dynarray.c:95 0x345f8a79 16
2 path.c:191 0x345f8aa9 13
2 path.c:205 0x345f8ac9 6
2 path.c:205 0x345f8ae9 7
3 path.c:223 0x345f8aa9 0x345f8aa9 13 13
4 path.c:246 0x345f89d9 13
4 path.c:31 0x345f89b9 6
4 path.c:31 0x345f8969 7
4 dynarray.c:112 0x345f8909 16
4 dynarray.c:113 0x345f8989 24
4 path.c:254 0x345f85c9 24
2 path.c:178 0x345f85c9 24
1 dynarray.c:84 0x345f89d9 24
2 dynarray.c:95 0x345f8989 24
2 path.c:191 0x345f8b09 25
2 path.c:205 0x345f8969 6
2 path.c:205 0x345f89b9 7
2 path.c:205 0x345f8b39 12
3 path.c:223 0x345f8b09 0x345f8b09 25 25
1 bdtBad4.c:143 0x345f8b59 32
2 path.c:178 0x345f8b99 24
1 dynarray.c:84 0x345f8909 24
2 dynarray.c:95 0x345f8bc9 24
2 path.c:191 0x345f8bf9 25
2 path.c:205 0x345f8c29 6
2 path.c:205 0x345f8c49 7
2 path.c:205 0x345f8c69 12
3 path.c:223 0x345f8bf9 0x345f8bf9 25 25
4 path.c:246 0x345f8b09 25
4 path.c:31 0x345f8969 6
4 path.c:31 0x345f89b9 7
4 path.c:31 0x345f8b39 12
4 dynarray.c:112 0x345f8989 24
4 dynarray.c:113 0x345f89d9 24
4 path.c:254 0x345f85c9 24
4 path.c:246 0x345f8659 25
4 path.c:31 0x345f86e9 6
4 path.c:31 0x345f8889 7
4 path.c:31 0x345f88a9 12
4 dynarray.c:112 0x345f88c9 32
4 dynarray.c:113 0x345f8709 24
4 path.c:254 0x345f8629 24
2 path.c:128 0x345f8629 24
1 dynarray.c:84 0x345f8b09 24
2 dynarray.c:95 0x345f8709 16
2 path.c:90 0x345f88a9 6
1 path.c:143 0x345f86c9 6
2 path.c:178 0x345f85c9 24
1 dynarray.c:84 0x345f8659 24
2 dynarray.c:95 0x345f89d9 16
2 path.c:191 0x345f8889 6
2 path.c:205 0x345f8b39 6
3 path.c:223 0x345f8889 0x345f8889 6 6
4 path.c:246 0x345f8889 6
4 path.c:31 0x345f8b39 6
4 dynarray.c:112 0x345f89d9 16
4 dynarray.c:113 0x345f8659 24
4 path.c:254 0x345f85c9 24
4 path.c:246 0x345f86c9 6
4 path.c:31 0x345f88a9 6
4 dynarray.c:112 0x345f8709 16
4 dynarray.c:113 0x345f8b09 24
4 path.c:254 0x345f8629 24
2 path.c:128 0x345f8629 24
1 dynarray.c:84 0x345f8989 24
2 dynarray.c:95 0x345f8b09 16
2 path.c:90 0x345f88a9 6
2 path.c:90 0x345f86c9 7
1 path.c:143 0x345f86e9 13
2 path.c:178 0x345f85c9 24
1 dynarray.c:84 0x345f8709 24
2 dynarray.c:95 0x345f8659 16
2 path.c:191 0x345f8b39 13
2 path.c:205 0x345f89b9 6
3 path.c:223 0x345f8b39 0x345f8b39 13 6
4 path.c:246 0x345f8b39 6
4 path.c:31 0x345f89b9 6
4 dynarray.c:112 0x345f8659 16
4 dynarray.c:113 0x345f8709 24
4 path.c:254 0x345f85c9 24
2 path.c:178 0x345f85c9 24
1 dynarray.c:84 0x345f89d9 24
2 dynarray.c:95 0x345f8709 16
2 path.c:191 0x345f89b9 13
2 path.c:205 0x345f8b39 6
2 path.c:205 0x345f8969 7
3 path.c:223 0x345f89b9 0x345f89b9 13 13
4 path.c:246 0x345f89b9 13
4 path.c:31 0x345f8b39 6
4 path.c:31 0x345f8969 7
4 dynarray.c:112 0x345f8709 16
4 dynarray.c:113 0x345f89d9 24
4 path.c:254 0x345f85c9 24
4 path.c:246 0x345f86e9 13
4 path.c:31 0x345f88a9 6
4 path.c:31 0x345f86c9 7
4 dynarray.c:112 0x345f8b09 16
4 dynarray.c:113 0x345f8989 24
4 path.c:254 0x345f8629 24
2 path.c:128 0x345f8629 24
1 dynarray.c:84 0x345f8659 24
2 dynarray.c:95 0x345f8989 16
2 path.c:90 0x345f86c9 6
2 path.c:90 0x345f88a9 7
2 path.c:90 0x345f86e9 12
3 dynarray.c:69 0x345f8c89 0x345f8989 16 32
1 path.c:143 0x345f8b09 25
2 path.c:178 0x345f8989 24
1 dynarray.c:84 0x345f85c9 24
2 dynarray.c:95 0x345f89d9 16
2 path.c:191 0x345f8cc9 25
2 path.c:205 0x345f8969 6
3 path.c:223 0x345f8cc9 0x345f8cc9 25 6
4 path.c:246 0x345f8cc9 6
4 path.c:31 0x345f8969 6
4 dynarray.c:112 0x345f89d9 16
4 dynarray.c:113 0x345f85c9 24
4 path.c:254 0x345f8989 24
2 path.c:178 0x345f8989 24
1 dynarray.c:84 0x345f8709 24
2 dynarray.c:95 0x345f85c9 16
2 path.c:191 0x345f8cc9 25
2 path.c:205 0x345f8969 6
2 path.c:205 0x345f8b39 7
3 path.c:223 0x345f8cc9 0x345f8cc9 25 13
4 path.c:246 0x345f8cc9 13
4 path.c:31 0x345f8969 6
4 path.c:31 0x345f8b39 7
4 dynarray.c:112 0x345f85c9 16
4 dynarray.c:113 0x345f8709 24
4 path.c:254 0x345f8989 24
2 path.c:178 0x345f8989 24
1 dynarray.c:84 0x345f89d9 24
2 dynarray.c:95 0x345f8709 24
2 path.c:191 0x345f8cc9 25
2 path.c:205 0x345f8b39 6
2 path.c:205 0x345f8969 7
2 path.c:205 0x345f89b9 12
3 path.c:223 0x345f8cc9 0x345f8cc9 25 25
4 path.c:246 0x345f8cc9 25
4 path.c:31 0x345f8b39 6
4 path.c:31 0x345f8969 7
4 path.c:31 0x345f89b9 12
4 dynarray.c:112 0x345f8709 24
4 dynarray.c:113 0x345f89d9 24
4 path.c:254 0x345f8989 24
4 path.c:246 0x345f8b09 25
4 path.c:31 0x345f86c9 6
4 path.c:31 0x345f88a9 7
4 path.c:31 0x345f86e9 12
4 dynarray.c:112 0x345f8c89 32
4 dynarray.c:113 0x345f8659 24
4 path.c:254 0x345f8629 24
2 path.c:128 0x345f8629 24
1 dynarray.c:84 0x345f85c9 24
2 dynarray.c:95 0x345f8659 16
2 path.c:90 0x345f86e9 12
1 path.c:143 0x345f8889 12
2 path.c:178 0x345f8989 24
1 dynarray.c:84 0x345f8b09 24
2 dynarray.c:95 0x345f89d9 16
2 path.c:191 0x345f88a9 12
2 path.c:205 0x345f89b9 12
3 path.c:223 0x345f88a9 0x345f88a9 12 12
4 path.c:246 0x345f88a9 12
4 path.c:31 0x345f89b9 12
4 dynarray.c:112 0x345f89d9 16
4 dynarray.c:113 0x345f8b09 24
4 path.c:254 0x345f8989 24
4 path.c:246 0x345f8889 12
4 path.c:31 0x345f86e9 12
4 dynarray.c:112 0x345f8659 16
4 dynarray.c:113 0x345f85c9 24
4 path.c:254 0x345f8629 24
2 path.c:128 0x345f8629 24
1 dynarray.c:84 0x345f8709 24
2 dynarray.c:95 0x345f85c9 16
2 path.c:90 0x345f86e9 12
1 path.c:143 0x345f86c9 12
2 path.c:178 0x345f8989 24
1 dynarray.c:84 0x345f8659 24
2 dynarray.c:95 0x345f8b09 16
2 path.c:191 0x345f8889 12
2 path.c:205 0x345f88a9 12
3 path.c:223 0x345f8889 0x345f8889 12 12
4 path.c:246 0x345f8889 12
4 path.c:31 0x345f88a9 12
4 dynarray.c:112 0x345f8b09 16
4 dynarray.c:113 0x345f8659 24
4 path.c:254 0x345f8989 24
4 path.c:246 0x345f86c9 12
4 path.c:31 0x345f86e9 12
4 dynarray.c:112 0x345f85c9 16
4 dynarray.c:113 0x345f8709 24
4 path.c:254 0x345f8629 24
2 path.c:128 0x345f8629 24
1 dynarray.c:84 0x345f89d9 24
2 dynarray.c:95 0x345f8709 16
2 path.c:90 0x345f86e9 12
1 path.c:143 0x345f89b9 12
2 path.c:178 0x345f8989 24
1 dynarray.c:84 0x345f85c9 24
2 dynarray.c:95 0x345f8659 16
2 path.c:191 0x345f86c9 12
2 path.c:205 0x345f8889 12
3 path.c:223 0x345f86c9 0x345f86c9 12 12
4 path.c:246 0x345f86c9 12
4 path.c:31 0x345f8889 12
4 dynarray.c:112 0x345f8659 16
4 dynarray.c:113 0x345f85c9 24
4 path.c:254 0x345f8989 24
4 path.c:246 0x345f89b9 12
4 path.c:31 0x345f86e9 12
4 dynarray.c:112 0x345f8709 16
4 dynarray.c:113 0x345f89d9 24
4 path.c:254 0x345f8629 24
2 path.c:128 0x345f8629 24
1 dynarray.c:84 0x345f8b09 24
2 dynarray.c:95 0x345f89d9 16
2 path.c:90 0x345f86e9 6
2 path.c:90 0x345f89b9 8
1 path.c:143 0x345f88a9 14
2 path.c:178 0x345f8989 24
1 dynarray.c:84 0x345f8709 24
2 dynarray.c:95 0x345f85c9 16
2 path.c:191 0x345f8889 14
2 path.c:205 0x345f8969 6
3 path.c:223 0x345f8889 0x345f8889 14 6
4 path.c:246 0x345f8889 6
4 path.c:31 0x345f8969 6
4 dynarray.c:112 0x345f85c9 16
4 dynarray.c:113 0x345f8709 24
4 path.c:254 0x345f8989 24
2 path.c:178 0x345f8989 24
1 dynarray.c:84 0x345f8659 24
2 dynarray.c:95 0x345f8709 16
2 path.c:191 0x345f8969 14
2 path.c:205 0x345f8889 6
2 path.c:205 0x345f8b39 8
3 path.c:223 0x345f8969 0x345f8969 14 14
4 path.c:246 0x345f8969 14
4 path.c:31 0x345f8889 6
4 path.c:31 0x345f8b39 8
4 dynarray.c:112 0x345f8709 16
4 dynarray.c:113 0x345f8659 24
4 path.c:254 0x345f8989 24
4 path.c:246 0x345f88a9 14
4 path.c:31 0x345f86e9 6
4 path.c:31 0x345f89b9 8
4 dynarray.c:112 0x345f89d9 16
4 dynarray.c:113 0x345f8b09 24
4 path.c:254 0x345f8629 24
2 path.c:128 0x345f8629 24
1 dynarray.c:84 0x345f85c9 24
2 dynarray.c:95 0x345f8b09 16
2 path.c:90 0x345f89b9 6
2 path.c:90 0x345f86e9 7
2 path.c:90 0x345f88a9 12
3 dynarray.c:69 0x345f8cf9 0x345f8b09 16 32
1 path.c:143 0x345f89d9 25
2 path.c:178 0x345f8b09 24
1 dynarray.c:84 0x345f8989 24
2 dynarray.c:95 0x345f8659 16
2 path.c:191 0x345f8cc9 25
2 path.c:205 0x345f8b39 6
3 path.c:223 0x345f8cc9 0x345f8cc9 25 6
4 path.c:246 0x345f8cc9 6
4 path.c:31 0x345f8b39 6
4 dynarray.c:112 0x345f8659 16
4 dynarray.c:113 0x345f8989 24
4 path.c:254 0x345f8b09 24
2 path.c:178 0x345f8b09 24
1 dynarray.c:84 0x345f8709 24
2 dynarray.c:95 0x345f8989 16
2 path.c:191 0x345f8cc9 25
2 path.c:205 0x345f8b39 6
2 path.c:205 0x345f8889 7
3 path.c:223 0x345f8cc9 0x345f8cc9 25 13
4 path.c:246 0x345f8cc9 13
4 path.c:31 0x345f8b39 6
4 path.c:31 0x345f8889 7
4 dynarray.c:112 0x345f8989 16
4 dynarray.c:113 0x345f8709 24
4 path.c:254 0x345f8b09 24
2 path.c:178 0x345f8b09 24
1 dynarray.c:84 0x345f8659 24
2 dynarray.c:95 0x345f8709 24
2 path.c:191 0x345f8cc9 25
2 path.c:205 0x345f8889 6
2 path.c:205 0x345f8b39 7
2 path.c:205 0x345f8969 12
3 path.c:223 0x345f8cc9 0x345f8cc9 25 25
4 path.c:246 0x345f8cc9 25
4 path.c:31 0x345f8889 6
4 path.c:31 0x345f8b39 7
4 path.c:31 0x345f8969 12
4 dynarray.c:112 0x345f8709 24
4 dynarray.c:113 0x345f8659 24
4 path.c:254 0x345f8b09 24
4 path.c:246 0x345f89d9 25
4 path.c:31 0x345f89b9 6
4 path.c:31 0x345f86e9 7
4 path.c:31 0x345f88a9 12
4 dynarray.c:112 0x345f8cf9 32
4 dynarray.c:113 0x345f85c9 24
4 path.c:254 0x345f8629 24
2 path.c:128 0x345f8629 24
1 dynarray.c:84 0x345f8989 24
2 dynarray.c:95 0x345f85c9 16
2 path.c:90 0x345f88a9 12
2 path.c:90 0x345f86e9 6
2 path.c:90 0x345f89b9 9
3 dynarray.c:69 0x345f8d39 0x345f85c9 16 32
1 path.c:143 0x345f89d9 27
2 path.c:178 0x345f85c9 24
1 dynarray.c:84 0x345f8b09 24
2 dynarray.c:95 0x345f8659 16
2 path.c:191 0x345f8cc9 27
2 path.c:205 0x345f8969 12
3 path.c:223 0x345f8cc9 0x345f8cc9 27 12
4 path.c:246 0x345f8cc9 12
4 path.c:31 0x345f8969 12
4 dynarray.c:112 0x345f8659 16
4 dynarray.c:113 0x345f8b09 24
4 path.c:254 0x345f85c9 24
4 path.c:246 0x345f89d9 27
4 path.c:31 0x345f88a9 12
4 path.c:31 0x345f86e9 6
4 path.c:31 0x345f89b9 9
4 dynarray.c:112 0x345f8d39 32
4 dynarray.c:113 0x345f8989 24
4 path.c:254 0x345f8629 24
2 path.c:128 0x345f8629 24
1 dynarray.c:84 0x345f8709 24
2 dynarray.c:95 0x345f8989 16
2 path.c:90 0x345f89b9 6
2 path.c:90 0x345f86e9 8
1 path.c:143 0x345f86c9 14
2 path.c:178 0x345f85c9 24
1 dynarray.c:84 0x345f89d9 24
2 dynarray.c:95 0x345f8b09 16
2 path.c:191 0x345f88a9 14
2 path.c:205 0x345f8b39 6
3 path.c:223 0x345f88a9 0x345f88a9 14 6
4 path.c:246 0x345f88a9 6
4 path.c:31 0x345f8b39 6
4 dynarray.c:112 0x345f8b09 16
4 dynarray.c:113 0x345f89d9 24
4 path.c:254 0x345f85c9 24
2 path.c:178 0x345f85c9 24
1 dynarray.c:84 0x345f8659 24
2 dynarray.c:95 0x345f89d9 16
2 path.c:191 0x345f8b39 14
2 path.c:205 0x345f88a9 6
2 path.c:205 0x345f8889 8
3 path.c:223 0x345f8b39 0x345f8b39 14 14
4 path.c:246 0x345f8b39 14
4 path.c:31 0x345f88a9 6
4 path.c:31 0x345f8889 8
4 dynarray.c:112 0x345f89d9 16
4 dynarray.c:113 0x345f8659 24
4 path.c:254 0x345f85c9 24
2 path.c:178 0x345f85c9 24
1 dynarray.c:84 0x345f8b09 24
2 dynarray.c:95 0x345f8659 16
2 path.c:191 0x345f8889 14
2 path.c:205 0x345f88a9 6
2 path.c:205 0x345f8b39 8
3 path.c:223 0x345f8889 0x345f8889 14 14
1 bdtBad4.c:143 0x345f8d39 32
2 path.c:178 0x345f8cc9 24
1 dynarray.c:84 0x345f89d9 24
2 dynarray.c:95 0x345f8d79 16
2 path.c:191 0x345f8da9 14
2 path.c:205 0x345f8dc9 6
2 path.c:205 0x345f8de9 8
3 path.c:223 0x345f8da9 0x345f8da9 14 14
4 path.c:246 0x345f8889 14
4 path.c:31 0x345f88a9 6
4 path.c:31 0x345f8b39 8
4 dynarray.c:112 0x345f8659 16
4 dynarray.c:113 0x345f8b09 24
4 path.c:254 0x345f85c9 24
4 path.c:246 0x345f86c9 14
4 path.c:31 0x345f89b9 6
4 path.c:31 0x345f86e9 8
4 dynarray.c:112 0x345f8989 16
4 dynarray.c:113 0x345f8709 24
4 path.c:254 0x345f8629 24
2 path.c:128 0x345f8629 24
1 dynarray.c:84 0x345f8659 24
2 dynarray.c:95 0x345f8709 16
2 path.c:90 0x345f86e9 6
2 path.c:90 0x345f89b9 7
1 path.c:143 0x345f8969 13
2 path.c:178 0x345f85c9 24
1 dynarray.c:84 0x345f8989 24
2 dynarray.c:95 0x345f8b09 16
2 path.c:191 0x345f86c9 13
2 path.c:205 0x345f88a9 6
3 path.c:223 0x345f86c9 0x345f86c9 13 6
4 path.c:246 0x345f86c9 6
4 path.c:31 0x345f88a9 6
4 dynarray.c:112 0x345f8b09 16
4 dynarray.c:113 0x345f8989 24
4 path.c:254 0x345f85c9 24
2 path.c:178 0x345f85c9 24
1 dynarray.c:84 0x345f8b09 24
2 dynarray.c:95 0x345f8989 16
2 path.c:191 0x345f88a9 13
2 path.c:205 0x345f86c9 6
2 path.c:205 0x345f8889 7
3 path.c:223 0x345f88a9 0x345f88a9 13 13
4 path.c:246 0x345f88a9 13
4 path.c:31 0x345f86c9 6
4 path.c:31 0x345f8889 7
4 dynarray.c:112 0x345f8989 16
4 dynarray.c:113 0x345f8b09 24
4 path.c:254 0x345f85c9 24
2 path.c:178 0x345f85c9 24
1 dynarray.c:84 0x345f8989 24
2 dynarray.c:95 0x345f8b09 16
2 path.c:191 0x345f8889 13
2 path.c:205 0x345f86c9 6
2 path.c:205 0x345f88a9 7
3 path.c:223 0x345f8889 0x345f8889 13 13
1 bdtBad4.c:143 0x345f8cf9 32
2 path.c:178 0x345f8e09 24
1 dynarray.c:84 0x345f8939 24
2 dynarray.c:95 0x345f8e39 16
2 path.c:191 0x345f8e69 13
2 path.c:205 0x345f8e89 6
2 path.c:205 0x345f8ea9 7
3 path.c:223 0x345f8e69 0x345f8e69 13 13
4 path.c:246 0x345f8e69 13
4 path.c:31 0x345f8e89 6
4 path.c:31 0x345f8ea9 7
4 dynarray.c:112 0x345f8e39 16
4 dynarray.c:113 0x345f8939 24
4 path.c:254 0x345f8e09 24
4 bdtBad4.c:193 0x345f8cf9 32
4 path.c:246 0x345f8969 13
4 path.c:31 0x345f86e9 6
4 path.c:31 0x345f89b9 7
4 dynarray.c:112 0x345f8709 16
4 dynarray.c:113 0x345f8659 24
4 path.c:254 0x345f8629 24
4 path.c:246 0x345f8889 13
4 path.c:31 0x345f86c9 6
4 path.c:31 0x345f88a9 7
4 dynarray.c:112 0x345f8b09 16
4 dynarray.c:113 0x345f8989 24
4 path.c:254 0x345f85c9 24
2 path.c:128 0x345f85c9 24
1 dynarray.c:84 0x345f8939 24
2 dynarray.c:95 0x345f8989 16
2 path.c:90 0x345f88a9 6
2 path.c:90 0x345f86c9 4
2 path.c:90 0x345f8889 5
3 dynarray.c:69 0x345f8ec9 0x345f8989 16 32
2 path.c:90 0x345f89b9 7
1 path.c:143 0x345f8b09 22
2 path.c:178 0x345f8989 24
1 dynarray.c:84 0x345f8629 24
2 dynarray.c:95 0x345f8659 16
2 path.c:191 0x345f8e09 22
2 path.c:205 0x345f86e9 6
3 path.c:223 0x345f8e09 0x345f8e09 22 6
4 path.c:246 0x345f8e09 6
4 path.c:31 0x345f86e9 6
4 dynarray.c:112 0x345f8659 16
4 dynarray.c:113 0x345f8629 24
4 path.c:254 0x345f8989 24
2 path.c:178 0x345f8989 24
1 dynarray.c:84 0x345f8709 24
2 dynarray.c:95 0x345f8629 16
2 path.c:191 0x345f8e09 22
2 path.c:205 0x345f86e9 6
2 path.c:205 0x345f8969 4
3 path.c:223 0x345f8e09 0x345f8e09 22 10
4 path.c:246 0x345f8e09 10
4 path.c:31 0x345f86e9 6
4 path.c:31 0x345f8969 4
4 dynarray.c:112 0x345f8629 16
4 dynarray.c:113 0x345f8709 24
4 path.c:254 0x345f8989 24
2 path.c:178 0x345f8989 24
1 dynarray.c:84 0x345f8659 24
2 dynarray.c:95 0x345f8709 16
2 path.c:191 0x345f8e09 22
2 path.c:205 0x345f8969 6
2 path.c:205 0x345f86e9 4
3 path.c:223 0x345f8e09 0x345f8e09 22 10
1 bdtBad4.c:143 0x345f8cf9 32
2 path.c:178 0x345f8f09 24
1 dynarray.c:84 0x345f8629 24
2 dynarray.c:95 0x345f8f39 16
2 path.c:191 0x345f8ea9 10
2 path.c:205 0x345f8e89 6
2 path.c:205 0x345f8e69 4
3 path.c:223 0x345f8ea9 0x345f8ea9 10 10
4 path.c:246 0x345f8ea9 10
4 path.c:31 0x345f8e89 6
4 path.c:31 0x345f8e69 4
4 dynarray.c:112 0x345f8f39 16
4 dynarray.c:113 0x345f8629 24
4 path.c:254 0x345f8f09 24
4 bdtBad4.c:193 0x345f8cf9 32
4 path.c:246 0x345f8b09 22
4 path.c:31 0x345f88a9 6
4 path.c:31 0x345f86c9 4
4 path.c:31 0x345f8889 5
4 path.c:31 0x345f89b9 7
4 dynarray.c:112 0x345f8ec9 32
4 dynarray.c:113 0x345f8939 24
4 path.c:254 0x345f85c9 24
4 path.c:246 0x345f8e09 10
4 path.c:31 0x345f8969 6
4 path.c:31 0x345f86e9 4
4 dynarray.c:112 0x345f8709 16
4 dynarray.c:113 0x345f8659 24
4 path.c:254 0x345f8989 24
2 path.c:128 0x345f8989 24
1 dynarray.c:84 0x345f8f39 24
2 dynarray.c:95 0x345f8659 16
2 path.c:90 0x345f86e9 6
1 path.c:143 0x345f8b39 6
2 path.c:178 0x345f8e09 24
1 dynarray.c:84 0x345f8709 24
2 dynarray.c:95 0x345f85c9 16
2 path.c:191 0x345f8969 6
2 path.c:205 0x345f8889 6
3 path.c:223 0x345f8969 0x345f8969 6 6
4 path.c:246 0x345f8969 6
4 path.c:31 0x345f8889 6
4 dynarray.c:112 0x345f85c9 16
4 dynarray.c:113 0x345f8709 24
4 path.c:254 0x345f8e09 24
4 path.c:246 0x345f8b39 6
4 path.c:31 0x345f86e9 6
4 dynarray.c:112 0x345f8659 16
4 dynarray.c:113 0x345f8f39 24
4 path.c:254 0x345f8989 24
2 path.c:128 0x345f8989 24
1 dynarray.c:84 0x345f8939 24
2 dynarray.c:95 0x345f8f39 16
2 path.c:90 0x345f86e9 6
2 path.c:90 0x345f8b39 7
1 path.c:143 0x345f89b9 13
2 path.c:178 0x345f8e09 24
1 dynarray.c:84 0x345f8659 24
2 dynarray.c:95 0x345f8709 16
2 path.c:191 0x345f8889 13
2 path.c:205 0x345f86c9 6
3 path.c:223 0x345f8889 0x345f8889 13 6
4 path.c:246 0x345f8889 6
4 path.c:31 0x345f86c9 6
4 dynarray.c:112 0x345f8709 16
4 dynarray.c:113 0x345f8659 24
4 path.c:254 0x345f8e09 24
2 path.c:178 0x345f8e09 24
1 dynarray.c:84 0x345f85c9 24
2 dynarray.c:95 0x345f8659 16
2 path.c:191 0x345f86c9 13
2 path.c:205 0x345f8889 6
2 path.c:205 0x345f88a9 7
3 path.c:223 0x345f86c9 0x345f86c9 13 13
4 path.c:246 0x345f86c9 13
4 path.c:31 0x345f8889 6
4 path.c:31 0x345f88a9 7
4 dynarray.c:112 0x345f8659 16
4 dynarray.c:113 0x345f85c9 24
4 path.c:254 0x345f8e09 24
4 path.c:246 0x345f89b9 13
4 path.c:31 0x345f86e9 6
4 path.c:31 0x345f8b39 7
4 dynarray.c:112 0x345f8f39 16
4 dynarray.c:113 0x345f8939 24
4 path.c:254 0x345f8989 24
2 path.c:128 0x345f8989 24
1 dynarray.c:84 0x345f8709 24
2 dynarray.c:95 0x345f8939 16
2 path.c:90 0x345f8b39 6
2 path.c:90 0x345f86e9 8
1 path.c:143 0x345f8969 14
2 path.c:178 0x345f8e09 24
1 dynarray.c:84 0x345f8f39 24
2 dynarray.c:95 0x345f85c9 16
2 path.c:191 0x345f89b9 14
2 path.c:205 0x345f8889 6
3 path.c:223 0x345f89b9 0x345f89b9 14 6
4 path.c:246 0x345f89b9 6
4 path.c:31 0x345f8889 6
4 dynarray.c:112 0x345f85c9 16
4 dynarray.c:113 0x345f8f39 24
4 path.c:254 0x345f8e09 24
2 path.c:178 0x345f8e09 24
1 dynarray.c:84 0x345f8659 24
2 dynarray.c:95 0x345f8f39 16
2 path.c:191 0x345f8889 14
2 path.c:205 0x345f89b9 6
2 path.c:205 0x345f86c9 8
3 path.c:223 0x345f8889 0x345f8889 14 14
4 path.c:246 0x345f8889 14
4 path.c:31 0x345f89b9 6
4 path.c:31 0x345f86c9 8
4 dynarray.c:112 0x345f8f39 16
4 dynarray.c:113 0x345f8659 24
4 path.c:254 0x345f8e09 24
4 path.c:246 0x345f8969 14
4 path.c:31 0x345f8b39 6
4 path.c:31 0x345f86e9 8
4 dynarray.c:112 0x345f8939 16
4 dynarray.c:113 0x345f8709 24
4 path.c:254 0x345f8989 24
2 path.c:128 0x345f8989 24
1 dynarray.c:84 0x345f85c9 24
2 dynarray.c:95 0x345f8709 16
2 path.c:90 0x345f86e9 6
2 path.c:90 0x345f8b39 7
1 path.c:143 0x345f88a9 13
2 path.c:178 0x345f8e09 24
1 dynarray.c:84 0x345f8939 24
2 dynarray.c:95 0x345f8659 16
2 path.c:191 0x345f8969 13
2 path.c:205 0x345f89b9 6
3 path.c:223 0x345f8969 0x345f8969 13 6
4 path.c:246 0x345f8969 6
4 path.c:31 0x345f89b9 6
4 dynarray.c:112 0x345f8659 16
4 dynarray.c:113 0x345f8939 24
4 path.c:254 0x345f8e09 24
2 path.c:178 0x345f8e09 24
1 dynarray.c:84 0x345f8f39 24
2 dynarray.c:95 0x345f8939 16
2 path.c:191 0x345f89b9 13
2 path.c:205 0x345f8969 6
2 path.c:205 0x345f8889 7
3 path.c:223 0x345f89b9 0x345f89b9 13 13
4 path.c:246 0x345f89b9 13
4 path.c:31 0x345f8969 6
4 path.c:31 0x345f8889 7
4 dynarray.c:112 0x345f8939 16
4 dynarray.c:113 0x345f8f39 24
4 path.c:254 0x345f8e09 24
4 path.c:246 0x345f88a9 13
4 path.c:31 0x345f86e9 6
4 path.c:31 0x345f8b39 7
4 dynarray.c:112 0x345f8709 16
4 dynarray.c:113 0x345f85c9 24
4 path.c:254 0x345f8989 24
2 path.c:128 0x345f8989 24
1 dynarray.c:84 0x345f8659 24
2 dynarray.c:95 0x345f85c9 16
2 path.c:90 0x345f8b39 6
2 path.c:90 0x345f86e9 4
1 path.c:143 0x345f86c9 10
2 path.c:178 0x345f8e09 24
1 dynarray.c:84 0x345f8709 24
2 dynarray.c:95 0x345f8f39 16
2 path.c:191 0x345f88a9 10
2 path.c:205 0x345f8969 6
3 path.c:223 0x345f88a9 0x345f88a9 10 6
4 path.c:246 0x345f88a9 6
4 path.c:31 0x345f8969 6
4 dynarray.c:112 0x345f8f39 16
4 dynarray.c:113 0x345f8709 24
4 path.c:254 0x345f8e09 24
2 path.c:178 0x345f8e09 24
1 dynarray.c:84 0x345f8939 24
2 dynarray.c:95 0x345f8709 16
2 path.c:191 0x345f8969 10
2 path.c:205 0x345f88a9 6
2 path.c:205 0x345f89b9 4
3 path.c:223 0x345f8969 0x345f8969 10 10
4 path.c:246 0x345f8969 10
4 path.c:31 0x345f88a9 6
4 path.c:31 0x345f89b9 4
4 dynarray.c:112 0x345f8709 16
4 dynarray.c:113 0x345f8939 24
4 path.c:254 0x345f8e09 24
4 path.c:246 0x345f86c9 10
4 path.c:31 0x345f8b39 6
4 path.c:31 0x345f86e9 4
4 dynarray.c:112 0x345f85c9 16
4 dynarray.c:113 0x345f8659 24
4 path.c:254 0x345f8989 24
2 path.c:128 0x345f8989 24
1 dynarray.c:84 0x345f8f39 24
2 dynarray.c:95 0x345f8659 16
2 path.c:90 0x345f86e9 6
2 path.c:90 0x345f8b39 4
2 path.c:90 0x345f86c9 5
3 dynarray.c:69 0x345f8f69 0x345f8659 16 32
1 path.c:143 0x345f85c9 15
2 path.c:178 0x345f8659 24
1 dynarray.c:84 0x345f8e09 24
2 dynarray.c:95 0x345f8939 16
2 path.c:191 0x345f8b09 15
2 path.c:205 0x345f89b9 6
3 path.c:223 0x345f8b09 0x345f8b09 15 6
4 path.c:246 0x345f8b09 6
4 path.c:31 0x345f89b9 6
4 dynarray.c:112 0x345f8939 16
4 dynarray.c:113 0x345f8e09 24
4 path.c:254 0x345f8659 24
2 path.c:178 0x345f8659 24
1 dynarray.c:84 0x345f8709 24
2 dynarray.c:95 0x345f8e09 16
2 path.c:191 0x345f8b09 15
2 path.c:205 0x345f89b9 6
2 path.c:205 0x345f88a9 4
3 path.c:223 0x345f8b09 0x345f8b09 15 10
4 path.c:246 0x345f8b09 10
4 path.c:31 0x345f89b9 6
4 path.c:31 0x345f88a9 4
4 dynarray.c:112 0x345f8e09 16
4 dynarray.c:113 0x345f8709 24
4 path.c:254 0x345f8659 24
4 path.c:246 0x345f85c9 15
4 path.c:31 0x345f86e9 6
4 path.c:31 0x345f8b39 4
4 path.c:31 0x345f86c9 5
4 dynarray.c:112 0x345f8f69 32
4 dynarray.c:113 0x345f8f39 24
4 path.c:254 0x345f8989 24
2 path.c:128 0x345f8989 24
1 dynarray.c:84 0x345f8939 24
2 dynarray.c:95 0x345f8f39 16
2 path.c:90 0x345f86c9 6
2 path.c:90 0x345f8b39 4
2 path.c:90 0x345f86e9 5
3 dynarray.c:69 0x345f8fa9 0x345f8f39 16 32
2 path.c:90 0x345f88a9 7
1 path.c:143 0x345f85c9 22
2 path.c:178 0x345f8f39 24
1 dynarray.c:84 0x345f8659 24
2 dynarray.c:95 0x345f8709 16
2 path.c:191 0x345f8b09 22
2 path.c:205 0x345f89b9 6
3 path.c:223 0x345f8b09 0x345f8b09 22 6
4 path.c:246 0x345f8b09 6
4 path.c:31 0x345f89b9 6
4 dynarray.c:112 0x345f8709 16
4 dynarray.c:113 0x345f8659 24
4 path.c:254 0x345f8f39 24
2 path.c:178 0x345f8f39 24
1 dynarray.c:84 0x345f8e09 24
2 dynarray.c:95 0x345f8659 16
2 path.c:191 0x345f8b09 22
2 path.c:205 0x345f89b9 6
2 path.c:205 0x345f8969 4
3 path.c:223 0x345f8b09 0x345f8b09 22 10
4 path.c:246 0x345f8b09 10
4 path.c:31 0x345f89b9 6
4 path.c:31 0x345f8969 4
4 dynarray.c:112 0x345f8659 16
4 dynarray.c:113 0x345f8e09 24
4 path.c:254 0x345f8f39 24
4 path.c:246 0x345f85c9 22
4 path.c:31 0x345f86c9 6
4 path.c:31 0x345f8b39 4
4 path.c:31 0x345f86e9 5
4 path.c:31 0x345f88a9 7
4 dynarray.c:112 0x345f8fa9 32
4 dynarray.c:113 0x345f8939 24
4 path.c:254 0x345f8989 24
1 dynarray.c:84 0x345f8709 24
2 dynarray.c:95 0x345f8fe9 32
1 bdtBad4.c:663 0x345f9029 55
4 dynarray.c:112 0x345f8fe9 32
4 dynarray.c:113 0x345f8709 24
6 bdt_client.c:82 0x345f9029
4 bdt_client.c:82 0x345f9029 55
2 path.c:128 0x345f8989 24
1 dynarray.c:84 0x345f8709 24
2 dynarray.c:95 0x345f8939 16
2 path.c:90 0x345f88a9 6
2 path.c:90 0x345f86e9 7
2 path.c:90 0x345f8b39 12
3 dynarray.c:69 0x345f9079 0x345f8939 16 32
1 path.c:143 0x345f85c9 25
2 path.c:178 0x345f8939 24
1 dynarray.c:84 0x345f8f39 24
2 dynarray.c:95 0x345f8e09 16
2 path.c:191 0x345f8b09 25
2 path.c:205 0x345f86c9 6
3 path.c:223 0x345f8b09 0x345f8b09 25 6
4 path.c:246 0x345f8b09 6
4 path.c:31 0x345f86c9 6
4 dynarray.c:112 0x345f8e09 16
4 dynarray.c:113 0x345f8f39 24
4 path.c:254 0x345f8939 24
2 path.c:178 0x345f8939 24
1 dynarray.c:84 0x345f8659 24
2 dynarray.c:95 0x345f8f39 16
2 path.c:191 0x345f8b09 25
2 path.c:205 0x345f86c9 6
2 path.c:205 0x345f8969 7
3 path.c:223 0x345f8b09 0x345f8b09 25 13
4 path.c:246 0x345f8b09 13
4 path.c:31 0x345f86c9 6
4 path.c:31 0x345f8969 7
4 dynarray.c:112 0x345f8f39 16
4 dynarray.c:113 0x345f8659 24
4 path.c:254 0x345f8939 24
2 path.c:178 0x345f8939 24
1 dynarray.c:84 0x345f8e09 24
2 dynarray.c:95 0x345f8659 24
2 path.c:191 0x345f8b09 25
2 path.c:205 0x345f8969 6
2 path.c:205 0x345f86c9 7
2 path.c:205 0x345f89b9 12
3 path.c:223 0x345f8b09 0x345f8b09 25 25
4 path.c:246 0x345f8b09 25
4 path.c:31 0x345f8969 6
4 path.c:31 0x345f86c9 7
4 path.c:31 0x345f89b9 12
4 dynarray.c:112 0x345f8659 24
4 dynarray.c:113 0x345f8e09 24
4 path.c:254 0x345f8939 24
4 path.c:246 0x345f85c9 25
4 path.c:31 0x345f88a9 6
4 path.c:31 0x345f86e9 7
4 path.c:31 0x345f8b39 12
4 dynarray.c:112 0x345f9079 32
4 dynarray.c:113 0x345f8709 24
4 path.c:254 0x345f8989 24
2 path.c:128 0x345f8989 24
1 dynarray.c:84 0x345f8f39 24
2 dynarray.c:95 0x345f8709 16
2 path.c:90 0x345f8b39 6
2 path.c:90 0x345f86e9 8
2 path.c:90 0x345f88a9 12
3 dynarray.c:69 0x345f9079 0x345f8709 16 32
1 path.c:143 0x345f85c9 26
2 path.c:178 0x345f8709 24
1 dynarray.c:84 0x345f8939 24
2 dynarray.c:95 0x345f8e09 16
2 path.c:191 0x345f8b09 26
2 path.c:205 0x345f89b9 6
3 path.c:223 0x345f8b09 0x345f8b09 26 6
4 path.c:246 0x345f8b09 6
4 path.c:31 0x345f89b9 6
4 dynarray.c:112 0x345f8e09 16
4 dynarray.c:113 0x345f8939 24
4 path.c:254 0x345f8709 24
2 path.c:178 0x345f8709 24
1 dynarray.c:84 0x345f8659 24
2 dynarray.c:95 0x345f8939 16
2 path.c:191 0x345f8b09 26
2 path.c:205 0x345f89b9 6
2 path.c:205 0x345f86c9 8
3 path.c:223 0x345f8b09 0x345f8b09 26 14
4 path.c:246 0x345f8b09 14
4 path.c:31 0x345f89b9 6
4 path.c:31 0x345f86c9 8
4 dynarray.c:112 0x345f8939 16
4 dynarray.c:113 0x345f8659 24
4 path.c:254 0x345f8709 24
2 path.c:178 0x345f8709 24
1 dynarray.c:84 0x345f8e09 24
2 dynarray.c:95 0x345f8659 24
2 path.c:191 0x345f8b09 26
2 path.c:205 0x345f86c9 6
2 path.c:205 0x345f89b9 8
2 path.c:205 0x345f8969 12
3 path.c:223 0x345f8b09 0x345f8b09 26 26
4 path.c:246 0x345f8b09 26
4 path.c:31 0x345f86c9 6
4 path.c:31 0x345f89b9 8
4 path.c:31 0x345f8969 12
4 dynarray.c:112 0x345f8659 24
4 dynarray.c:113 0x345f8e09 24
4 path.c:254 0x345f8709 24
4 path.c:246 0x345f85c9 26
4 path.c:31 0x345f8b39 6
4 path.c:31 0x345f86e9 8
4 path.c:31 0x345f88a9 12
4 dynarray.c:112 0x345f9079 32
4 dynarray.c:113 0x345f8f39 24
4 path.c:254 0x345f8989 24
2 path.c:128 0x345f8989 24
1 dynarray.c:84 0x345f8939 24
2 dynarray.c:95 0x345f8f39 16
2 path.c:90 0x345f88a9 6
2 path.c:90 0x345f86e9 8
2 path.c:90 0x345f8b39 12
3 dynarray.c:69 0x345f9079 0x345f8f39 16 32
1 path.c:143 0x345f85c9 26
2 path.c:178 0x345f8f39 24
1 dynarray.c:84 0x345f8709 24
2 dynarray.c:95 0x345f8e09 16
2 path.c:191 0x345f8b09 26
2 path.c:205 0x345f8969 6
3 path.c:223 0x345f8b09 0x345f8b09 26 6
4 path.c:246 0x345f8b09 6
4 path.c:31 0x345f8969 6
4 dynarray.c:112 0x345f8e09 16
4 dynarray.c:113 0x345f8709 24
4 path.c:254 0x345f8f39 24
2 path.c:178 0x345f8f39 24
1 dynarray.c:84 0x345f8659 24
2 dynarray.c:95 0x345f8709 16
2 path.c:191 0x345f8b09 26
2 path.c:205 0x345f8969 6
2 path.c:205 0x345f89b9 8
3 path.c:223 0x345f8b09 0x345f8b09 26 14
4 path.c:246 0x345f8b09 14
4 path.c:31 0x345f8969 6
4 path.c:31 0x345f89b9 8
4 dynarray.c:112 0x345f8709 16
4 dynarray.c:113 0x345f8659 24
4 path.c:254 0x345f8f39 24
2 path.c:178 0x345f8f39 24
1 dynarray.c:84 0x345f8e09 24
2 dynarray.c:95 0x345f8659 24
2 path.c:191 0x345f8b09 26
2 path.c:205 0x345f89b9 6
2 path.c:205 0x345f8969 8
2 path.c:205 0x345f86c9 12
3 path.c:223 0x345f8b09 0x345f8b09 26 26
4 path.c:246 0x345f8b09 26
4 path.c:31 0x345f89b9 6
4 path.c:31 0x345f8969 8
4 path.c:31 0x345f86c9 12
4 dynarray.c:112 0x345f8659 24
4 dynarray.c:113 0x345f8e09 24
4 path.c:254 0x345f8f39 24
2 path.c:178 0x345f8f39 24
1 dynarray.c:84 0x345f8709 24
2 dynarray.c:95 0x345f8e09 24
2 path.c:191 0x345f8b09 26
2 path.c:205 0x345f86c9 6
2 path.c:205 0x345f8969 8
2 path.c:205 0x345f89b9 12
3 path.c:223 0x345f8b09 0x345f8b09 26 26
1 bdtBad4.c:143 0x345f8fe9 32
2 path.c:178 0x345f8f09 24
1 dynarray.c:84 0x345f8659 24
2 dynarray.c:95 0x345f8629 24
2 path.c:191 0x345f90b9 26
2 path.c:205 0x345f8e69 6
2 path.c:205 0x345f8e89 8
2 path.c:205 0x345f8ea9 12
3 path.c:223 0x345f90b9 0x345f90b9 26 26
4 path.c:246 0x345f8b09 26
4 path.c:31 0x345f86c9 6
4 path.c:31 0x345f8969 8
4 path.c:31 0x345f89b9 12
4 dynarray.c:112 0x345f8e09 24
4 dynarray.c:113 0x345f8709 24
4 path.c:254 0x345f8f39 24
4 path.c:246 0x345f85c9 26
4 path.c:31 0x345f88a9 6
4 path.c:31 0x345f86e9 8
4 path.c:31 0x345f8b39 12
4 dynarray.c:112 0x345f9079 32
4 dynarray.c:113 0x345f8939 24
4 path.c:254 0x345f8989 24
2 path.c:128 0x345f8989 24
1 dynarray.c:84 0x345f8b09 24
2 dynarray.c:95 0x345f8939 16
2 path.c:90 0x345f8b39 6
2 path.c:90 0x345f86e9 7
2 path.c:90 0x345f88a9 12
3 dynarray.c:69 0x345f90e9 0x345f8939 16 32
1 path.c:143 0x345f85c9 25
2 path.c:178 0x345f8939 24
1 dynarray.c:84 0x345f8f39 24
2 dynarray.c:95 0x345f8709 16
2 path.c:191 0x345f9129 25
2 path.c:205 0x345f89b9 6
3 path.c:223 0x345f9129 0x345f9129 25 6
4 path.c:246 0x345f9129 6
4 path.c:31 0x345f89b9 6
4 dynarray.c:112 0x345f8709 16
4 dynarray.c:113 0x345f8f39 24
4 path.c:254 0x345f8939 24
2 path.c:178 0x345f8939 24
1 dynarray.c:84 0x345f8e09 24
2 dynarray.c:95 0x345f8f39 16
2 path.c:191 0x345f9129 25
2 path.c:205 0x345f89b9 6
2 path.c:205 0x345f8969 7
3 path.c:223 0x345f9129 0x345f9129 25 13
4 path.c:246 0x345f9129 13
4 path.c:31 0x345f89b9 6
4 path.c:31 0x345f8969 7
4 dynarray.c:112 0x345f8f39 16
4 dynarray.c:113 0x345f8e09 24
4 path.c:254 0x345f8939 24
2 path.c:178 0x345f8939 24
1 dynarray.c:84 0x345f8709 24
2 dynarray.c:95 0x345f8e09 24
2 path.c:191 0x345f9129 25
2 path.c:205 0x345f8969 6
2 path.c:205 0x345f89b9 7
2 path.c:205 0x345f86c9 12
3 path.c:223 0x345f9129 0x345f9129 25 25
4 path.c:246 0x345f9129 25
4 path.c:31 0x345f8969 6
4 path.c:31 0x345f89b9 7
4 path.c:31 0x345f86c9 12
4 dynarray.c:112 0x345f8e09 24
4 dynarray.c:113 0x345f8709 24
4 path.c:254 0x345f8939 24
4 path.c:246 0x345f85c9 25
4 path.c:31 0x345f8b39 6
4 path.c:31 0x345f86e9 7
4 path.c:31 0x345f88a9 12
4 dynarray.c:112 0x345f90e9 32
4 dynarray.c:113 0x345f8b09 24
4 path.c:254 0x345f8989 24
2 path.c:128 0x345f8989 24
1 dynarray.c:84 0x345f8f39 24
2 dynarray.c:95 0x345f8b09 16
2 path.c:90 0x345f88a9 6
2 path.c:90 0x345f86e9 8
2 path.c:90 0x345f8b39 12
3 dynarray.c:69 0x345f90e9 0x345f8b09 16 32
1 path.c:143 0x345f85c9 26
2 path.c:178 0x345f8b09 24
1 dynarray.c:84 0x345f8939 24
2 dynarray.c:95 0x345f8709 16
2 path.c:191 0x345f9129 26
2 path.c:205 0x345f86c9 6
3 path.c:223 0x345f9129 0x345f9129 26 6
4 path.c:246 0x345f9129 6
4 path.c:31 0x345f86c9 6
4 dynarray.c:112 0x345f8709 16
4 dynarray.c:113 0x345f8939 24
4 path.c:254 0x345f8b09 24
2 path.c:178 0x345f8b09 24
1 dynarray.c:84 0x345f8e09 24
2 dynarray.c:95 0x345f8939 16
2 path.c:191 0x345f9129 26
2 path.c:205 0x345f86c9 6
2 path.c:205 0x345f89b9 8
3 path.c:223 0x345f9129 0x345f9129 26 14
4 path.c:246 0x345f9129 14
4 path.c:31 0x345f86c9 6
4 path.c:31 0x345f89b9 8
4 dynarray.c:112 0x345f8939 16
4 dynarray.c:113 0x345f8e09 24
4 path.c:254 0x345f8b09 24
2 path.c:178 0x345f8b09 24
1 dynarray.c:84 0x345f8709 24
2 dynarray.c:95 0x345f8e09 24
2 path.c:191 0x345f9129 26
2 path.c:205 0x345f89b9 6
2 path.c:205 0x345f86c9 8
2 path.c:205 0x345f8969 12
3 path.c:223 0x345f9129 0x345f9129 26 26
4 path.c:246 0x345f9129 26
4 path.c:31 0x345f89b9 6
4 path.c:31 0x345f86c9 8
4 path.c:31 0x345f8969 12
4 dynarray.c:112 0x345f8e09 24
4 dynarray.c:113 0x345f8709 24
4 path.c:254 0x345f8b09 24
4 path.c:246 0x345f85c9 26
4 path.c:31 0x345f88a9 6
4 path.c:31 0x345f86e9 8
4 path.c:31 0x345f8b39 12
4 dynarray.c:112 0x345f90e9 32
4 dynarray.c:113 0x345f8f39 24
4 path.c:254 0x345f8989 24
2 path.c:128 0x345f8989 24
1 dynarray.c:84 0x345f8939 24
2 dynarray.c:95 0x345f8f39 16
2 path.c:90 0x345f8b39 6
2 path.c:90 0x345f86e9 8
2 path.c:90 0x345f88a9 12
3 dynarray.c:69 0x345f90e9 0x345f8f39 16 32
1 path.c:143 0x345f85c9 26
2 path.c:178 0x345f8f39 24
1 dynarray.c:84 0x345f8b09 24
2 dynarray.c:95 0x345f8709 16
2 path.c:191 0x345f9129 26
2 path.c:205 0x345f8969 6
3 path.c:223 0x345f9129 0x345f9129 26 6
4 path.c:246 0x345f9129 6
4 path.c:31 0x345f8969 6
4 dynarray.c:112 0x345f8709 16
4 dynarray.c:113 0x345f8b09 24
4 path.c:254 0x345f8f39 24
2 path.c:178 0x345f8f39 24
1 dynarray.c:84 0x345f8e09 24
2 dynarray.c:95 0x345f8b09 16
2 path.c:191 0x345f9129 26
2 path.c:205 0x345f8969 6
2 path.c:205 0x345f86c9 8
3 path.c:223 0x345f9129 0x345f9129 26 14
4 path.c:246 0x345f9129 14
4 path.c:31 0x345f8969 6
4 path.c:31 0x345f86c9 8
4 dynarray.c:112 0x345f8b09 16
4 dynarray.c:113 0x345f8e09 24
4 path.c:254 0x345f8f39 24
2 path.c:178 0x345f8f39 24
1 dynarray.c:84 0x345f8709 24
2 dynarray.c:95 0x345f8e09 24
2 path.c:191 0x345f9129 26
2 path.c:205 0x345f86c9 6
2 path.c:205 0x345f8969 8
2 path.c:205 0x345f89b9 12
3 path.c:223 0x345f9129 0x345f9129 26 26
4 path.c:246 0x345f9129 26
4 path.c:31 0x345f86c9 6
4 path.c:31 0x345f8969 8
4 path.c:31 0x345f89b9 12
4 dynarray.c:112 0x345f8e09 24
4 dynarray.c:113 0x345f8709 24
4 path.c:254 0x345f8f39 24
4 path.c:246 0x345f85c9 26
4 path.c:31 0x345f8b39 6
4 path.c:31 0x345f86e9 8
4 path.c:31 0x345f88a9 12
4 dynarray.c:112 0x345f90e9 32
4 dynarray.c:113 0x345f8939 24
4 path.c:254 0x345f8989 24
2 path.c:128 0x345f8989 24
1 dynarray.c:84 0x345f8b09 24
2 dynarray.c:95 0x345f8939 16
2 path.c:90 0x345f88a9 6
2 path.c:90 0x345f86e9 8
2 path.c:90 0x345f8b39 12
3 dynarray.c:69 0x345f90e9 0x345f8939 16 32
2 path.c:90 0x345f89b9 6
1 path.c:143 0x345f9079 32
2 path.c:178 0x345f8939 24
1 dynarray.c:84 0x345f85c9 24
2 dynarray.c:95 0x345f8f39 16
2 path.c:191 0x345f9159 32
2 path.c:205 0x345f8969 6
3 path.c:223 0x345f9159 0x345f9159 32 6
4 path.c:246 0x345f9159 6
4 path.c:31 0x345f8969 6
4 dynarray.c:112 0x345f8f39 16
4 dynarray.c:113 0x345f85c9 24
4 path.c:254 0x345f8939 24
2 path.c:178 0x345f8939 24
1 dynarray.c:84 0x345f8709 24
2 dynarray.c:95 0x345f85c9 16
2 path.c:191 0x345f9199 32
2 path.c:205 0x345f8969 6
2 path.c:205 0x345f9159 8
3 path.c:223 0x345f9199 0x345f9199 32 14
4 path.c:246 0x345f9199 14
4 path.c:31 0x345f8969 6
4 path.c:31 0x345f9159 8
4 dynarray.c:112 0x345f85c9 16
4 dynarray.c:113 0x345f8709 24
4 path.c:254 0x345f8939 24
2 path.c:178 0x345f8939 24
1 dynarray.c:84 0x345f8f39 24
2 dynarray.c:95 0x345f8709 24
2 path.c:191 0x345f91d9 32
2 path.c:205 0x345f9159 6
2 path.c:205 0x345f8969 8
2 path.c:205 0x345f9199 12
3 path.c:223 0x345f91d9 0x345f91d9 32 26
4 path.c:246 0x345f91d9 26
4 path.c:31 0x345f9159 6
4 path.c:31 0x345f8969 8
4 path.c:31 0x345f9199 12
4 dynarray.c:112 0x345f8709 24
4 dynarray.c:113 0x345f8f39 24
4 path.c:254 0x345f8939 24
2 path.c:178 0x345f8939 24
1 dynarray.c:84 0x345f85c9 24
2 dynarray.c:95 0x345f9219 32
2 path.c:191 0x345f9259 32
2 path.c:205 0x345f9199 6
2 path.c:205 0x345f8969 8
2 path.c:205 0x345f9159 12
2 path.c:205 0x345f91b9 6
3 path.c:223 0x345f9259 0x345f9259 32 32
4 path.c:246 0x345f9259 32
4 path.c:31 0x345f9199 6
4 path.c:31 0x345f8969 8
4 path.c:31 0x345f9159 12
4 path.c:31 0x345f91b9 6
4 dynarray.c:112 0x345f9219 32
4 dynarray.c:113 0x345f85c9 24
4 path.c:254 0x345f8939 24
2 path.c:178 0x345f8939 24
1 dynarray.c:84 0x345f85c9 24
2 dynarray.c:95 0x345f9219 32
2 path.c:191 0x345f9259 32
2 path.c:205 0x345f91b9 6
2 path.c:205 0x345f9159 8
2 path.c:205 0x345f8969 12
2 path.c:205 0x345f9199 6
3 path.c:223 0x345f9259 0x345f9259 32 32
1 bdtBad4.c:143 0x345f91d9 32
2 path.c:178 0x345f8f39 24
1 dynarray.c:84 0x345f8709 24
2 dynarray.c:95 0x345f9299 32
2 path.c:191 0x345f92d9 32
2 path.c:205 0x345f9179 6
2 path.c:205 0x345f86c9 8
2 path.c:205 0x345f9319 12
2 path.c:205 0x345f9339 6
3 path.c:223 0x345f92d9 0x345f92d9 32 32
4 path.c:246 0x345f9259 32
4 path.c:31 0x345f91b9 6
4 path.c:31 0x345f9159 8
4 path.c:31 0x345f8969 12
4 path.c:31 0x345f9199 6
4 dynarray.c:112 0x345f9219 32
4 dynarray.c:113 0x345f85c9 24
4 path.c:254 0x345f8939 24
4 path.c:246 0x345f9079 32
4 path.c:31 0x345f88a9 6
4 path.c:31 0x345f86e9 8
4 path.c:31 0x345f8b39 12
4 path.c:31 0x345f89b9 6
4 dynarray.c:112 0x345f90e9 32
4 dynarray.c:113 0x345f8b09 24
4 path.c:254 0x345f8989 24
2 path.c:128 0x345f8989 24
1 dynarray.c:84 0x345f85c9 24
2 dynarray.c:95 0x345f8b09 16
2 path.c:90 0x345f89b9 6
2 path.c:90 0x345f8b39 8
2 path.c:90 0x345f86e9 12
3 dynarray.c:69 0x345f90e9 0x345f8b09 16 32
2 path.c:90 0x345f88a9 6
1 path.c:143 0x345f9259 32
2 path.c:178 0x345f8b09 24
1 dynarray.c:84 0x345f8939 24
2 dynarray.c:95 0x345f8e09 16
2 path.c:191 0x345f9079 32
2 path.c:205 0x345f9199 6
3 path.c:223 0x345f9079 0x345f9079 32 6
4 path.c:246 0x345f9079 6
4 path.c:31 0x345f9199 6
4 dynarray.c:112 0x345f8e09 16
4 dynarray.c:113 0x345f8939 24
4 path.c:254 0x345f8b09 24
2 path.c:178 0x345f8b09 24
1 dynarray.c:84 0x345f9129 24
2 dynarray.c:95 0x345f8939 16
2 path.c:191 0x345f9359 32
2 path.c:205 0x345f9199 6
2 path.c:205 0x345f9079 8
3 path.c:223 0x345f9359 0x345f9359 32 14
4 path.c:246 0x345f9359 14
4 path.c:31 0x345f9199 6
4 path.c:31 0x345f9079 8
4 dynarray.c:112 0x345f8939 16
4 dynarray.c:113 0x345f9129 24
4 path.c:254 0x345f8b09 24
2 path.c:178 0x345f8b09 24
1 dynarray.c:84 0x345f8e09 24
2 dynarray.c:95 0x345f9129 24
2 path.c:191 0x345f9399 32
2 path.c:205 0x345f9079 6
2 path.c:205 0x345f9199 8
2 path.c:205 0x345f9359 12
3 path.c:223 0x345f9399 0x345f9399 32 26
4 path.c:246 0x345f9399 26
4 path.c:31 0x345f9079 6
4 path.c:31 0x345f9199 8
4 path.c:31 0x345f9359 12
4 dynarray.c:112 0x345f9129 24
4 dynarray.c:113 0x345f8e09 24
4 path.c:254 0x345f8b09 24
2 path.c:178 0x345f8b09 24
1 dynarray.c:84 0x345f8939 24
2 dynarray.c:95 0x345f9399 32
2 path.c:191 0x345f93d9 32
2 path.c:205 0x345f9359 6
2 path.c:205 0x345f9199 8
2 path.c:205 0x345f9079 12
2 path.c:205 0x345f9379 6
3 path.c:223 0x345f93d9 0x345f93d9 32 32
4 path.c:246 0x345f93d9 32
4 path.c:31 0x345f9359 6
4 path.c:31 0x345f9199 8
4 path.c:31 0x345f9079 12
4 path.c:31 0x345f9379 6
4 dynarray.c:112 0x345f9399 32
4 dynarray.c:113 0x345f8939 24
4 path.c:254 0x345f8b09 24
4 path.c:246 0x345f9259 32
4 path.c:31 0x345f89b9 6
4 path.c:31 0x345f8b39 8
4 path.c:31 0x345f86e9 12
4 path.c:31 0x345f88a9 6
4 dynarray.c:112 0x345f90e9 32
4 dynarray.c:113 0x345f85c9 24
4 path.c:254 0x345f8989 24
1 dynarray.c:84 0x345f8939 24
2 dynarray.c:95 0x345f9419 48
1 bdtBad4.c:663 0x345f9469 111
4 dynarray.c:112 0x345f9419 48
4 dynarray.c:113 0x345f8939 24
6 bdt_client.c:96 0x345f9469
4 bdt_client.c:96 0x345f9469 111
2 path.c:128 0x345f8989 24
1 dynarray.c:84 0x345f8939 24
2 dynarray.c:95 0x345f85c9 16
2 path.c:90 0x345f88a9 6
2 path.c:90 0x345f86e9 8
2 path.c:90 0x345f8b39 12
3 dynarray.c:69 0x345f90e9 0x345f85c9 16 32
2 path.c:90 0x345f89b9 6
1 path.c:143 0x345f9219 32
2 path.c:178 0x345f85c9 24
1 dynarray.c:84 0x345f8b09 24
2 dynarray.c:95 0x345f8e09 16
2 path.c:191 0x345f9259 32
2 path.c:205 0x345f9379 6
3 path.c:223 0x345f9259 0x345f9259 32 6
4 path.c:246 0x345f9259 6
4 path.c:31 0x345f9379 6
4 dynarray.c:112 0x345f8e09 16
4 dynarray.c:113 0x345f8b09 24
4 path.c:254 0x345f85c9 24
2 path.c:178 0x345f85c9 24
1 dynarray.c:84 0x345f9129 24
2 dynarray.c:95 0x345f8b09 16
2 path.c:191 0x345f93d9 32
2 path.c:205 0x345f9379 6
2 path.c:205 0x345f9259 8
3 path.c:223 0x345f93d9 0x345f93d9 32 14
4 path.c:246 0x345f93d9 14
4 path.c:31 0x345f9379 6
4 path.c:31 0x345f9259 8
4 dynarray.c:112 0x345f8b09 16
4 dynarray.c:113 0x345f9129 24
4 path.c:254 0x345f85c9 24
2 path.c:178 0x345f85c9 24
1 dynarray.c:84 0x345f8e09 24
2 dynarray.c:95 0x345f9129 24
2 path.c:191 0x345f94f9 32
2 path.c:205 0x345f9259 6
2 path.c:205 0x345f9379 8
2 path.c:205 0x345f93d9 12
3 path.c:223 0x345f94f9 0x345f94f9 32 26
4 path.c:246 0x345f94f9 26
4 path.c:31 0x345f9259 6
4 path.c:31 0x345f9379 8
4 path.c:31 0x345f93d9 12
4 dynarray.c:112 0x345f9129 24
4 dynarray.c:113 0x345f8e09 24
4 path.c:254 0x345f85c9 24
2 path.c:178 0x345f85c9 24
1 dynarray.c:84 0x345f8b09 24
2 dynarray.c:95 0x345f94f9 32
2 path.c:191 0x345f9539 32
2 path.c:205 0x345f93d9 6
2 path.c:205 0x345f9379 8
2 path.c:205 0x345f9259 12
2 path.c:205 0x345f93f9 6
3 path.c:223 0x345f9539 0x345f9539 32 32
4 path.c:246 0x345f9539 32
4 path.c:31 0x345f93d9 6
4 path.c:31 0x345f9379 8
4 path.c:31 0x345f9259 12
4 path.c:31 0x345f93f9 6
4 dynarray.c:112 0x345f94f9 32
4 dynarray.c:113 0x345f8b09 24
4 path.c:254 0x345f85c9 24
4 path.c:246 0x345f9219 32
4 path.c:31 0x345f88a9 6
4 path.c:31 0x345f86e9 8
4 path.c:31 0x345f8b39 12
4 path.c:31 0x345f89b9 6
4 dynarray.c:112 0x345f90e9 32
4 dynarray.c:113 0x345f8939 24
4 path.c:254 0x345f8989 24
2 path.c:128 0x345f8989 24
1 dynarray.c:84 0x345f8b09 24
2 dynarray.c:95 0x345f8939 16
2 path.c:90 0x345f89b9 6
2 path.c:90 0x345f8b39 8
2 path.c:90 0x345f86e9 8
3 dynarray.c:69 0x345f90e9 0x345f8939 16 32
1 path.c:143 0x345f85c9 22
2 path.c:178 0x345f8939 24
1 dynarray.c:84 0x345f8e09 24
2 dynarray.c:95 0x345f9129 16
2 path.c:191 0x345f9579 22
2 path.c:205 0x345f88a9 6
3 path.c:223 0x345f9579 0x345f9579 22 6
4 path.c:246 0x345f9579 6
4 path.c:31 0x345f88a9 6
4 dynarray.c:112 0x345f9129 16
4 dynarray.c:113 0x345f8e09 24
4 path.c:254 0x345f8939 24
2 path.c:178 0x345f8939 24
1 dynarray.c:84 0x345f9579 24
2 dynarray.c:95 0x345f8e09 16
2 path.c:191 0x345f95a9 22
2 path.c:205 0x345f88a9 6
2 path.c:205 0x345f93f9 8
3 path.c:223 0x345f95a9 0x345f95a9 22 14
4 path.c:246 0x345f95a9 14
4 path.c:31 0x345f88a9 6
4 path.c:31 0x345f93f9 8
4 dynarray.c:112 0x345f8e09 16
4 dynarray.c:113 0x345f9579 24
4 path.c:254 0x345f8939 24
2 path.c:178 0x345f8939 24
1 dynarray.c:84 0x345f9129 24
2 dynarray.c:95 0x345f9579 24
2 path.c:191 0x345f95a9 22
2 path.c:205 0x345f93f9 6
2 path.c:205 0x345f88a9 8
2 path.c:205 0x345f9259 8
3 path.c:223 0x345f95a9 0x345f95a9 22 22
4 path.c:246 0x345f95a9 22
4 path.c:31 0x345f93f9 6
4 path.c:31 0x345f88a9 8
4 path.c:31 0x345f9259 8
4 dynarray.c:112 0x345f9579 24
4 dynarray.c:113 0x345f9129 24
4 path.c:254 0x345f8939 24
4 path.c:246 0x345f85c9 22
4 path.c:31 0x345f89b9 6
4 path.c:31 0x345f8b39 8
4 path.c:31 0x345f86e9 8
4 dynarray.c:112 0x345f90e9 32
4 dynarray.c:113 0x345f8b09 24
4 path.c:254 0x345f8989 24
2 path.c:128 0x345f8989 24
1 dynarray.c:84 0x345f8e09 24
2 dynarray.c:95 0x345f8b09 16
2 path.c:90 0x345f86e9 6
2 path.c:90 0x345f8b39 8
2 path.c:90 0x345f89b9 8
3 dynarray.c:69 0x345f90e9 0x345f8b09 16 32
1 path.c:143 0x345f85c9 22
2 path.c:178 0x345f8b09 24
1 dynarray.c:84 0x345f8939 24
2 dynarray.c:95 0x345f9129 16
2 path.c:191 0x345f95a9 22
2 path.c:205 0x345f9259 6
3 path.c:223 0x345f95a9 0x345f95a9 22 6
4 path.c:246 0x345f95a9 6
4 path.c:31 0x345f9259 6
4 dynarray.c:112 0x345f9129 16
4 dynarray.c:113 0x345f8939 24
4 path.c:254 0x345f8b09 24
2 path.c:178 0x345f8b09 24
1 dynarray.c:84 0x345f9579 24
2 dynarray.c:95 0x345f8939 16
2 path.c:191 0x345f95a9 22
2 path.c:205 0x345f9259 6
2 path.c:205 0x345f88a9 8
3 path.c:223 0x345f95a9 0x345f95a9 22 14
4 path.c:246 0x345f95a9 14
4 path.c:31 0x345f9259 6
4 path.c:31 0x345f88a9 8
4 dynarray.c:112 0x345f8939 16
4 dynarray.c:113 0x345f9579 24
4 path.c:254 0x345f8b09 24
2 path.c:178 0x345f8b09 24
1 dynarray.c:84 0x345f9129 24
2 dynarray.c:95 0x345f9579 24
2 path.c:191 0x345f95a9 22
2 path.c:205 0x345f88a9 6
2 path.c:205 0x345f9259 8
2 path.c:205 0x345f93f9 8
3 path.c:223 0x345f95a9 0x345f95a9 22 22
4 path.c:246 0x345f95a9 22
4 path.c:31 0x345f88a9 6
4 path.c:31 0x345f9259 8
4 path.c:31 0x345f93f9 8
4 dynarray.c:112 0x345f9579 24
4 dynarray.c:113 0x345f9129 24
4 path.c:254 0x345f8b09 24
4 path.c:246 0x345f85c9 22
4 path.c:31 0x345f86e9 6
4 path.c:31 0x345f8b39 8
4 path.c:31 0x345f89b9 8
4 dynarray.c:112 0x345f90e9 32
4 dynarray.c:113 0x345f8e09 24
4 path.c:254 0x345f8989 24
2 path.c:128 0x345f8989 24
1 dynarray.c:84 0x345f8939 24
2 dynarray.c:95 0x345f8e09 16
2 path.c:90 0x345f89b9 6
2 path.c:90 0x345f8b39 8
2 path.c:90 0x345f86e9 8
3 dynarray.c:69 0x345f90e9 0x345f8e09 16 32
1 path.c:143 0x345f85c9 22
2 path.c:178 0x345f8e09 24
1 dynarray.c:84 0x345f8b09 24
2 dynarray.c:95 0x345f9129 16
2 path.c:191 0x345f95a9 22
2 path.c:205 0x345f93f9 6
3 path.c:223 0x345f95a9 0x345f95a9 22 6
4 path.c:246 0x345f95a9 6
4 path.c:31 0x345f93f9 6
4 dynarray.c:112 0x345f9129 16
4 dynarray.c:113 0x345f8b09 24
4 path.c:254 0x345f8e09 24
2 path.c:178 0x345f8e09 24
1 dynarray.c:84 0x345f9579 24
2 dynarray.c:95 0x345f8b09 16
2 path.c:191 0x345f95a9 22
2 path.c:205 0x345f93f9 6
2 path.c:205 0x345f9259 8
3 path.c:223 0x345f95a9 0x345f95a9 22 14
4 path.c:246 0x345f95a9 14
4 path.c:31 0x345f93f9 6
4 path.c:31 0x345f9259 8
4 dynarray.c:112 0x345f8b09 16
4 dynarray.c:113 0x345f9579 24
4 path.c:254 0x345f8e09 24
2 path.c:178 0x345f8e09 24
1 dynarray.c:84 0x345f9129 24
2 dynarray.c:95 0x345f9579 24
2 path.c:191 0x345f95a9 22
2 path.c:205 0x345f9259 6
2 path.c:205 0x345f93f9 8
2 path.c:205 0x345f88a9 8
3 path.c:223 0x345f95a9 0x345f95a9 22 22
4 path.c:246 0x345f95a9 22
4 path.c:31 0x345f9259 6
4 path.c:31 0x345f93f9 8
4 path.c:31 0x345f88a9 8
4 dynarray.c:112 0x345f9579 24
4 dynarray.c:113 0x345f9129 24
4 path.c:254 0x345f8e09 24
4 path.c:246 0x345f85c9 22
4 path.c:31 0x345f89b9 6
4 path.c:31 0x345f8b39 8
4 path.c:31 0x345f86e9 8
4 dynarray.c:112 0x345f90e9 32
4 dynarray.c:113 0x345f8939 24
4 path.c:254 0x345f8989 24
2 path.c:128 0x345f8989 24
1 dynarray.c:84 0x345f8b09 24
2 dynarray.c:95 0x345f8939 16
2 path.c:90 0x345f86e9 6
2 path.c:90 0x345f8b39 8
1 path.c:143 0x345f8889 14
2 path.c:178 0x345f8e09 24
1 dynarray.c:84 0x345f85c9 24
2 dynarray.c:95 0x345f9129 16
2 path.c:191 0x345f89b9 14
2 path.c:205 0x345f93f9 6
3 path.c:223 0x345f89b9 0x345f89b9 14 6
4 path.c:246 0x345f89b9 6
4 path.c:31 0x345f93f9 6
4 dynarray.c:112 0x345f9129 16
4 dynarray.c:113 0x345f85c9 24
4 path.c:254 0x345f8e09 24
2 path.c:178 0x345f8e09 24
1 dynarray.c:84 0x345f9579 24
2 dynarray.c:95 0x345f85c9 16
2 path.c:191 0x345f93f9 14
2 path.c:205 0x345f89b9 6
2 path.c:205 0x345f9259 8
3 path.c:223 0x345f93f9 0x345f93f9 14 14
4 path.c:246 0x345f93f9 14
4 path.c:31 0x345f89b9 6
4 path.c:31 0x345f9259 8
4 dynarray.c:112 0x345f85c9 16
4 dynarray.c:113 0x345f9579 24
4 path.c:254 0x345f8e09 24
4 path.c:246 0x345f8889 14
4 path.c:31 0x345f86e9 6
4 path.c:31 0x345f8b39 8
4 dynarray.c:112 0x345f8939 16
4 dynarray.c:113 0x345f8b09 24
4 path.c:254 0x345f8989 24
4 path.c:246 0x345f92d9 32
4 path.c:31 0x345f9179 6
4 path.c:31 0x345f86c9 8
4 path.c:31 0x345f9319 12
4 path.c:31 0x345f9339 6
4 dynarray.c:112 0x345f9299 32
4 dynarray.c:113 0x345f8709 24
4 path.c:254 0x345f8f39 24
4 bdtBad4.c:263 0x345f91d9 32
4 path.c:246 0x345f90b9 26
4 path.c:31 0x345f8e69 6
4 path.c:31 0x345f8e89 8
4 path.c:31 0x345f8ea9 12
4 dynarray.c:112 0x345f8629 24
4 dynarray.c:113 0x345f8659 24
4 path.c:254 0x345f8f09 24
4 bdtBad4.c:263 0x345f8fe9 32
4 path.c:246 0x345f8da9 14
4 path.c:31 0x345f8dc9 6
4 path.c:31 0x345f8de9 8
4 dynarray.c:112 0x345f8d79 16
4 dynarray.c:113 0x345f89d9 24
4 path.c:254 0x345f8cc9 24
4 bdtBad4.c:263 0x345f8d39 32
2 path.c:128 0x345f8cc9 24
1 dynarray.c:84 0x345f9129 24
2 dynarray.c:95 0x345f89d9 16
2 path.c:90 0x345f8de9 6
1 path.c:143 0x345f88a9 6
2 path.c:178 0x345f8f09 24
1 dynarray.c:84 0x345f8d79 24
2 dynarray.c:95 0x345f8659 16
2 path.c:191 0x345f8dc9 6
2 path.c:205 0x345f8ea9 6
3 path.c:223 0x345f8dc9 0x345f8dc9 6 6
4 path.c:246 0x345f8dc9 6
4 path.c:31 0x345f8ea9 6
4 dynarray.c:112 0x345f8659 16
4 dynarray.c:113 0x345f8d79 24
4 path.c:254 0x345f8f09 24
4 path.c:246 0x345f88a9 6
4 path.c:31 0x345f8de9 6
4 dynarray.c:112 0x345f89d9 16
4 dynarray.c:113 0x345f9129 24
4 path.c:254 0x345f8cc9 24
2 path.c:128 0x345f8cc9 24
1 dynarray.c:84 0x345f8629 24
2 dynarray.c:95 0x345f9129 16
2 path.c:90 0x345f8de9 6
2 path.c:90 0x345f88a9 7
1 path.c:143 0x345f8da9 13
2 path.c:178 0x345f8f09 24
1 dynarray.c:84 0x345f89d9 24
2 dynarray.c:95 0x345f8d79 16
2 path.c:191 0x345f8ea9 13
2 path.c:205 0x345f8e89 6
3 path.c:223 0x345f8ea9 0x345f8ea9 13 6
4 path.c:246 0x345f8ea9 6
4 path.c:31 0x345f8e89 6
4 dynarray.c:112 0x345f8d79 16
4 dynarray.c:113 0x345f89d9 24
4 path.c:254 0x345f8f09 24
2 path.c:178 0x345f8f09 24
1 dynarray.c:84 0x345f8659 24
2 dynarray.c:95 0x345f89d9 16
2 path.c:191 0x345f8e89 13
2 path.c:205 0x345f8ea9 6
2 path.c:205 0x345f8e69 7
3 path.c:223 0x345f8e89 0x345f8e89 13 13
4 path.c:246 0x345f8e89 13
4 path.c:31 0x345f8ea9 6
4 path.c:31 0x345f8e69 7
4 dynarray.c:112 0x345f89d9 16
4 dynarray.c:113 0x345f8659 24
4 path.c:254 0x345f8f09 24
4 path.c:246 0x345f8da9 13
4 path.c:31 0x345f8de9 6
4 path.c:31 0x345f88a9 7
4 dynarray.c:112 0x345f9129 16
4 dynarray.c:113 0x345f8629 24
4 path.c:254 0x345f8cc9 24
2 path.c:128 0x345f8cc9 24
1 dynarray.c:84 0x345f8d79 24
2 dynarray.c:95 0x345f8629 16
2 path.c:90 0x345f88a9 6
2 path.c:90 0x345f8de9 8
1 path.c:143 0x345f8dc9 14
2 path.c:178 0x345f8f09 24
1 dynarray.c:84 0x345f9129 24
2 dynarray.c:95 0x345f8659 16
2 path.c:191 0x345f8da9 14
2 path.c:205 0x345f8ea9 6
3 path.c:223 0x345f8da9 0x345f8da9 14 6
4 path.c:246 0x345f8da9 6
4 path.c:31 0x345f8ea9 6
4 dynarray.c:112 0x345f8659 16
4 dynarray.c:113 0x345f9129 24
4 path.c:254 0x345f8f09 24
2 path.c:178 0x345f8f09 24
1 dynarray.c:84 0x345f89d9 24
2 dynarray.c:95 0x345f9129 16
2 path.c:191 0x345f8ea9 14
2 path.c:205 0x345f8da9 6
2 path.c:205 0x345f8e89 8
3 path.c:223 0x345f8ea9 0x345f8ea9 14 14
4 path.c:246 0x345f8ea9 14
4 path.c:31 0x345f8da9 6
4 path.c:31 0x345f8e89 8
4 dynarray.c:112 0x345f9129 16
4 dynarray.c:113 0x345f89d9 24
4 path.c:254 0x345f8f09 24
4 path.c:246 0x345f8dc9 14
4 path.c:31 0x345f88a9 6
4 path.c:31 0x345f8de9 8
4 dynarray.c:112 0x345f8629 16
4 dynarray.c:113 0x345f8d79 24
4 path.c:254 0x345f8cc9 24
2 path.c:128 0x345f8cc9 24
1 dynarray.c:84 0x345f8659 24
2 dynarray.c:95 0x345f8d79 16
2 path.c:90 0x345f8de9 6
2 path.c:90 0x345f88a9 8
2 path.c:90 0x345f8dc9 12
3 dynarray.c:69 0x345f8d39 0x345f8d79 16 32
1 path.c:143 0x345f8629 26
2 path.c:178 0x345f8d79 24
1 dynarray.c:84 0x345f8f09 24
2 dynarray.c:95 0x345f89d9 16
2 path.c:191 0x345f90b9 26
2 path.c:205 0x345f8e89 6
3 path.c:223 0x345f90b9 0x345f90b9 26 6
4 path.c:246 0x345f90b9 6
4 path.c:31 0x345f8e89 6
4 dynarray.c:112 0x345f89d9 16
4 dynarray.c:113 0x345f8f09 24
4 path.c:254 0x345f8d79 24
2 path.c:178 0x345f8d79 24
1 dynarray.c:84 0x345f9129 24
2 dynarray.c:95 0x345f8f09 16
2 path.c:191 0x345f90b9 26
2 path.c:205 0x345f8e89 6
2 path.c:205 0x345f8da9 8
3 path.c:223 0x345f90b9 0x345f90b9 26 14
4 path.c:246 0x345f90b9 14
4 path.c:31 0x345f8e89 6
4 path.c:31 0x345f8da9 8
4 dynarray.c:112 0x345f8f09 16
4 dynarray.c:113 0x345f9129 24
4 path.c:254 0x345f8d79 24
4 path.c:246 0x345f8629 26
4 path.c:31 0x345f8de9 6
4 path.c:31 0x345f88a9 8
4 path.c:31 0x345f8dc9 12
4 dynarray.c:112 0x345f8d39 32
4 dynarray.c:113 0x345f8659 24
4 path.c:254 0x345f8cc9 24
2 path.c:128 0x345f8cc9 24
1 dynarray.c:84 0x345f89d9 24
2 dynarray.c:95 0x345f8659 16
2 path.c:90 0x345f8dc9 6
2 path.c:90 0x345f88a9 8
2 path.c:90 0x345f8de9 12
3 dynarray.c:69 0x345f8d39 0x345f8659 16 32
2 path.c:90 0x345f8da9 6
1 path.c:143 0x345f9399 32
2 path.c:178 0x345f8659 24
1 dynarray.c:84 0x345f8629 24
2 dynarray.c:95 0x345f8d79 16
2 path.c:191 0x345f8fe9 32
2 path.c:205 0x345f8e89 6
3 path.c:223 0x345f8fe9 0x345f8fe9 32 6
4 path.c:246 0x345f8fe9 6
4 path.c:31 0x345f8e89 6
4 dynarray.c:112 0x345f8d79 16
4 dynarray.c:113 0x345f8629 24
4 path.c:254 0x345f8659 24
2 path.c:178 0x345f8659 24
1 dynarray.c:84 0x345f9129 24
2 dynarray.c:95 0x345f8629 16
2 path.c:191 0x345f9299 32
2 path.c:205 0x345f8e89 6
2 path.c:205 0x345f8fe9 8
3 path.c:223 0x345f9299 0x345f9299 32 14
4 path.c:246 0x345f9299 14
4 path.c:31 0x345f8e89 6
4 path.c:31 0x345f8fe9 8
4 dynarray.c:112 0x345f8629 16
4 dynarray.c:113 0x345f9129 24
4 path.c:254 0x345f8659 24
4 path.c:246 0x345f9399 32
4 path.c:31 0x345f8dc9 6
4 path.c:31 0x345f88a9 8
4 path.c:31 0x345f8de9 12
4 path.c:31 0x345f8da9 6
4 dynarray.c:112 0x345f8d39 32
4 dynarray.c:113 0x345f89d9 24
4 path.c:254 0x345f8cc9 24
1 dynarray.c:84 0x345f8d79 24
2 dynarray.c:95 0x345f8cc9 24
1 bdtBad4.c:663 0x345f91d9 42
4 dynarray.c:112 0x345f8cc9 24
4 dynarray.c:113 0x345f8d79 24
6 bdt_client.c:113 0x345f91d9
4 bdt_client.c:113 0x345f91d9 42
2 path.c:128 0x345f8d79 24
1 dynarray.c:84 0x345f89d9 24
2 dynarray.c:95 0x345f8cc9 16
2 path.c:90 0x345f8da9 13
1 path.c:143 0x345f8e69 13
2 path.c:178 0x345f9129 24
1 dynarray.c:84 0x345f8659 24
2 dynarray.c:95 0x345f8629 16
2 path.c:191 0x345f8de9 13
2 path.c:205 0x345f8dc9 13
3 path.c:223 0x345f8de9 0x345f8de9 13 13
4 path.c:246 0x345f8de9 13
4 path.c:31 0x345f8dc9 13
4 dynarray.c:112 0x345f8629 16
4 dynarray.c:113 0x345f8659 24
4 path.c:254 0x345f9129 24
4 path.c:246 0x345f8e69 13
4 path.c:31 0x345f8da9 13
4 dynarray.c:112 0x345f8cc9 16
4 dynarray.c:113 0x345f89d9 24
4 path.c:254 0x345f8d79 24
2 path.c:128 0x345f8d79 24
1 dynarray.c:84 0x345f8f09 24
2 dynarray.c:95 0x345f89d9 16
2 path.c:90 0x345f8da9 6
1 path.c:143 0x345f88a9 6
2 path.c:178 0x345f9129 24
1 dynarray.c:84 0x345f8cc9 24
2 dynarray.c:95 0x345f8659 16
2 path.c:191 0x345f8e69 6
2 path.c:205 0x345f8de9 6
3 path.c:223 0x345f8e69 0x345f8e69 6 6
4 path.c:246 0x345f8e69 6
4 path.c:31 0x345f8de9 6
4 dynarray.c:112 0x345f8659 16
4 dynarray.c:113 0x345f8cc9 24
4 path.c:254 0x345f9129 24
4 path.c:246 0x345f88a9 6
4 path.c:31 0x345f8da9 6
4 dynarray.c:112 0x345f89d9 16
4 dynarray.c:113 0x345f8f09 24
4 path.c:254 0x345f8d79 24
4 path.c:246 0x345f8bf9 25
4 path.c:31 0x345f8c29 6
4 path.c:31 0x345f8c49 7
4 path.c:31 0x345f8c69 12
4 dynarray.c:112 0x345f8bc9 24
4 dynarray.c:113 0x345f8909 24
4 path.c:254 0x345f8b99 24
4 bdtBad4.c:263 0x345f8b59 32
4 path.c:246 0x345f8aa9 13
4 path.c:31 0x345f8ac9 6
4 path.c:31 0x345f8ae9 7
4 dynarray.c:112 0x345f8a79 16
4 dynarray.c:113 0x345f8599 24
4 path.c:254 0x345f8a49 24
4 bdtBad4.c:263 0x345f8a09 32
4 path.c:246 0x345f8849 6
4 path.c:31 0x345f8869 6
4 dynarray.c:112 0x345f8819 16
4 dynarray.c:113 0x345f85f9 24
4 path.c:254 0x345f87e9 24
4 bdtBad4.c:263 0x345f87a9 32
2 path.c:128 0x345f87e9 24
1 dynarray.c:84 0x345f8629 24
2 dynarray.c:95 0x345f85f9 16
2 path.c:90 0x345f8869 6
2 path.c:90 0x345f8849 7
1 path.c:143 0x345f8dc9 13
4 path.c:246 0x345f8dc9 13
4 path.c:31 0x345f8869 6
4 path.c:31 0x345f8849 7
4 dynarray.c:112 0x345f85f9 16
4 dynarray.c:113 0x345f8629 24
4 path.c:254 0x345f87e9 24
2 path.c:128 0x345f87e9 24
1 dynarray.c:84 0x345f8819 24
2 dynarray.c:95 0x345f8629 16
2 path.c:90 0x345f8849 6
1 path.c:143 0x345f8dc9 6
4 path.c:246 0x345f8dc9 6
4 path.c:31 0x345f8849 6
4 dynarray.c:112 0x345f8629 16
4 dynarray.c:113 0x345f8819 24
4 path.c:254 0x345f87e9 24
2 path.c:128 0x345f87e9 24
1 dynarray.c:84 0x345f85f9 24
2 dynarray.c:95 0x345f8819 16
2 path.c:90 0x345f8849 6
1 path.c:143 0x345f8dc9 6
4 path.c:246 0x345f8dc9 6
4 path.c:31 0x345f8849 6
4 dynarray.c:112 0x345f8819 16
4 dynarray.c:113 0x345f85f9 24
4 path.c:254 0x345f87e9 24
2 path.c:128 0x345f87e9 24
1 dynarray.c:84 0x345f8629 24
2 dynarray.c:95 0x345f85f9 16
2 path.c:90 0x345f8849 13
1 path.c:143 0x345f8dc9 13
4 path.c:246 0x345f8dc9 13
4 path.c:31 0x345f8849 13
4 dynarray.c:112 0x345f85f9 16
4 dynarray.c:113 0x345f8629 24
4 path.c:254 0x345f87e9 24
1 dynarray.c:84 0x345f8819 24
2 dynarray.c:95 0x345f87e9 16
1 bdtBad4.c:663 0x345f8dc9 1
4 dynarray.c:112 0x345f87e9 16
4 dynarray.c:113 0x345f8819 24
4 bdt_client.c:124 0x345f8dc9 1
2 path.c:128 0x345f8819 24
1 dynarray.c:84 0x345f8629 24
2 dynarray.c:95 0x345f87e9 16
2 path.c:90 0x345f8849 2
2 path.c:90 0x345f8869 2
1 path.c:143 0x345f8dc9 4
2 path.c:178 0x345f8a49 24
1 dynarray.c:84 0x345f85f9 24
2 dynarray.c:95 0x345f8599 16
2 path.c:191 0x345f8ae9 4
2 path.c:205 0x345f8aa9 2
3 path.c:223 0x345f8ae9 0x345f8ae9 4 2
1 bdtBad4.c:143 0x345f91d9 32
2 path.c:178 0x345f8b99 24
1 dynarray.c:84 0x345f8a79 24
2 dynarray.c:95 0x345f8909 16
2 path.c:191 0x345f8c69 2
2 path.c:205 0x345f8c49 2
3 path.c:223 0x345f8c69 0x345f8c69 2 2
4 path.c:246 0x345f8ae9 2
4 path.c:31 0x345f8aa9 2
4 dynarray.c:112 0x345f8599 16
4 dynarray.c:113 0x345f85f9 24
4 path.c:254 0x345f8a49 24
2 path.c:178 0x345f8a49 24
1 dynarray.c:84 0x345f8bc9 24
2 dynarray.c:95 0x345f85f9 16
2 path.c:191 0x345f8aa9 4
2 path.c:205 0x345f8ae9 2
2 path.c:205 0x345f8c29 2
3 path.c:223 0x345f8aa9 0x345f8aa9 4 4
1 bdtBad4.c:143 0x345f8fa9 32
2 path.c:178 0x345f8bf9 24
1 dynarray.c:84 0x345f8599 24
2 dynarray.c:95 0x345f8d79 16
2 path.c:191 0x345f8da9 4
2 path.c:205 0x345f88a9 2
2 path.c:205 0x345f8de9 2
3 path.c:223 0x345f8da9 0x345f8da9 4 4
4 path.c:246 0x345f8aa9 4
4 path.c:31 0x345f8ae9 2
4 path.c:31 0x345f8c29 2
4 dynarray.c:112 0x345f85f9 16
4 dynarray.c:113 0x345f8bc9 24
4 path.c:254 0x345f8a49 24
4 path.c:246 0x345f8dc9 4
4 path.c:31 0x345f8849 2
4 path.c:31 0x345f8869 2
4 dynarray.c:112 0x345f87e9 16
4 dynarray.c:113 0x345f8629 24
4 path.c:254 0x345f8819 24
1 dynarray.c:84 0x345f8f09 24
2 dynarray.c:95 0x345f8819 16
1 bdtBad4.c:663 0x345f8ac9 5
4 dynarray.c:112 0x345f8819 16
4 dynarray.c:113 0x345f8f09 24
6 bdt_client.c:136 0x345f8ac9
4 bdt_client.c:136 0x345f8ac9 5
2 path.c:128 0x345f8f09 24
1 dynarray.c:84 0x345f8629 24
2 dynarray.c:95 0x345f8819 16
2 path.c:90 0x345f8869 2
2 path.c:90 0x345f8849 2
1 path.c:143 0x345f8ac9 4
2 path.c:178 0x345f8a49 24
1 dynarray.c:84 0x345f87e9 24
2 dynarray.c:95 0x345f8bc9 16
2 path.c:191 0x345f8dc9 4
2 path.c:205 0x345f8ae9 2
3 path.c:223 0x345f8dc9 0x345f8dc9 4 2
4 path.c:246 0x345f8dc9 2
4 path.c:31 0x345f8ae9 2
4 dynarray.c:112 0x345f8bc9 16
4 dynarray.c:113 0x345f87e9 24
4 path.c:254 0x345f8a49 24
2 path.c:178 0x345f8a49 24
1 dynarray.c:84 0x345f85f9 24
2 dynarray.c:95 0x345f87e9 16
2 path.c:191 0x345f8ae9 4
2 path.c:205 0x345f8dc9 2
2 path.c:205 0x345f8aa9 2
3 path.c:223 0x345f8ae9 0x345f8ae9 4 4
4 path.c:246 0x345f8ae9 4
4 path.c:31 0x345f8dc9 2
4 path.c:31 0x345f8aa9 2
4 dynarray.c:112 0x345f87e9 16
4 dynarray.c:113 0x345f85f9 24
4 path.c:254 0x345f8a49 24
2 path.c:178 0x345f8a49 24
1 dynarray.c:84 0x345f8bc9 24
2 dynarray.c:95 0x345f85f9 16
2 path.c:191 0x345f8aa9 4
2 path.c:205 0x345f8dc9 2
2 path.c:205 0x345f8ae9 2
3 path.c:223 0x345f8aa9 0x345f8aa9 4 4
1 bdtBad4.c:143 0x345f8f69 32
2 path.c:178 0x345f89d9 24
1 dynarray.c:84 0x345f87e9 24
2 dynarray.c:95 0x345f9129 16
2 path.c:191 0x345f8e69 4
2 path.c:205 0x345f8fe9 2
2 path.c:205 0x345f8e89 2
3 path.c:223 0x345f8e69 0x345f8e69 4 4
4 path.c:246 0x345f8aa9 4
4 path.c:31 0x345f8dc9 2
4 path.c:31 0x345f8ae9 2
4 dynarray.c:112 0x345f85f9 16
4 dynarray.c:113 0x345f8bc9 24
4 path.c:254 0x345f8a49 24
4 path.c:246 0x345f8ac9 4
4 path.c:31 0x345f8869 2
4 path.c:31 0x345f8849 2
4 dynarray.c:112 0x345f8819 16
4 dynarray.c:113 0x345f8629 24
4 path.c:254 0x345f8f09 24
1 dynarray.c:84 0x345f8cc9 24
2 dynarray.c:95 0x345f8f09 24
1 bdtBad4.c:663 0x345f8c29 8
4 dynarray.c:112 0x345f8f09 24
4 dynarray.c:113 0x345f8cc9 24
6 bdt_client.c:140 0x345f8c29
4 bdt_client.c:140 0x345f8c29 8
2 path.c:128 0x345f8cc9 24
1 dynarray.c:84 0x345f8629 24
2 dynarray.c:95 0x345f8f09 16
2 path.c:90 0x345f8849 2
2 path.c:90 0x345f8869 2
1 path.c:143 0x345f8c29 4
2 path.c:178 0x345f8a49 24
1 dynarray.c:84 0x345f8819 24
2 dynarray.c:95 0x345f8bc9 16
2 path.c:191 0x345f8ac9 4
2 path.c:205 0x345f8dc9 2
3 path.c:223 0x345f8ac9 0x345f8ac9 4 2
4 path.c:246 0x345f8ac9 2
4 path.c:31 0x345f8dc9 2
4 dynarray.c:112 0x345f8bc9 16
4 dynarray.c:113 0x345f8819 24
4 path.c:254 0x345f8a49 24
2 path.c:178 0x345f8a49 24
1 dynarray.c:84 0x345f85f9 24
2 dynarray.c:95 0x345f8819 16
2 path.c:191 0x345f8dc9 4
2 path.c:205 0x345f8ac9 2
2 path.c:205 0x345f8aa9 2
3 path.c:223 0x345f8dc9 0x345f8dc9 4 4
4 path.c:246 0x345f8dc9 4
4 path.c:31 0x345f8ac9 2
4 path.c:31 0x345f8aa9 2
4 dynarray.c:112 0x345f8819 16
4 dynarray.c:113 0x345f85f9 24
4 path.c:254 0x345f8a49 24
4 path.c:246 0x345f8c29 4
4 path.c:31 0x345f8849 2
4 path.c:31 0x345f8869 2
4 dynarray.c:112 0x345f8f09 16
4 dynarray.c:113 0x345f8629 24
4 path.c:254 0x345f8cc9 24
4 path.c:246 0x345f8da9 4
4 path.c:31 0x345f88a9 2
4 path.c:31 0x345f8de9 2
4 dynarray.c:112 0x345f8d79 16
4 dynarray.c:113 0x345f8599 24
4 path.c:254 0x345f8bf9 24
4 bdtBad4.c:263 0x345f8fa9 32
1 dynarray.c:84 0x345f8bc9 24
2 dynarray.c:95 0x345f8bf9 16
1 bdtBad4.c:663 0x345f8ae9 5
4 dynarray.c:112 0x345f8bf9 16
4 dynarray.c:113 0x345f8bc9 24
6 bdt_client.c:144 0x345f8ae9
4 bdt_client.c:144 0x345f8ae9 5
2 path.c:128 0x345f8bc9 24
1 dynarray.c:84 0x345f8599 24
2 dynarray.c:95 0x345f8bf9 16
2 path.c:90 0x345f8de9 2
2 path.c:90 0x345f88a9 3
1 path.c:143 0x345f8ae9 5
2 path.c:178 0x345f8cc9 24
1 dynarray.c:84 0x345f8d79 24
2 dynarray.c:95 0x345f8629 16
2 path.c:191 0x345f8da9 5
2 path.c:205 0x345f8849 2
3 path.c:223 0x345f8da9 0x345f8da9 5 2
4 path.c:246 0x345f8da9 2
4 path.c:31 0x345f8849 2
4 dynarray.c:112 0x345f8629 16
4 dynarray.c:113 0x345f8d79 24
4 path.c:254 0x345f8cc9 24
2 path.c:178 0x345f8cc9 24
1 dynarray.c:84 0x345f8f09 24
2 dynarray.c:95 0x345f8d79 16
2 path.c:191 0x345f8849 5
2 path.c:205 0x345f8da9 2
2 path.c:205 0x345f8c29 3
3 path.c:223 0x345f8849 0x345f8849 5 5
4 path.c:246 0x345f8849 5
4 path.c:31 0x345f8da9 2
4 path.c:31 0x345f8c29 3
4 dynarray.c:112 0x345f8d79 16
4 dynarray.c:113 0x345f8f09 24
4 path.c:254 0x345f8cc9 24
2 path.c:178 0x345f8cc9 24
1 dynarray.c:84 0x345f8629 24
2 dynarray.c:95 0x345f8f09 16
2 path.c:191 0x345f8c29 5
2 path.c:205 0x345f8da9 2
2 path.c:205 0x345f8849 3
3 path.c:223 0x345f8c29 0x345f8c29 5 5
1 bdtBad4.c:143 0x345f8fa9 32
2 path.c:178 0x345f8a49 24
1 dynarray.c:84 0x345f8d79 24
2 dynarray.c:95 0x345f85f9 16
2 path.c:191 0x345f8aa9 5
2 path.c:205 0x345f8ac9 2
2 path.c:205 0x345f8dc9 3
3 path.c:223 0x345f8aa9 0x345f8aa9 5 5
4 path.c:246 0x345f8c29 5
4 path.c:31 0x345f8da9 2
4 path.c:31 0x345f8849 3
4 dynarray.c:112 0x345f8f09 16
4 dynarray.c:113 0x345f8629 24
4 path.c:254 0x345f8cc9 24
4 path.c:246 0x345f8ae9 5
4 path.c:31 0x345f8de9 2
4 path.c:31 0x345f88a9 3
4 dynarray.c:112 0x345f8bf9 16
4 dynarray.c:113 0x345f8599 24
4 path.c:254 0x345f8bc9 24
1 dynarray.c:84 0x345f8819 24
2 dynarray.c:95 0x345f8bc9 24
1 bdtBad4.c:663 0x345f8869 9
4 dynarray.c:112 0x345f8bc9 24
4 dynarray.c:113 0x345f8819 24
6 bdt_client.c:148 0x345f8869
4 bdt_client.c:148 0x345f8869 9
2 path.c:128 0x345f8819 24
1 dynarray.c:84 0x345f8599 24
2 dynarray.c:95 0x345f8bc9 16
2 path.c:90 0x345f88a9 2
2 path.c:90 0x345f8de9 3
1 path.c:143 0x345f8869 5
2 path.c:178 0x345f8cc9 24
1 dynarray.c:84 0x345f8bf9 24
2 dynarray.c:95 0x345f8629 16
2 path.c:191 0x345f8ae9 5
2 path.c:205 0x345f8da9 2
3 path.c:223 0x345f8ae9 0x345f8ae9 5 2
4 path.c:246 0x345f8ae9 2
4 path.c:31 0x345f8da9 2
4 dynarray.c:112 0x345f8629 16
4 dynarray.c:113 0x345f8bf9 24
4 path.c:254 0x345f8cc9 24
2 path.c:178 0x345f8cc9 24
1 dynarray.c:84 0x345f8f09 24
2 dynarray.c:95 0x345f8bf9 16
2 path.c:191 0x345f8da9 5
2 path.c:205 0x345f8ae9 2
2 path.c:205 0x345f8c29 3
3 path.c:223 0x345f8da9 0x345f8da9 5 5
4 path.c:246 0x345f8da9 5
4 path.c:31 0x345f8ae9 2
4 path.c:31 0x345f8c29 3
4 dynarray.c:112 0x345f8bf9 16
4 dynarray.c:113 0x345f8f09 24
4 path.c:254 0x345f8cc9 24
4 path.c:246 0x345f8869 5
4 path.c:31 0x345f88a9 2
4 path.c:31 0x345f8de9 3
4 dynarray.c:112 0x345f8bc9 16
4 dynarray.c:113 0x345f8599 24
4 path.c:254 0x345f8819 24
4 path.c:246 0x345f8aa9 5
4 path.c:31 0x345f8ac9 2
4 path.c:31 0x345f8dc9 3
4 dynarray.c:112 0x345f85f9 16
4 dynarray.c:113 0x345f8d79 24
4 path.c:254 0x345f8a49 24
4 bdtBad4.c:263 0x345f8fa9 32
1 dynarray.c:84 0x345f8629 24
2 dynarray.c:95 0x345f8a49 16
1 bdtBad4.c:663 0x345f8849 5
4 dynarray.c:112 0x345f8a49 16
4 dynarray.c:113 0x345f8629 24
6 bdt_client.c:152 0x345f8849
4 bdt_client.c:152 0x345f8849 5
2 path.c:128 0x345f8629 24
1 dynarray.c:84 0x345f8d79 24
2 dynarray.c:95 0x345f8a49 16
2 path.c:90 0x345f8dc9 2
2 path.c:90 0x345f8ac9 3
1 path.c:143 0x345f8849 5
2 path.c:178 0x345f8819 24
1 dynarray.c:84 0x345f85f9 24
2 dynarray.c:95 0x345f8599 16
2 path.c:191 0x345f8aa9 5
2 path.c:205 0x345f88a9 2
3 path.c:223 0x345f8aa9 0x345f8aa9 5 2
4 path.c:246 0x345f8aa9 2
4 path.c:31 0x345f88a9 2
4 dynarray.c:112 0x345f8599 16
4 dynarray.c:113 0x345f85f9 24
4 path.c:254 0x345f8819 24
2 path.c:178 0x345f8819 24
1 dynarray.c:84 0x345f8bc9 24
2 dynarray.c:95 0x345f85f9 16
2 path.c:191 0x345f88a9 5
2 path.c:205 0x345f8aa9 2
2 path.c:205 0x345f8869 3
3 path.c:223 0x345f88a9 0x345f88a9 5 5
4 path.c:246 0x345f88a9 5
4 path.c:31 0x345f8aa9 2
4 path.c:31 0x345f8869 3
4 dynarray.c:112 0x345f85f9 16
4 dynarray.c:113 0x345f8bc9 24
4 path.c:254 0x345f8819 24
2 path.c:178 0x345f8819 24
1 dynarray.c:84 0x345f8599 24
2 dynarray.c:95 0x345f8bc9 16
2 path.c:191 0x345f8869 5
2 path.c:205 0x345f8aa9 2
2 path.c:205 0x345f88a9 3
3 path.c:223 0x345f8869 0x345f8869 5 5
1 bdtBad4.c:143 0x345f8fa9 32
2 path.c:178 0x345f8cc9 24
1 dynarray.c:84 0x345f85f9 24
2 dynarray.c:95 0x345f8f09 16
2 path.c:191 0x345f8c29 5
2 path.c:205 0x345f8ae9 2
2 path.c:205 0x345f8da9 3
3 path.c:223 0x345f8c29 0x345f8c29 5 5
4 path.c:246 0x345f8869 5
4 path.c:31 0x345f8aa9 2
4 path.c:31 0x345f88a9 3
4 dynarray.c:112 0x345f8bc9 16
4 dynarray.c:113 0x345f8599 24
4 path.c:254 0x345f8819 24
4 path.c:246 0x345f8849 5
4 path.c:31 0x345f8dc9 2
4 path.c:31 0x345f8ac9 3
4 dynarray.c:112 0x345f8a49 16
4 dynarray.c:113 0x345f8d79 24
4 path.c:254 0x345f8629 24
1 dynarray.c:84 0x345f8bf9 24
2 dynarray.c:95 0x345f8629 24
1 bdtBad4.c:663 0x345f8de9 9
4 dynarray.c:112 0x345f8629 24
4 dynarray.c:113 0x345f8bf9 24
6 bdt_client.c:156 0x345f8de9
4 bdt_client.c:156 0x345f8de9 9
2 path.c:128 0x345f8bf9 24
1 dynarray.c:84 0x345f8d79 24
2 dynarray.c:95 0x345f8629 16
2 path.c:90 0x345f8ac9 2
2 path.c:90 0x345f8dc9 2
1 path.c:143 0x345f8de9 4
2 path.c:178 0x345f8819 24
1 dynarray.c:84 0x345f8a49 24
2 dynarray.c:95 0x345f8599 16
2 path.c:191 0x345f8849 4
2 path.c:205 0x345f8aa9 2
3 path.c:223 0x345f8849 0x345f8849 4 2
4 path.c:246 0x345f8849 2
4 path.c:31 0x345f8aa9 2
4 dynarray.c:112 0x345f8599 16
4 dynarray.c:113 0x345f8a49 24
4 path.c:254 0x345f8819 24
2 path.c:178 0x345f8819 24
1 dynarray.c:84 0x345f8bc9 24
2 dynarray.c:95 0x345f8a49 16
2 path.c:191 0x345f8aa9 4
2 path.c:205 0x345f8849 2
2 path.c:205 0x345f8869 2
3 path.c:223 0x345f8aa9 0x345f8aa9 4 4
4 path.c:246 0x345f8aa9 4
4 path.c:31 0x345f8849 2
4 path.c:31 0x345f8869 2
4 dynarray.c:112 0x345f8a49 16
4 dynarray.c:113 0x345f8bc9 24
4 path.c:254 0x345f8819 24
4 path.c:246 0x345f8de9 4
4 path.c:31 0x345f8ac9 2
4 path.c:31 0x345f8dc9 2
4 dynarray.c:112 0x345f8629 16
4 dynarray.c:113 0x345f8d79 24
4 path.c:254 0x345f8bf9 24
4 path.c:246 0x345f8e69 4
4 path.c:31 0x345f8fe9 2
4 path.c:31 0x345f8e89 2
4 dynarray.c:112 0x345f9129 16
4 dynarray.c:113 0x345f87e9 24
4 path.c:254 0x345f89d9 24
4 bdtBad4.c:263 0x345f8f69 32
1 dynarray.c:84 0x345f8599 24
2 dynarray.c:95 0x345f89d9 16
1 bdtBad4.c:663 0x345f88a9 6
4 dynarray.c:112 0x345f89d9 16
4 dynarray.c:113 0x345f8599 24
6 bdt_client.c:160 0x345f88a9
4 bdt_client.c:160 0x345f88a9 6
4 path.c:246 0x345f8c29 5
4 path.c:31 0x345f8ae9 2
4 path.c:31 0x345f8da9 3
4 dynarray.c:112 0x345f8f09 16
4 dynarray.c:113 0x345f85f9 24
4 path.c:254 0x345f8cc9 24
4 bdtBad4.c:263 0x345f8fa9 32
4 path.c:246 0x345f8c69 2
4 path.c:31 0x345f8c49 2
4 dynarray.c:112 0x345f8909 16
4 dynarray.c:113 0x345f8a79 24
4 path.c:254 0x345f8b99 24
4 bdtBad4.c:263 0x345f91d9 32
