2 path.c:128 0x4212a9 24
4 path.c:254 0x4212a9 24
2 path.c:128 0x4234c9 24
1 dynarray.c:84 0x4212a9 24
2 dynarray.c:95 0x4234f9 16
2 path.c:90 0x423529 6
1 path.c:143 0x423549 6
4 path.c:246 0x423549 6
4 path.c:31 0x423529 6
4 dynarray.c:112 0x4234f9 16
4 dynarray.c:113 0x4212a9 24
4 path.c:254 0x4234c9 24
1 dynarray.c:84 0x4234c9 24
2 dynarray.c:95 0x423569 16
1 bdtBad4.c:663 0x423529 1
4 dynarray.c:112 0x423569 16
4 dynarray.c:113 0x4234c9 24
4 bdt_client.c:39 0x423529 1
2 path.c:128 0x423599 24
4 path.c:254 0x423599 24
2 path.c:128 0x4235c9 24
1 dynarray.c:84 0x423599 24
2 dynarray.c:95 0x4235f9 16
4 dynarray.c:112 0x4235f9 16
4 dynarray.c:113 0x423599 24
4 path.c:254 0x4235c9 24
2 path.c:128 0x423629 24
1 dynarray.c:84 0x4235c9 24
2 dynarray.c:95 0x423659 16
2 path.c:90 0x423689 6
2 path.c:90 0x4236a9 7
4 path.c:31 0x423689 6
4 path.c:31 0x4236a9 7
4 dynarray.c:112 0x423659 16
4 dynarray.c:113 0x4235c9 24
4 path.c:254 0x423629 24
2 path.c:128 0x423629 24
1 dynarray.c:84 0x423659 24
2 dynarray.c:95 0x4235c9 16
2 path.c:90 0x4236c9 6
4 path.c:31 0x4236c9 6
4 dynarray.c:112 0x4235c9 16
4 dynarray.c:113 0x423659 24
4 path.c:254 0x423629 24
2 path.c:128 0x423629 24
1 dynarray.c:84 0x4235c9 24
2 dynarray.c:95 0x423659 16
2 path.c:90 0x4236e9 6
1 path.c:143 0x4236c9 6
2 path.c:178 0x423709 24
1 dynarray.c:84 0x423599 24
2 dynarray.c:95 0x423739 16
2 path.c:191 0x423769 6
2 path.c:205 0x423789 6
3 path.c:223 0x423769 0x423769 6 6
1 bdtBad4.c:143 0x4237a9 32
2 path.c:178 0x4237e9 24
1 dynarray.c:84 0x4235f9 24
2 dynarray.c:95 0x423819 16
2 path.c:191 0x423849 6
2 path.c:205 0x423869 6
3 path.c:223 0x423849 0x423849 6 6
4 path.c:246 0x423769 6
4 path.c:31 0x423789 6
4 dynarray.c:112 0x423739 16
4 dynarray.c:113 0x423599 24
4 path.c:254 0x423709 24
4 path.c:246 0x4236c9 6
4 path.c:31 0x4236e9 6
4 dynarray.c:112 0x423659 16
4 dynarray.c:113 0x4235c9 24
4 path.c:254 0x423629 24
